[2025-11-24T14:32:26.567-0500] [INFO ] Socket 14: connection accepted from AF_UNIX
[2025-11-24T14:32:26.569-0500] [INFO ] sound_process_output_format:
[2025-11-24T14:32:26.569-0500] [INFO ]       wFormatNo       0
[2025-11-24T14:32:26.569-0500] [INFO ]       wFormatTag      WAVE_FORMAT_PCM
[2025-11-24T14:32:26.570-0500] [INFO ]       nChannels       2
[2025-11-24T14:32:26.570-0500] [INFO ]       nSamplesPerSec  44100
[2025-11-24T14:32:26.570-0500] [INFO ]       nAvgBytesPerSec 176400
[2025-11-24T14:32:26.570-0500] [INFO ]       nBlockAlign     4
[2025-11-24T14:32:26.570-0500] [INFO ]       wBitsPerSample  16
[2025-11-24T14:32:26.571-0500] [INFO ]       cbSize          0
[2025-11-24T14:32:26.571-0500] [INFO ] sound_process_output_format:
[2025-11-24T14:32:26.571-0500] [INFO ]       wFormatNo       1
[2025-11-24T14:32:26.571-0500] [INFO ]       wFormatTag      WAVE_FORMAT_PCM
[2025-11-24T14:32:26.571-0500] [INFO ]       nChannels       2
[2025-11-24T14:32:26.571-0500] [INFO ]       nSamplesPerSec  22050
[2025-11-24T14:32:26.572-0500] [INFO ]       nAvgBytesPerSec 88200
[2025-11-24T14:32:26.572-0500] [INFO ]       nBlockAlign     4
[2025-11-24T14:32:26.572-0500] [INFO ]       wBitsPerSample  16
[2025-11-24T14:32:26.572-0500] [INFO ]       cbSize          0
[2025-11-24T14:32:26.573-0500] [INFO ] sound_process_training: round trip time 1
[2025-11-24T14:41:06.461-0500] [ERROR] clipboard_event_selection_request: unknown target resource-transfer-format:1764013263071:189993695
[2025-11-24T14:41:06.467-0500] [ERROR] clipboard_event_selection_request: unknown target resource-transfer-format:1764013263071:189993695
[2025-11-24T14:47:42.453-0500] [ERROR] clipboard_event_selection_request: unknown target resource-transfer-format:1764013263071:189993695
[2025-11-24T14:47:42.454-0500] [ERROR] clipboard_event_selection_request: unknown target resource-transfer-format:1764013263071:189993695
[2025-11-24T14:47:46.282-0500] [ERROR] clipboard_event_selection_request: unknown target resource-transfer-format:1764013263071:189993695
[2025-11-24T14:47:46.283-0500] [ERROR] clipboard_event_selection_request: unknown target resource-transfer-format:1764013263071:189993695
[2025-11-24T14:47:46.412-0500] [ERROR] clipboard_event_selection_request: unknown target resource-transfer-format:1764013263071:189993695
[2025-11-24T14:47:46.413-0500] [ERROR] clipboard_event_selection_request: unknown target resource-transfer-format:1764013263071:189993695
[2025-11-24T14:47:55.874-0500] [ERROR] clipboard_event_selection_request: unknown target resource-transfer-format:1764013263071:189993695
[2025-11-24T14:48:05.776-0500] [INFO ] Socket 18: connection accepted from AF_UNIX
[2025-11-24T14:48:10.201-0500] [ERROR] clipboard_event_selection_request: unknown target rodin-element
[2025-11-24T14:48:10.254-0500] [ERROR] clipboard_event_selection_request: unknown target rodin-element
[2025-11-24T14:48:36.778-0500] [ERROR] clipboard_event_selection_request: unknown target rodin-element
[2025-11-24T14:48:44.337-0500] [ERROR] clipboard_event_selection_request: unknown target rodin-element
[2025-11-24T14:48:47.907-0500] [ERROR] clipboard_event_selection_request: unknown target rodin-element
[2025-11-24T14:48:53.839-0500] [ERROR] clipboard_event_selection_request: unknown target rodin-element
[2025-11-24T14:49:07.918-0500] [ERROR] clipboard_event_selection_request: unknown target rodin-element
[2025-11-24T14:49:09.417-0500] [ERROR] clipboard_event_selection_request: unknown target rodin-element
[2025-11-24T14:49:09.444-0500] [ERROR] clipboard_event_selection_request: unknown target rodin-element
[2025-11-24T14:49:13.141-0500] [ERROR] clipboard_event_selection_request: unknown target rodin-element
[2025-11-24T14:49:23.710-0500] [ERROR] clipboard_event_selection_request: unknown target rodin-element
[2025-11-24T14:49:27.102-0500] [ERROR] clipboard_event_selection_request: unknown target rodin-element
[2025-11-24T14:49:30.205-0500] [ERROR] clipboard_event_selection_request: unknown target rodin-element
[2025-11-24T14:49:37.374-0500] [ERROR] clipboard_event_selection_request: unknown target rodin-element
[2025-11-24T14:49:41.749-0500] [ERROR] clipboard_event_selection_request: unknown target rodin-element
[2025-11-24T14:49:41.755-0500] [ERROR] clipboard_event_selection_request: unknown target rodin-element
[2025-11-24T14:49:42.772-0500] [ERROR] clipboard_event_selection_request: unknown target rodin-element
[2025-11-24T14:49:42.915-0500] [ERROR] clipboard_event_selection_request: unknown target rodin-element
[2025-11-24T14:49:42.916-0500] [ERROR] clipboard_event_selection_request: unknown target rodin-element
[2025-11-24T14:49:42.918-0500] [ERROR] clipboard_event_selection_request: unknown target rodin-element
[2025-11-24T14:49:45.830-0500] [ERROR] clipboard_event_selection_request: unknown target rodin-element
[2025-11-24T14:49:54.596-0500] [ERROR] clipboard_event_selection_request: unknown target rodin-element
[2025-11-24T14:50:13.885-0500] [ERROR] clipboard_event_selection_request: unknown target rodin-element
[2025-11-24T14:52:35.797-0500] [ERROR] clipboard_event_selection_request: unknown target rodin-element
[2025-11-24T14:52:38.316-0500] [ERROR] clipboard_event_selection_request: unknown target rodin-element
[2025-11-24T14:52:38.339-0500] [ERROR] clipboard_event_selection_request: unknown target rodin-element
[2025-11-24T14:52:39.876-0500] [ERROR] clipboard_event_selection_request: unknown target rodin-element
[2025-11-24T14:52:45.184-0500] [ERROR] clipboard_event_selection_request: unknown target rodin-element
[2025-11-24T14:52:46.828-0500] [ERROR] clipboard_event_selection_request: unknown target rodin-element
[2025-11-24T14:52:46.849-0500] [ERROR] clipboard_event_selection_request: unknown target rodin-element
[2025-11-24T14:52:48.326-0500] [ERROR] clipboard_event_selection_request: unknown target rodin-element
[2025-11-24T14:52:50.477-0500] [ERROR] clipboard_event_selection_request: unknown target rodin-element
[2025-11-24T14:52:50.499-0500] [ERROR] clipboard_event_selection_request: unknown target rodin-element
[2025-11-24T14:52:53.329-0500] [ERROR] clipboard_event_selection_request: unknown target rodin-element
[2025-11-24T14:52:53.351-0500] [ERROR] clipboard_event_selection_request: unknown target rodin-element
[2025-11-24T14:52:54.501-0500] [ERROR] clipboard_event_selection_request: unknown target rodin-element
[2025-11-24T14:52:56.335-0500] [ERROR] clipboard_event_selection_request: unknown target rodin-element
[2025-11-24T14:52:56.356-0500] [ERROR] clipboard_event_selection_request: unknown target rodin-element
[2025-11-24T14:52:57.675-0500] [ERROR] clipboard_event_selection_request: unknown target rodin-element
[2025-11-24T14:53:37.224-0500] [ERROR] clipboard_event_selection_request: unknown target rodin-element
[2025-11-24T14:53:37.231-0500] [ERROR] clipboard_event_selection_request: unknown target rodin-element
[2025-11-24T14:53:37.256-0500] [ERROR] clipboard_event_selection_request: unknown target rodin-element
[2025-11-24T14:53:37.263-0500] [ERROR] clipboard_event_selection_request: unknown target rodin-element
[2025-11-24T14:54:41.805-0500] [ERROR] clipboard_event_selection_request: unknown target rodin-element
[2025-11-24T14:54:41.811-0500] [ERROR] clipboard_event_selection_request: unknown target rodin-element
[2025-11-24T14:54:41.906-0500] [ERROR] clipboard_event_selection_request: unknown target rodin-element
[2025-11-24T14:54:41.912-0500] [ERROR] clipboard_event_selection_request: unknown target rodin-element
[2025-11-24T14:54:53.521-0500] [ERROR] clipboard_event_selection_request: unknown target rodin-element
[2025-11-24T14:54:55.965-0500] [ERROR] clipboard_event_selection_request: unknown target rodin-element
[2025-11-24T14:55:17.654-0500] [ERROR] clipboard_event_selection_request: unknown target rodin-element
[2025-11-24T14:55:17.660-0500] [ERROR] clipboard_event_selection_request: unknown target rodin-element
[2025-11-24T14:55:17.781-0500] [ERROR] clipboard_event_selection_request: unknown target rodin-element
[2025-11-24T14:55:17.787-0500] [ERROR] clipboard_event_selection_request: unknown target rodin-element
[2025-11-24T14:55:39.782-0500] [ERROR] clipboard_event_selection_request: unknown target rodin-element
[2025-11-24T14:55:39.788-0500] [ERROR] clipboard_event_selection_request: unknown target rodin-element
[2025-11-24T14:55:39.789-0500] [ERROR] clipboard_event_selection_request: unknown target rodin-element
[2025-11-24T14:55:39.872-0500] [ERROR] clipboard_event_selection_request: unknown target rodin-element
[2025-11-24T14:55:39.878-0500] [ERROR] clipboard_event_selection_request: unknown target rodin-element
[2025-11-24T15:08:41.751-0500] [INFO ] Socket 16: connection accepted from AF_UNIX
[2025-11-24T15:08:41.752-0500] [INFO ] sound_process_output_format:
[2025-11-24T15:08:41.752-0500] [INFO ]       wFormatNo       0
[2025-11-24T15:08:41.753-0500] [INFO ]       wFormatTag      WAVE_FORMAT_PCM
[2025-11-24T15:08:41.753-0500] [INFO ]       nChannels       2
[2025-11-24T15:08:41.753-0500] [INFO ]       nSamplesPerSec  44100
[2025-11-24T15:08:41.753-0500] [INFO ]       nAvgBytesPerSec 176400
[2025-11-24T15:08:41.754-0500] [INFO ]       nBlockAlign     4
[2025-11-24T15:08:41.754-0500] [INFO ]       wBitsPerSample  16
[2025-11-24T15:08:41.754-0500] [INFO ]       cbSize          0
[2025-11-24T15:08:41.754-0500] [INFO ] sound_process_output_format:
[2025-11-24T15:08:41.754-0500] [INFO ]       wFormatNo       1
[2025-11-24T15:08:41.755-0500] [INFO ]       wFormatTag      WAVE_FORMAT_PCM
[2025-11-24T15:08:41.755-0500] [INFO ]       nChannels       2
[2025-11-24T15:08:41.755-0500] [INFO ]       nSamplesPerSec  22050
[2025-11-24T15:08:41.755-0500] [INFO ]       nAvgBytesPerSec 88200
[2025-11-24T15:08:41.755-0500] [INFO ]       nBlockAlign     4
[2025-11-24T15:08:41.756-0500] [INFO ]       wBitsPerSample  16
[2025-11-24T15:08:41.756-0500] [INFO ]       cbSize          0
[2025-11-24T15:08:41.760-0500] [INFO ] sound_process_training: round trip time 4
[2025-11-24T15:11:22.509-0500] [ERROR] clipboard_event_selection_request: unknown target rodin-element
[2025-11-24T15:11:22.630-0500] [ERROR] clipboard_event_selection_request: unknown target rodin-element
[2025-11-24T15:11:22.650-0500] [ERROR] clipboard_event_selection_request: unknown target rodin-element
[2025-11-24T15:11:31.396-0500] [ERROR] clipboard_event_selection_request: unknown target rodin-element
[2025-11-24T15:11:31.402-0500] [ERROR] clipboard_event_selection_request: unknown target rodin-element
[2025-11-24T15:11:31.405-0500] [ERROR] clipboard_event_selection_request: unknown target resource-transfer-format:1764013263071:189993695
[2025-11-24T15:11:31.407-0500] [ERROR] clipboard_event_selection_request: unknown target resource-transfer-format:1764013263071:189993695
[2025-11-24T15:11:31.412-0500] [ERROR] clipboard_event_selection_request: unknown target resource-transfer-format:1764013263071:189993695
[2025-11-24T15:11:31.414-0500] [ERROR] clipboard_event_selection_request: unknown target resource-transfer-format:1764013263071:189993695
[2025-11-24T15:11:32.375-0500] [ERROR] clipboard_event_selection_request: unknown target resource-transfer-format:1764013263071:189993695
[2025-11-24T15:11:32.390-0500] [ERROR] clipboard_event_selection_request: unknown target rodin-element
[2025-11-24T15:11:34.231-0500] [ERROR] clipboard_event_selection_request: unknown target rodin-element
[2025-11-24T15:11:34.236-0500] [ERROR] clipboard_event_selection_request: unknown target rodin-element
[2025-11-24T15:11:34.237-0500] [ERROR] clipboard_event_selection_request: unknown target rodin-element
[2025-11-24T15:11:34.237-0500] [ERROR] clipboard_event_selection_request: unknown target rodin-element
[2025-11-24T15:11:34.239-0500] [ERROR] clipboard_event_selection_request: unknown target rodin-element
[2025-11-24T15:11:34.240-0500] [ERROR] clipboard_event_selection_request: unknown target rodin-element
[2025-11-24T15:11:34.374-0500] [ERROR] clipboard_event_selection_request: unknown target rodin-element
[2025-11-24T15:11:34.375-0500] [ERROR] clipboard_event_selection_request: unknown target rodin-element
[2025-11-24T15:11:34.376-0500] [ERROR] clipboard_event_selection_request: unknown target rodin-element
[2025-11-24T15:11:34.376-0500] [ERROR] clipboard_event_selection_request: unknown target rodin-element
[2025-11-24T15:11:34.378-0500] [ERROR] clipboard_event_selection_request: unknown target rodin-element
[2025-11-24T15:11:34.379-0500] [ERROR] clipboard_event_selection_request: unknown target rodin-element
[2025-11-24T15:11:38.691-0500] [ERROR] clipboard_event_selection_request: unknown target rodin-element
[2025-11-24T15:11:38.692-0500] [ERROR] clipboard_event_selection_request: unknown target rodin-element
[2025-11-24T15:11:38.693-0500] [ERROR] clipboard_event_selection_request: unknown target rodin-element
[2025-11-24T15:11:38.703-0500] [ERROR] clipboard_event_selection_request: unknown target rodin-element
[2025-11-24T15:11:38.706-0500] [ERROR] clipboard_event_selection_request: unknown target rodin-element
[2025-11-24T15:11:38.708-0500] [ERROR] clipboard_event_selection_request: unknown target rodin-element
[2025-11-24T15:11:52.425-0500] [ERROR] clipboard_event_selection_request: unknown target rodin-element
[2025-11-24T15:11:52.430-0500] [ERROR] clipboard_event_selection_request: unknown target rodin-element
[2025-11-24T15:11:52.432-0500] [ERROR] clipboard_event_selection_request: unknown target rodin-element
[2025-11-24T15:11:52.432-0500] [ERROR] clipboard_event_selection_request: unknown target rodin-element
[2025-11-24T15:11:52.433-0500] [ERROR] clipboard_event_selection_request: unknown target rodin-element
[2025-11-24T15:11:52.450-0500] [ERROR] clipboard_event_selection_request: unknown target rodin-element
[2025-11-24T15:11:52.452-0500] [ERROR] clipboard_event_selection_request: unknown target rodin-element
[2025-11-24T15:12:00.134-0500] [ERROR] clipboard_event_selection_request: unknown target resource-transfer-format:1764013263071:189993695
[2025-11-24T15:12:00.147-0500] [ERROR] clipboard_event_selection_request: unknown target rodin-element
[2025-11-24T15:12:03.554-0500] [ERROR] clipboard_event_selection_request: unknown target rodin-element
[2025-11-24T15:12:03.560-0500] [ERROR] clipboard_event_selection_request: unknown target rodin-element
[2025-11-24T15:12:03.561-0500] [ERROR] clipboard_event_selection_request: unknown target rodin-element
[2025-11-24T15:12:03.562-0500] [ERROR] clipboard_event_selection_request: unknown target rodin-element
[2025-11-24T15:12:03.564-0500] [ERROR] clipboard_event_selection_request: unknown target rodin-element
[2025-11-24T15:12:03.565-0500] [ERROR] clipboard_event_selection_request: unknown target rodin-element
[2025-11-24T15:12:03.617-0500] [ERROR] clipboard_event_selection_request: unknown target rodin-element
[2025-11-24T15:12:03.618-0500] [ERROR] clipboard_event_selection_request: unknown target rodin-element
[2025-11-24T15:12:03.619-0500] [ERROR] clipboard_event_selection_request: unknown target rodin-element
[2025-11-24T15:12:03.620-0500] [ERROR] clipboard_event_selection_request: unknown target rodin-element
[2025-11-24T15:12:03.653-0500] [ERROR] clipboard_event_selection_request: unknown target rodin-element
[2025-11-24T15:12:03.654-0500] [ERROR] clipboard_event_selection_request: unknown target rodin-element
[2025-11-24T15:12:26.129-0500] [ERROR] clipboard_event_selection_request: unknown target rodin-element
[2025-11-24T15:12:26.132-0500] [ERROR] clipboard_event_selection_request: unknown target rodin-element
[2025-11-24T15:12:26.135-0500] [ERROR] clipboard_event_selection_request: unknown target rodin-element
[2025-11-24T15:12:26.136-0500] [ERROR] clipboard_event_selection_request: unknown target rodin-element
[2025-11-24T15:12:26.138-0500] [ERROR] clipboard_event_selection_request: unknown target rodin-element
[2025-11-24T15:12:26.139-0500] [ERROR] clipboard_event_selection_request: unknown target rodin-element
[2025-11-24T15:12:46.704-0500] [ERROR] clipboard_event_selection_request: unknown target rodin-element
[2025-11-24T15:12:46.706-0500] [ERROR] clipboard_event_selection_request: unknown target rodin-element
[2025-11-24T15:12:46.707-0500] [ERROR] clipboard_event_selection_request: unknown target rodin-element
[2025-11-24T15:12:46.707-0500] [ERROR] clipboard_event_selection_request: unknown target rodin-element
[2025-11-24T15:12:46.708-0500] [ERROR] clipboard_event_selection_request: unknown target rodin-element
[2025-11-24T15:12:46.721-0500] [ERROR] clipboard_event_selection_request: unknown target rodin-element
[2025-11-24T15:12:46.723-0500] [ERROR] clipboard_event_selection_request: unknown target rodin-element
[2025-11-24T15:19:03.135-0500] [INFO ] Socket 16: connection accepted from AF_UNIX
[2025-11-24T15:19:03.136-0500] [INFO ] sound_process_output_format:
[2025-11-24T15:19:03.137-0500] [INFO ]       wFormatNo       0
[2025-11-24T15:19:03.137-0500] [INFO ]       wFormatTag      WAVE_FORMAT_PCM
[2025-11-24T15:19:03.137-0500] [INFO ]       nChannels       2
[2025-11-24T15:19:03.137-0500] [INFO ]       nSamplesPerSec  44100
[2025-11-24T15:19:03.137-0500] [INFO ]       nAvgBytesPerSec 176400
[2025-11-24T15:19:03.138-0500] [INFO ]       nBlockAlign     4
[2025-11-24T15:19:03.138-0500] [INFO ]       wBitsPerSample  16
[2025-11-24T15:19:03.138-0500] [INFO ]       cbSize          0
[2025-11-24T15:19:03.138-0500] [INFO ] sound_process_output_format:
[2025-11-24T15:19:03.138-0500] [INFO ]       wFormatNo       1
[2025-11-24T15:19:03.139-0500] [INFO ]       wFormatTag      WAVE_FORMAT_PCM
[2025-11-24T15:19:03.139-0500] [INFO ]       nChannels       2
[2025-11-24T15:19:03.139-0500] [INFO ]       nSamplesPerSec  22050
[2025-11-24T15:19:03.139-0500] [INFO ]       nAvgBytesPerSec 88200
[2025-11-24T15:19:03.139-0500] [INFO ]       nBlockAlign     4
[2025-11-24T15:19:03.140-0500] [INFO ]       wBitsPerSample  16
[2025-11-24T15:19:03.140-0500] [INFO ]       cbSize          0
[2025-11-24T15:19:03.147-0500] [INFO ] sound_process_training: round trip time 7
