[2025-11-27T11:52:43.302-0500] [INFO ] Socket 14: connection accepted from AF_UNIX
[2025-11-27T11:52:43.303-0500] [INFO ] sound_process_output_format:
[2025-11-27T11:52:43.304-0500] [INFO ]       wFormatNo       0
[2025-11-27T11:52:43.304-0500] [INFO ]       wFormatTag      WAVE_FORMAT_PCM
[2025-11-27T11:52:43.304-0500] [INFO ]       nChannels       2
[2025-11-27T11:52:43.304-0500] [INFO ]       nSamplesPerSec  44100
[2025-11-27T11:52:43.304-0500] [INFO ]       nAvgBytesPerSec 176400
[2025-11-27T11:52:43.305-0500] [INFO ]       nBlockAlign     4
[2025-11-27T11:52:43.305-0500] [INFO ]       wBitsPerSample  16
[2025-11-27T11:52:43.306-0500] [INFO ]       cbSize          0
[2025-11-27T11:52:43.306-0500] [INFO ] sound_process_output_format:
[2025-11-27T11:52:43.306-0500] [INFO ]       wFormatNo       1
[2025-11-27T11:52:43.306-0500] [INFO ]       wFormatTag      WAVE_FORMAT_PCM
[2025-11-27T11:52:43.306-0500] [INFO ]       nChannels       2
[2025-11-27T11:52:43.307-0500] [INFO ]       nSamplesPerSec  22050
[2025-11-27T11:52:43.307-0500] [INFO ]       nAvgBytesPerSec 88200
[2025-11-27T11:52:43.307-0500] [INFO ]       nBlockAlign     4
[2025-11-27T11:52:43.307-0500] [INFO ]       wBitsPerSample  16
[2025-11-27T11:52:43.308-0500] [INFO ]       cbSize          0
[2025-11-27T11:52:43.310-0500] [INFO ] sound_process_training: round trip time 2
[2025-11-27T11:52:45.452-0500] [INFO ] Socket 16: connection accepted from AF_UNIX
[2025-11-27T11:52:45.468-0500] [INFO ] sound_process_output_format:
[2025-11-27T11:52:45.469-0500] [INFO ]       wFormatNo       0
[2025-11-27T11:52:45.469-0500] [INFO ]       wFormatTag      WAVE_FORMAT_PCM
[2025-11-27T11:52:45.471-0500] [INFO ]       nChannels       2
[2025-11-27T11:52:45.471-0500] [INFO ]       nSamplesPerSec  44100
[2025-11-27T11:52:45.471-0500] [INFO ]       nAvgBytesPerSec 176400
[2025-11-27T11:52:45.471-0500] [INFO ]       nBlockAlign     4
[2025-11-27T11:52:45.471-0500] [INFO ]       wBitsPerSample  16
[2025-11-27T11:52:45.472-0500] [INFO ]       cbSize          0
[2025-11-27T11:52:45.472-0500] [INFO ] sound_process_output_format:
[2025-11-27T11:52:45.472-0500] [INFO ]       wFormatNo       1
[2025-11-27T11:52:45.472-0500] [INFO ]       wFormatTag      WAVE_FORMAT_PCM
[2025-11-27T11:52:45.473-0500] [INFO ]       nChannels       2
[2025-11-27T11:52:45.473-0500] [INFO ]       nSamplesPerSec  22050
[2025-11-27T11:52:45.474-0500] [INFO ]       nAvgBytesPerSec 88200
[2025-11-27T11:52:45.474-0500] [INFO ]       nBlockAlign     4
[2025-11-27T11:52:45.474-0500] [INFO ]       wBitsPerSample  16
[2025-11-27T11:52:45.474-0500] [INFO ]       cbSize          0
[2025-11-27T11:52:45.485-0500] [INFO ] sound_process_training: round trip time 11
[2025-11-27T11:52:47.219-0500] [INFO ] Socket 16: connection accepted from AF_UNIX
[2025-11-27T11:52:47.220-0500] [INFO ] sound_process_output_format:
[2025-11-27T11:52:47.220-0500] [INFO ]       wFormatNo       0
[2025-11-27T11:52:47.220-0500] [INFO ]       wFormatTag      WAVE_FORMAT_PCM
[2025-11-27T11:52:47.220-0500] [INFO ]       nChannels       2
[2025-11-27T11:52:47.221-0500] [INFO ]       nSamplesPerSec  44100
[2025-11-27T11:52:47.221-0500] [INFO ]       nAvgBytesPerSec 176400
[2025-11-27T11:52:47.221-0500] [INFO ]       nBlockAlign     4
[2025-11-27T11:52:47.222-0500] [INFO ]       wBitsPerSample  16
[2025-11-27T11:52:47.222-0500] [INFO ]       cbSize          0
[2025-11-27T11:52:47.222-0500] [INFO ] sound_process_output_format:
[2025-11-27T11:52:47.222-0500] [INFO ]       wFormatNo       1
[2025-11-27T11:52:47.222-0500] [INFO ]       wFormatTag      WAVE_FORMAT_PCM
[2025-11-27T11:52:47.223-0500] [INFO ]       nChannels       2
[2025-11-27T11:52:47.223-0500] [INFO ]       nSamplesPerSec  22050
[2025-11-27T11:52:47.223-0500] [INFO ]       nAvgBytesPerSec 88200
[2025-11-27T11:52:47.223-0500] [INFO ]       nBlockAlign     4
[2025-11-27T11:52:47.223-0500] [INFO ]       wBitsPerSample  16
[2025-11-27T11:52:47.224-0500] [INFO ]       cbSize          0
[2025-11-27T11:52:47.227-0500] [INFO ] sound_process_training: round trip time 3
[2025-11-27T11:56:58.159-0500] [ERROR] clipboard_event_selection_request: unknown target text/plain;charset=utf-8
[2025-11-27T11:56:58.161-0500] [ERROR] clipboard_event_selection_request: unknown target text/plain;charset=utf-8
[2025-11-27T11:56:58.175-0500] [ERROR] clipboard_event_selection_request: unknown target COMPOUND_TEXT
[2025-11-27T11:56:58.256-0500] [ERROR] clipboard_event_selection_request: unknown target text/plain;charset=utf-8
[2025-11-27T11:56:58.267-0500] [ERROR] clipboard_event_selection_request: unknown target COMPOUND_TEXT
[2025-11-27T11:56:58.409-0500] [ERROR] clipboard_event_selection_request: unknown target text/plain;charset=utf-8
[2025-11-27T11:56:58.410-0500] [ERROR] clipboard_event_selection_request: unknown target text/plain;charset=utf-8
[2025-11-27T11:56:58.410-0500] [ERROR] clipboard_event_selection_request: unknown target text/plain;charset=utf-8
[2025-11-27T11:56:58.413-0500] [ERROR] clipboard_event_selection_request: unknown target text/plain;charset=utf-8
[2025-11-27T11:56:58.414-0500] [ERROR] clipboard_event_selection_request: unknown target COMPOUND_TEXT
[2025-11-27T11:56:58.414-0500] [ERROR] clipboard_event_selection_request: unknown target COMPOUND_TEXT
[2025-11-27T11:56:59.483-0500] [ERROR] clipboard_event_selection_request: unknown target text/plain;charset=utf-8
[2025-11-27T11:56:59.485-0500] [ERROR] clipboard_event_selection_request: unknown target COMPOUND_TEXT
[2025-11-27T11:56:59.610-0500] [ERROR] clipboard_event_selection_request: unknown target text/plain;charset=utf-8
[2025-11-27T11:56:59.613-0500] [ERROR] clipboard_event_selection_request: unknown target text/plain;charset=utf-8
[2025-11-27T11:56:59.618-0500] [ERROR] clipboard_event_selection_request: unknown target COMPOUND_TEXT
[2025-11-27T11:56:59.703-0500] [ERROR] clipboard_event_selection_request: unknown target text/plain;charset=utf-8
[2025-11-27T11:56:59.704-0500] [ERROR] clipboard_event_selection_request: unknown target COMPOUND_TEXT
[2025-11-27T11:56:59.720-0500] [ERROR] clipboard_event_selection_request: unknown target text/plain;charset=utf-8
[2025-11-27T11:56:59.720-0500] [ERROR] clipboard_event_selection_request: unknown target text/plain;charset=utf-8
[2025-11-27T11:56:59.721-0500] [ERROR] clipboard_event_selection_request: unknown target text/plain;charset=utf-8
[2025-11-27T11:56:59.723-0500] [ERROR] clipboard_event_selection_request: unknown target COMPOUND_TEXT
[2025-11-27T11:56:59.725-0500] [ERROR] clipboard_event_selection_request: unknown target COMPOUND_TEXT
[2025-11-27T11:56:59.825-0500] [ERROR] clipboard_event_selection_request: unknown target text/plain;charset=utf-8
[2025-11-27T11:56:59.829-0500] [ERROR] clipboard_event_selection_request: unknown target COMPOUND_TEXT
[2025-11-27T11:57:01.784-0500] [ERROR] clipboard_event_selection_request: unknown target text/plain;charset=utf-8
[2025-11-27T11:57:01.785-0500] [ERROR] clipboard_event_selection_request: unknown target COMPOUND_TEXT
[2025-11-27T11:57:13.642-0500] [ERROR] clipboard_event_selection_request: unknown target text/plain;charset=utf-8
[2025-11-27T11:57:13.643-0500] [ERROR] clipboard_event_selection_request: unknown target text/plain;charset=utf-8
[2025-11-27T11:57:13.644-0500] [ERROR] clipboard_event_selection_request: unknown target COMPOUND_TEXT
[2025-11-27T11:57:13.644-0500] [ERROR] clipboard_event_selection_request: unknown target COMPOUND_TEXT
[2025-11-27T11:57:13.747-0500] [ERROR] clipboard_event_selection_request: unknown target text/plain;charset=utf-8
[2025-11-27T11:57:13.747-0500] [ERROR] clipboard_event_selection_request: unknown target COMPOUND_TEXT
[2025-11-27T11:57:27.459-0500] [ERROR] clipboard_event_selection_request: unknown target text/plain;charset=utf-8
[2025-11-27T11:57:27.461-0500] [ERROR] clipboard_event_selection_request: unknown target text/plain;charset=utf-8
[2025-11-27T11:57:27.501-0500] [ERROR] clipboard_event_selection_request: unknown target text/plain;charset=utf-8
[2025-11-27T11:57:27.654-0500] [ERROR] clipboard_event_selection_request: unknown target text/plain;charset=utf-8
[2025-11-27T11:57:27.655-0500] [ERROR] clipboard_event_selection_request: unknown target text/plain;charset=utf-8
[2025-11-27T11:57:27.655-0500] [ERROR] clipboard_event_selection_request: unknown target text/plain;charset=utf-8
[2025-11-27T11:57:27.659-0500] [ERROR] clipboard_event_selection_request: unknown target COMPOUND_TEXT
[2025-11-27T11:57:27.659-0500] [ERROR] clipboard_event_selection_request: unknown target text/plain;charset=utf-8
[2025-11-27T11:57:27.685-0500] [ERROR] clipboard_event_selection_request: unknown target COMPOUND_TEXT
[2025-11-27T11:57:29.265-0500] [ERROR] clipboard_event_selection_request: unknown target text/plain;charset=utf-8
[2025-11-27T11:57:29.273-0500] [ERROR] clipboard_event_selection_request: unknown target COMPOUND_TEXT
[2025-11-27T11:57:29.184-0500] [ERROR] clipboard_event_selection_request: unknown target COMPOUND_TEXT
[2025-11-27T11:57:29.254-0500] [ERROR] clipboard_event_selection_request: unknown target text/plain;charset=utf-8
[2025-11-27T11:57:29.256-0500] [ERROR] clipboard_event_selection_request: unknown target text/plain;charset=utf-8
[2025-11-27T11:57:29.261-0500] [ERROR] clipboard_event_selection_request: unknown target COMPOUND_TEXT
[2025-11-27T11:57:29.346-0500] [ERROR] clipboard_event_selection_request: unknown target text/plain;charset=utf-8
[2025-11-27T11:57:29.348-0500] [ERROR] clipboard_event_selection_request: unknown target COMPOUND_TEXT
[2025-11-27T11:57:29.361-0500] [ERROR] clipboard_event_selection_request: unknown target text/plain;charset=utf-8
[2025-11-27T11:57:29.362-0500] [ERROR] clipboard_event_selection_request: unknown target text/plain;charset=utf-8
[2025-11-27T11:57:29.362-0500] [ERROR] clipboard_event_selection_request: unknown target text/plain;charset=utf-8
[2025-11-27T11:57:29.364-0500] [ERROR] clipboard_event_selection_request: unknown target COMPOUND_TEXT
[2025-11-27T11:57:29.364-0500] [ERROR] clipboard_event_selection_request: unknown target COMPOUND_TEXT
[2025-11-27T11:57:29.463-0500] [ERROR] clipboard_event_selection_request: unknown target COMPOUND_TEXT
[2025-11-27T11:57:29.467-0500] [ERROR] clipboard_event_selection_request: unknown target COMPOUND_TEXT
[2025-11-27T11:57:29.467-0500] [ERROR] clipboard_event_selection_request: unknown target text/plain;charset=utf-8
[2025-11-27T11:57:29.468-0500] [ERROR] clipboard_event_selection_request: unknown target COMPOUND_TEXT
[2025-11-27T11:57:30.672-0500] [ERROR] clipboard_event_selection_request: unknown target COMPOUND_TEXT
[2025-11-27T11:57:30.747-0500] [ERROR] clipboard_event_selection_request: unknown target COMPOUND_TEXT
[2025-11-27T11:57:41.157-0500] [ERROR] clipboard_event_selection_request: unknown target text/plain;charset=utf-8
[2025-11-27T11:57:41.158-0500] [ERROR] clipboard_event_selection_request: unknown target COMPOUND_TEXT
[2025-11-27T11:57:41.282-0500] [ERROR] clipboard_event_selection_request: unknown target text/plain;charset=utf-8
[2025-11-27T11:57:41.284-0500] [ERROR] clipboard_event_selection_request: unknown target text/plain;charset=utf-8
[2025-11-27T11:57:41.284-0500] [ERROR] clipboard_event_selection_request: unknown target COMPOUND_TEXT
[2025-11-27T11:57:41.375-0500] [ERROR] clipboard_event_selection_request: unknown target text/plain;charset=utf-8
[2025-11-27T11:57:41.376-0500] [ERROR] clipboard_event_selection_request: unknown target COMPOUND_TEXT
[2025-11-27T11:57:41.395-0500] [ERROR] clipboard_event_selection_request: unknown target text/plain;charset=utf-8
[2025-11-27T11:57:41.396-0500] [ERROR] clipboard_event_selection_request: unknown target text/plain;charset=utf-8
[2025-11-27T11:57:41.396-0500] [ERROR] clipboard_event_selection_request: unknown target text/plain;charset=utf-8
[2025-11-27T11:57:41.398-0500] [ERROR] clipboard_event_selection_request: unknown target COMPOUND_TEXT
[2025-11-27T11:57:41.398-0500] [ERROR] clipboard_event_selection_request: unknown target COMPOUND_TEXT
[2025-11-27T11:57:41.398-0500] [ERROR] clipboard_event_selection_request: unknown target COMPOUND_TEXT
[2025-11-27T11:57:41.500-0500] [ERROR] clipboard_event_selection_request: unknown target text/plain;charset=utf-8
[2025-11-27T11:57:41.501-0500] [ERROR] clipboard_event_selection_request: unknown target COMPOUND_TEXT
[2025-11-27T12:02:03.769-0500] [ERROR] clipboard_event_selection_request: unknown target text/plain;charset=utf-8
[2025-11-27T12:02:03.771-0500] [ERROR] clipboard_event_selection_request: unknown target text/plain;charset=utf-8
[2025-11-27T12:02:03.858-0500] [ERROR] clipboard_event_selection_request: unknown target text/plain;charset=utf-8
[2025-11-27T12:02:03.955-0500] [ERROR] clipboard_event_selection_request: unknown target text/plain;charset=utf-8
[2025-11-27T12:02:03.956-0500] [ERROR] clipboard_event_selection_request: unknown target text/plain;charset=utf-8
[2025-11-27T12:02:03.956-0500] [ERROR] clipboard_event_selection_request: unknown target text/plain;charset=utf-8
[2025-11-27T12:02:03.964-0500] [ERROR] clipboard_event_selection_request: unknown target text/plain;charset=utf-8
[2025-11-27T12:02:14.921-0500] [ERROR] clipboard_event_selection_request: unknown target text/plain;charset=utf-8
[2025-11-27T12:02:14.922-0500] [ERROR] clipboard_event_selection_request: unknown target text/plain;charset=utf-8
[2025-11-27T12:02:16.279-0500] [ERROR] clipboard_event_selection_request: unknown target text/plain;charset=utf-8
[2025-11-27T12:02:16.283-0500] [ERROR] clipboard_event_selection_request: unknown target text/plain;charset=utf-8
[2025-11-27T12:02:17.366-0500] [ERROR] clipboard_event_selection_request: unknown target text/plain;charset=utf-8
[2025-11-27T12:02:18.285-0500] [ERROR] clipboard_event_selection_request: unknown target text/plain;charset=utf-8
[2025-11-27T12:02:18.302-0500] [ERROR] clipboard_event_selection_request: unknown target text/plain;charset=utf-8
[2025-11-27T12:02:18.170-0500] [ERROR] clipboard_event_selection_request: unknown target text/plain;charset=utf-8
[2025-11-27T12:02:18.279-0500] [ERROR] clipboard_event_selection_request: unknown target text/plain;charset=utf-8
[2025-11-27T12:02:18.280-0500] [ERROR] clipboard_event_selection_request: unknown target text/plain;charset=utf-8
[2025-11-27T12:02:18.387-0500] [ERROR] clipboard_event_selection_request: unknown target text/plain;charset=utf-8
[2025-11-27T12:02:19.396-0500] [ERROR] clipboard_event_selection_request: unknown target text/plain;charset=utf-8
[2025-11-27T12:02:20.362-0500] [ERROR] clipboard_event_selection_request: unknown target text/plain;charset=utf-8
[2025-11-27T12:02:20.471-0500] [ERROR] clipboard_event_selection_request: unknown target text/plain;charset=utf-8
[2025-11-27T12:02:20.471-0500] [ERROR] clipboard_event_selection_request: unknown target text/plain;charset=utf-8
[2025-11-27T12:02:20.579-0500] [ERROR] clipboard_event_selection_request: unknown target text/plain;charset=utf-8
[2025-11-27T12:02:21.217-0500] [ERROR] clipboard_event_selection_request: unknown target text/plain;charset=utf-8
[2025-11-27T12:02:22.472-0500] [ERROR] clipboard_event_selection_request: unknown target text/plain;charset=utf-8
[2025-11-27T12:02:22.156-0500] [ERROR] clipboard_event_selection_request: unknown target text/plain;charset=utf-8
[2025-11-27T12:02:22.157-0500] [ERROR] clipboard_event_selection_request: unknown target text/plain;charset=utf-8
[2025-11-27T12:02:22.264-0500] [ERROR] clipboard_event_selection_request: unknown target text/plain;charset=utf-8
[2025-11-27T12:02:34.796-0500] [ERROR] clipboard_event_selection_request: unknown target COMPOUND_TEXT
[2025-11-27T12:02:34.973-0500] [ERROR] clipboard_event_selection_request: unknown target COMPOUND_TEXT
[2025-11-27T12:02:34.974-0500] [ERROR] clipboard_event_selection_request: unknown target COMPOUND_TEXT
[2025-11-27T12:10:35.457-0500] [ERROR] clipboard_event_selection_request: unknown target text/plain;charset=utf-8
