[2025-09-29T14:29:52.203-0400] [INFO ] Socket 14: connection accepted from AF_UNIX
[2025-09-29T14:29:52.206-0400] [INFO ] sound_process_output_format:
[2025-09-29T14:29:52.206-0400] [INFO ]       wFormatNo       0
[2025-09-29T14:29:52.206-0400] [INFO ]       wFormatTag      WAVE_FORMAT_PCM
[2025-09-29T14:29:52.206-0400] [INFO ]       nChannels       2
[2025-09-29T14:29:52.207-0400] [INFO ]       nSamplesPerSec  44100
[2025-09-29T14:29:52.207-0400] [INFO ]       nAvgBytesPerSec 176400
[2025-09-29T14:29:52.207-0400] [INFO ]       nBlockAlign     4
[2025-09-29T14:29:52.207-0400] [INFO ]       wBitsPerSample  16
[2025-09-29T14:29:52.207-0400] [INFO ]       cbSize          0
[2025-09-29T14:29:52.208-0400] [INFO ] sound_process_output_format:
[2025-09-29T14:29:52.208-0400] [INFO ]       wFormatNo       1
[2025-09-29T14:29:52.208-0400] [INFO ]       wFormatTag      WAVE_FORMAT_PCM
[2025-09-29T14:29:52.208-0400] [INFO ]       nChannels       2
[2025-09-29T14:29:52.208-0400] [INFO ]       nSamplesPerSec  22050
[2025-09-29T14:29:52.209-0400] [INFO ]       nAvgBytesPerSec 88200
[2025-09-29T14:29:52.209-0400] [INFO ]       nBlockAlign     4
[2025-09-29T14:29:52.209-0400] [INFO ]       wBitsPerSample  16
[2025-09-29T14:29:52.209-0400] [INFO ]       cbSize          0
[2025-09-29T14:29:52.222-0400] [INFO ] sound_process_training: round trip time 13
[2025-09-29T14:30:04.119-0400] [INFO ] Socket 16: connection accepted from AF_UNIX
[2025-09-29T14:30:04.120-0400] [INFO ] sound_process_output_format:
[2025-09-29T14:30:04.120-0400] [INFO ]       wFormatNo       0
[2025-09-29T14:30:04.120-0400] [INFO ]       wFormatTag      WAVE_FORMAT_PCM
[2025-09-29T14:30:04.121-0400] [INFO ]       nChannels       2
[2025-09-29T14:30:04.121-0400] [INFO ]       nSamplesPerSec  44100
[2025-09-29T14:30:04.121-0400] [INFO ]       nAvgBytesPerSec 176400
[2025-09-29T14:30:04.121-0400] [INFO ]       nBlockAlign     4
[2025-09-29T14:30:04.121-0400] [INFO ]       wBitsPerSample  16
[2025-09-29T14:30:04.122-0400] [INFO ]       cbSize          0
[2025-09-29T14:30:04.122-0400] [INFO ] sound_process_output_format:
[2025-09-29T14:30:04.122-0400] [INFO ]       wFormatNo       1
[2025-09-29T14:30:04.122-0400] [INFO ]       wFormatTag      WAVE_FORMAT_PCM
[2025-09-29T14:30:04.122-0400] [INFO ]       nChannels       2
[2025-09-29T14:30:04.123-0400] [INFO ]       nSamplesPerSec  22050
[2025-09-29T14:30:04.123-0400] [INFO ]       nAvgBytesPerSec 88200
[2025-09-29T14:30:04.123-0400] [INFO ]       nBlockAlign     4
[2025-09-29T14:30:04.124-0400] [INFO ]       wBitsPerSample  16
[2025-09-29T14:30:04.124-0400] [INFO ]       cbSize          0
[2025-09-29T14:30:04.132-0400] [INFO ] sound_process_training: round trip time 8
[2025-09-29T14:30:05.734-0400] [INFO ] Socket 16: connection accepted from AF_UNIX
[2025-09-29T14:30:05.735-0400] [INFO ] sound_process_output_format:
[2025-09-29T14:30:05.736-0400] [INFO ]       wFormatNo       0
[2025-09-29T14:30:05.736-0400] [INFO ]       wFormatTag      WAVE_FORMAT_PCM
[2025-09-29T14:30:05.736-0400] [INFO ]       nChannels       2
[2025-09-29T14:30:05.736-0400] [INFO ]       nSamplesPerSec  44100
[2025-09-29T14:30:05.737-0400] [INFO ]       nAvgBytesPerSec 176400
[2025-09-29T14:30:05.737-0400] [INFO ]       nBlockAlign     4
[2025-09-29T14:30:05.737-0400] [INFO ]       wBitsPerSample  16
[2025-09-29T14:30:05.737-0400] [INFO ]       cbSize          0
[2025-09-29T14:30:05.737-0400] [INFO ] sound_process_output_format:
[2025-09-29T14:30:05.737-0400] [INFO ]       wFormatNo       1
[2025-09-29T14:30:05.738-0400] [INFO ]       wFormatTag      WAVE_FORMAT_PCM
[2025-09-29T14:30:05.738-0400] [INFO ]       nChannels       2
[2025-09-29T14:30:05.738-0400] [INFO ]       nSamplesPerSec  22050
[2025-09-29T14:30:05.738-0400] [INFO ]       nAvgBytesPerSec 88200
[2025-09-29T14:30:05.739-0400] [INFO ]       nBlockAlign     4
[2025-09-29T14:30:05.739-0400] [INFO ]       wBitsPerSample  16
[2025-09-29T14:30:05.739-0400] [INFO ]       cbSize          0
[2025-09-29T14:30:05.741-0400] [INFO ] sound_process_training: round trip time 2
[2025-09-29T14:30:32.485-0400] [ERROR] clipboard_event_selection_request: unknown target resource-transfer-format:1759170630699:2016512706
[2025-09-29T14:30:32.487-0400] [ERROR] clipboard_event_selection_request: unknown target resource-transfer-format:1759170630699:2016512706
[2025-09-29T14:32:06.379-0400] [ERROR] clipboard_event_selection_request: unknown target rodin-element
[2025-09-29T14:32:08.231-0400] [ERROR] clipboard_event_selection_request: unknown target rodin-element
[2025-09-29T14:32:08.253-0400] [ERROR] clipboard_event_selection_request: unknown target rodin-element
[2025-09-29T14:32:35.459-0400] [ERROR] clipboard_event_selection_request: unknown target rodin-element
[2025-09-29T14:32:39.565-0400] [ERROR] clipboard_event_selection_request: unknown target rodin-element
[2025-09-29T14:33:19.813-0400] [ERROR] clipboard_event_selection_request: unknown target resource-transfer-format:1759170630699:2016512706
[2025-09-29T14:33:19.821-0400] [ERROR] clipboard_event_selection_request: unknown target resource-transfer-format:1759170630699:2016512706
[2025-09-29T14:33:19.931-0400] [ERROR] clipboard_event_selection_request: unknown target resource-transfer-format:1759170630699:2016512706
[2025-09-29T14:33:35.324-0400] [ERROR] clipboard_event_selection_request: unknown target rodin-element
[2025-09-29T14:33:35.672-0400] [ERROR] clipboard_event_selection_request: unknown target rodin-element
[2025-09-29T14:33:44.631-0400] [ERROR] clipboard_event_selection_request: unknown target rodin-element
[2025-09-29T14:33:46.205-0400] [ERROR] clipboard_event_selection_request: unknown target rodin-element
[2025-09-29T14:33:47.251-0400] [ERROR] clipboard_event_selection_request: unknown target rodin-element
[2025-09-29T14:33:59.482-0400] [ERROR] clipboard_event_selection_request: unknown target rodin-element
[2025-09-29T14:34:03.310-0400] [ERROR] clipboard_event_selection_request: unknown target rodin-element
[2025-09-29T14:42:33.110-0400] [INFO ] Socket 16: connection accepted from AF_UNIX
[2025-09-29T14:42:33.111-0400] [INFO ] sound_process_output_format:
[2025-09-29T14:42:33.111-0400] [INFO ]       wFormatNo       0
[2025-09-29T14:42:33.111-0400] [INFO ]       wFormatTag      WAVE_FORMAT_PCM
[2025-09-29T14:42:33.111-0400] [INFO ]       nChannels       2
[2025-09-29T14:42:33.111-0400] [INFO ]       nSamplesPerSec  44100
[2025-09-29T14:42:33.112-0400] [INFO ]       nAvgBytesPerSec 176400
[2025-09-29T14:42:33.112-0400] [INFO ]       nBlockAlign     4
[2025-09-29T14:42:33.112-0400] [INFO ]       wBitsPerSample  16
[2025-09-29T14:42:33.112-0400] [INFO ]       cbSize          0
[2025-09-29T14:42:33.112-0400] [INFO ] sound_process_output_format:
[2025-09-29T14:42:33.112-0400] [INFO ]       wFormatNo       1
[2025-09-29T14:42:33.113-0400] [INFO ]       wFormatTag      WAVE_FORMAT_PCM
[2025-09-29T14:42:33.113-0400] [INFO ]       nChannels       2
[2025-09-29T14:42:33.113-0400] [INFO ]       nSamplesPerSec  22050
[2025-09-29T14:42:33.113-0400] [INFO ]       nAvgBytesPerSec 88200
[2025-09-29T14:42:33.114-0400] [INFO ]       nBlockAlign     4
[2025-09-29T14:42:33.114-0400] [INFO ]       wBitsPerSample  16
[2025-09-29T14:42:33.114-0400] [INFO ]       cbSize          0
[2025-09-29T14:42:33.124-0400] [INFO ] sound_process_training: round trip time 10
[2025-09-29T14:43:03.981-0400] [ERROR] clipboard_event_selection_request: unknown target rodin-element
[2025-09-29T14:43:07.192-0400] [ERROR] clipboard_event_selection_request: unknown target rodin-element
[2025-09-29T14:43:20.327-0400] [ERROR] clipboard_event_selection_request: unknown target rodin-element
[2025-09-29T14:44:29.673-0400] [ERROR] clipboard_event_selection_request: unknown target rodin-element
[2025-09-29T14:44:31.876-0400] [ERROR] clipboard_event_selection_request: unknown target rodin-element
[2025-09-29T14:44:32.307-0400] [ERROR] clipboard_event_selection_request: unknown target rodin-element
[2025-09-29T14:44:32.343-0400] [ERROR] clipboard_event_selection_request: unknown target rodin-element
[2025-09-29T14:44:39.372-0400] [ERROR] clipboard_event_selection_request: unknown target rodin-element
[2025-09-29T14:44:39.420-0400] [ERROR] clipboard_event_selection_request: unknown target rodin-element
[2025-09-29T14:44:39.455-0400] [ERROR] clipboard_event_selection_request: unknown target rodin-element
[2025-09-29T14:44:40.537-0400] [ERROR] clipboard_event_selection_request: unknown target rodin-element
[2025-09-29T14:44:40.539-0400] [ERROR] clipboard_event_selection_request: unknown target rodin-element
[2025-09-29T14:44:41.766-0400] [ERROR] clipboard_event_selection_request: unknown target rodin-element
[2025-09-29T14:44:42.128-0400] [ERROR] clipboard_event_selection_request: unknown target rodin-element
[2025-09-29T14:44:42.165-0400] [ERROR] clipboard_event_selection_request: unknown target rodin-element
[2025-09-29T14:44:44.498-0400] [ERROR] clipboard_event_selection_request: unknown target rodin-element
[2025-09-29T14:46:43.362-0400] [ERROR] clipboard_event_selection_request: unknown target rodin-element
[2025-09-29T14:46:43.540-0400] [ERROR] clipboard_event_selection_request: unknown target rodin-element
[2025-09-29T14:46:43.541-0400] [ERROR] clipboard_event_selection_request: unknown target rodin-element
[2025-09-29T14:46:43.545-0400] [ERROR] clipboard_event_selection_request: unknown target rodin-element
[2025-09-29T14:46:43.752-0400] [ERROR] clipboard_event_selection_request: unknown target rodin-element
[2025-09-29T14:46:48.575-0400] [ERROR] clipboard_event_selection_request: unknown target rodin-element
[2025-09-29T14:47:04.623-0400] [ERROR] clipboard_event_selection_request: unknown target rodin-element
[2025-09-29T14:47:36.873-0400] [ERROR] clipboard_event_selection_request: unknown target rodin-element
[2025-09-29T14:47:37.215-0400] [ERROR] clipboard_event_selection_request: unknown target rodin-element
[2025-09-29T14:47:37.251-0400] [ERROR] clipboard_event_selection_request: unknown target rodin-element
[2025-09-29T14:47:39.336-0400] [ERROR] clipboard_event_selection_request: unknown target rodin-element
[2025-09-29T14:47:40.233-0400] [ERROR] clipboard_event_selection_request: unknown target rodin-element
[2025-09-29T14:47:40.563-0400] [ERROR] clipboard_event_selection_request: unknown target rodin-element
[2025-09-29T14:47:40.599-0400] [ERROR] clipboard_event_selection_request: unknown target rodin-element
[2025-09-29T14:47:42.673-0400] [ERROR] clipboard_event_selection_request: unknown target rodin-element
[2025-09-29T14:47:42.911-0400] [ERROR] clipboard_event_selection_request: unknown target rodin-element
[2025-09-29T14:47:43.210-0400] [ERROR] clipboard_event_selection_request: unknown target rodin-element
[2025-09-29T14:47:43.247-0400] [ERROR] clipboard_event_selection_request: unknown target rodin-element
[2025-09-29T14:47:44.491-0400] [ERROR] clipboard_event_selection_request: unknown target rodin-element
[2025-09-29T14:47:55.714-0400] [ERROR] clipboard_event_selection_request: unknown target rodin-element
[2025-09-29T14:47:55.725-0400] [ERROR] clipboard_event_selection_request: unknown target rodin-element
[2025-09-29T14:47:56.508-0400] [ERROR] clipboard_event_selection_request: unknown target rodin-element
[2025-09-29T14:47:56.517-0400] [ERROR] clipboard_event_selection_request: unknown target rodin-element
[2025-09-29T14:48:04.988-0400] [ERROR] clipboard_event_selection_request: unknown target rodin-element
[2025-09-29T14:48:04.997-0400] [ERROR] clipboard_event_selection_request: unknown target rodin-element
[2025-09-29T14:48:05.812-0400] [ERROR] clipboard_event_selection_request: unknown target rodin-element
[2025-09-29T14:48:05.880-0400] [ERROR] clipboard_event_selection_request: unknown target rodin-element
[2025-09-29T15:26:40.218-0400] [ERROR] clipboard_event_selection_request: unknown target rodin-element
[2025-09-29T15:26:41.939-0400] [ERROR] clipboard_event_selection_request: unknown target rodin-element
[2025-09-29T15:26:42.821-0400] [ERROR] clipboard_event_selection_request: unknown target rodin-element
[2025-09-29T15:33:00.562-0400] [ERROR] clipboard_event_selection_request: unknown target rodin-element
[2025-09-29T15:33:00.568-0400] [ERROR] clipboard_event_selection_request: unknown target rodin-element
[2025-09-29T15:33:00.668-0400] [ERROR] clipboard_event_selection_request: unknown target rodin-element
[2025-09-29T15:33:00.674-0400] [ERROR] clipboard_event_selection_request: unknown target rodin-element
[2025-09-29T15:33:37.465-0400] [ERROR] clipboard_event_selection_request: unknown target rodin-element
[2025-09-29T15:33:37.472-0400] [ERROR] clipboard_event_selection_request: unknown target rodin-element
[2025-09-29T15:33:37.615-0400] [ERROR] clipboard_event_selection_request: unknown target rodin-element
[2025-09-29T15:33:37.621-0400] [ERROR] clipboard_event_selection_request: unknown target rodin-element
[2025-09-29T15:33:58.778-0400] [ERROR] clipboard_event_selection_request: unknown target rodin-element
[2025-09-29T15:33:58.785-0400] [ERROR] clipboard_event_selection_request: unknown target rodin-element
[2025-09-29T15:33:58.807-0400] [ERROR] clipboard_event_selection_request: unknown target rodin-element
[2025-09-29T15:33:58.815-0400] [ERROR] clipboard_event_selection_request: unknown target rodin-element
