[2025-09-29T18:40:14.872-0400] [INFO ] Socket 14: connection accepted from AF_UNIX
[2025-09-29T18:40:14.874-0400] [INFO ] sound_process_output_format:
[2025-09-29T18:40:14.874-0400] [INFO ]       wFormatNo       0
[2025-09-29T18:40:14.875-0400] [INFO ]       wFormatTag      WAVE_FORMAT_PCM
[2025-09-29T18:40:14.875-0400] [INFO ]       nChannels       2
[2025-09-29T18:40:14.875-0400] [INFO ]       nSamplesPerSec  44100
[2025-09-29T18:40:14.875-0400] [INFO ]       nAvgBytesPerSec 176400
[2025-09-29T18:40:14.875-0400] [INFO ]       nBlockAlign     4
[2025-09-29T18:40:14.876-0400] [INFO ]       wBitsPerSample  16
[2025-09-29T18:40:14.876-0400] [INFO ]       cbSize          0
[2025-09-29T18:40:14.876-0400] [INFO ] sound_process_output_format:
[2025-09-29T18:40:14.876-0400] [INFO ]       wFormatNo       1
[2025-09-29T18:40:14.876-0400] [INFO ]       wFormatTag      WAVE_FORMAT_PCM
[2025-09-29T18:40:14.877-0400] [INFO ]       nChannels       2
[2025-09-29T18:40:14.877-0400] [INFO ]       nSamplesPerSec  22050
[2025-09-29T18:40:14.877-0400] [INFO ]       nAvgBytesPerSec 88200
[2025-09-29T18:40:14.877-0400] [INFO ]       nBlockAlign     4
[2025-09-29T18:40:14.877-0400] [INFO ]       wBitsPerSample  16
[2025-09-29T18:40:14.877-0400] [INFO ]       cbSize          0
[2025-09-29T18:40:14.879-0400] [INFO ] sound_process_training: round trip time 1
