[2025-11-30T15:43:20.631-0500] [INFO ] Socket 14: connection accepted from AF_UNIX
[2025-11-30T15:43:20.632-0500] [INFO ] sound_process_output_format:
[2025-11-30T15:43:20.633-0500] [INFO ]       wFormatNo       0
[2025-11-30T15:43:20.633-0500] [INFO ]       wFormatTag      WAVE_FORMAT_PCM
[2025-11-30T15:43:20.633-0500] [INFO ]       nChannels       2
[2025-11-30T15:43:20.633-0500] [INFO ]       nSamplesPerSec  44100
[2025-11-30T15:43:20.633-0500] [INFO ]       nAvgBytesPerSec 176400
[2025-11-30T15:43:20.634-0500] [INFO ]       nBlockAlign     4
[2025-11-30T15:43:20.634-0500] [INFO ]       wBitsPerSample  16
[2025-11-30T15:43:20.634-0500] [INFO ]       cbSize          0
[2025-11-30T15:43:20.634-0500] [INFO ] sound_process_output_format:
[2025-11-30T15:43:20.634-0500] [INFO ]       wFormatNo       1
[2025-11-30T15:43:20.635-0500] [INFO ]       wFormatTag      WAVE_FORMAT_PCM
[2025-11-30T15:43:20.635-0500] [INFO ]       nChannels       2
[2025-11-30T15:43:20.635-0500] [INFO ]       nSamplesPerSec  22050
[2025-11-30T15:43:20.635-0500] [INFO ]       nAvgBytesPerSec 88200
[2025-11-30T15:43:20.635-0500] [INFO ]       nBlockAlign     4
[2025-11-30T15:43:20.635-0500] [INFO ]       wBitsPerSample  16
[2025-11-30T15:43:20.636-0500] [INFO ]       cbSize          0
[2025-11-30T15:43:20.657-0500] [INFO ] sound_process_training: round trip time 21
[2025-11-30T15:46:26.280-0500] [ERROR] clipboard_event_selection_request: unknown target unknown atom 0x00000219
[2025-11-30T15:46:26.284-0500] [ERROR] clipboard_event_selection_request: unknown target unknown atom 0x00000219
[2025-11-30T15:46:26.367-0500] [ERROR] clipboard_event_selection_request: unknown target unknown atom 0x00000219
[2025-11-30T15:46:26.481-0500] [ERROR] clipboard_event_selection_request: unknown target unknown atom 0x00000219
[2025-11-30T15:46:26.688-0500] [ERROR] clipboard_event_selection_request: unknown target unknown atom 0x00000219
[2025-11-30T15:46:26.689-0500] [ERROR] clipboard_event_selection_request: unknown target unknown atom 0x00000219
[2025-11-30T15:46:26.689-0500] [ERROR] clipboard_event_selection_request: unknown target unknown atom 0x00000219
[2025-11-30T15:46:26.693-0500] [ERROR] clipboard_event_selection_request: unknown target unknown atom 0x00000219
[2025-11-30T15:46:27.264-0500] [ERROR] clipboard_event_selection_request: unknown target unknown atom 0x00000219
[2025-11-30T15:46:27.264-0500] [ERROR] clipboard_event_selection_request: unknown target unknown atom 0x00000219
[2025-11-30T15:46:31.512-0500] [ERROR] clipboard_event_selection_request: unknown target unknown atom 0x00000219
[2025-11-30T15:46:31.980-0500] [ERROR] clipboard_event_selection_request: unknown target unknown atom 0x00000219
[2025-11-30T15:46:34.363-0500] [ERROR] clipboard_event_selection_request: unknown target unknown atom 0x00000219
[2025-11-30T15:46:57.306-0500] [ERROR] clipboard_event_selection_request: unknown target COMPOUND_TEXT
[2025-11-30T15:46:57.769-0500] [ERROR] clipboard_event_selection_request: unknown target COMPOUND_TEXT
[2025-11-30T15:46:58.286-0500] [ERROR] clipboard_event_selection_request: unknown target COMPOUND_TEXT
[2025-11-30T15:47:05.961-0500] [ERROR] clipboard_event_selection_request: unknown target unknown atom 0x00000219
[2025-11-30T15:47:05.962-0500] [ERROR] clipboard_event_selection_request: unknown target unknown atom 0x00000219
[2025-11-30T15:47:15.631-0500] [ERROR] clipboard_event_selection_request: unknown target unknown atom 0x00000219
[2025-11-30T15:47:35.760-0500] [ERROR] clipboard_event_selection_request: unknown target unknown atom 0x00000219
[2025-11-30T15:47:35.760-0500] [ERROR] clipboard_event_selection_request: unknown target unknown atom 0x00000219
[2025-11-30T15:47:36.991-0500] [ERROR] clipboard_event_selection_request: unknown target COMPOUND_TEXT
[2025-11-30T15:47:37.375-0500] [ERROR] clipboard_event_selection_request: unknown target unknown atom 0x00000219
[2025-11-30T15:47:37.378-0500] [ERROR] clipboard_event_selection_request: unknown target unknown atom 0x00000219
[2025-11-30T15:47:37.491-0500] [ERROR] clipboard_event_selection_request: unknown target unknown atom 0x00000219
[2025-11-30T15:47:37.491-0500] [ERROR] clipboard_event_selection_request: unknown target unknown atom 0x00000219
[2025-11-30T15:47:37.491-0500] [ERROR] clipboard_event_selection_request: unknown target unknown atom 0x00000219
[2025-11-30T15:47:37.495-0500] [ERROR] clipboard_event_selection_request: unknown target unknown atom 0x00000219
[2025-11-30T15:47:37.557-0500] [ERROR] clipboard_event_selection_request: unknown target unknown atom 0x00000219
[2025-11-30T15:47:37.557-0500] [ERROR] clipboard_event_selection_request: unknown target unknown atom 0x00000219
[2025-11-30T15:47:37.866-0500] [ERROR] clipboard_event_selection_request: unknown target unknown atom 0x00000219
[2025-11-30T15:47:37.866-0500] [ERROR] clipboard_event_selection_request: unknown target unknown atom 0x00000219
[2025-11-30T15:47:38.899-0500] [ERROR] clipboard_event_selection_request: unknown target unknown atom 0x00000219
[2025-11-30T15:47:38.903-0500] [ERROR] clipboard_event_selection_request: unknown target unknown atom 0x00000219
[2025-11-30T15:47:38.269-0500] [ERROR] clipboard_event_selection_request: unknown target unknown atom 0x00000219
[2025-11-30T15:47:38.269-0500] [ERROR] clipboard_event_selection_request: unknown target unknown atom 0x00000219
[2025-11-30T15:47:38.461-0500] [ERROR] clipboard_event_selection_request: unknown target unknown atom 0x00000219
[2025-11-30T15:47:38.461-0500] [ERROR] clipboard_event_selection_request: unknown target unknown atom 0x00000219
[2025-11-30T15:47:38.663-0500] [ERROR] clipboard_event_selection_request: unknown target unknown atom 0x00000219
[2025-11-30T15:47:38.663-0500] [ERROR] clipboard_event_selection_request: unknown target unknown atom 0x00000219
[2025-11-30T15:47:51.298-0500] [ERROR] clipboard_event_selection_request: unknown target unknown atom 0x00000219
[2025-11-30T15:47:51.304-0500] [ERROR] clipboard_event_selection_request: unknown target unknown atom 0x00000219
[2025-11-30T15:47:51.304-0500] [ERROR] clipboard_event_selection_request: unknown target unknown atom 0x00000219
[2025-11-30T15:47:51.305-0500] [ERROR] clipboard_event_selection_request: unknown target unknown atom 0x00000219
[2025-11-30T15:47:51.305-0500] [ERROR] clipboard_event_selection_request: unknown target unknown atom 0x00000219
[2025-11-30T15:47:51.305-0500] [ERROR] clipboard_event_selection_request: unknown target unknown atom 0x00000219
[2025-11-30T15:47:51.409-0500] [ERROR] clipboard_event_selection_request: unknown target unknown atom 0x00000219
[2025-11-30T15:47:52.897-0500] [ERROR] clipboard_event_selection_request: unknown target unknown atom 0x00000219
[2025-11-30T15:47:52.901-0500] [ERROR] clipboard_event_selection_request: unknown target unknown atom 0x00000219
[2025-11-30T15:47:53.895-0500] [ERROR] clipboard_event_selection_request: unknown target unknown atom 0x00000219
[2025-11-30T15:47:53.142-0500] [ERROR] clipboard_event_selection_request: unknown target unknown atom 0x00000219
[2025-11-30T15:47:53.144-0500] [ERROR] clipboard_event_selection_request: unknown target unknown atom 0x00000219
[2025-11-30T15:47:53.150-0500] [ERROR] clipboard_event_selection_request: unknown target unknown atom 0x00000219
[2025-11-30T15:47:53.152-0500] [ERROR] clipboard_event_selection_request: unknown target unknown atom 0x00000219
[2025-11-30T15:47:53.242-0500] [ERROR] clipboard_event_selection_request: unknown target unknown atom 0x00000219
[2025-11-30T15:47:53.119-0500] [ERROR] clipboard_event_selection_request: unknown target unknown atom 0x00000219
[2025-11-30T15:47:53.918-0500] [ERROR] clipboard_event_selection_request: unknown target unknown atom 0x00000219
[2025-11-30T15:47:53.918-0500] [ERROR] clipboard_event_selection_request: unknown target unknown atom 0x00000219
[2025-11-30T15:47:53.921-0500] [ERROR] clipboard_event_selection_request: unknown target unknown atom 0x00000219
[2025-11-30T15:47:53.922-0500] [ERROR] clipboard_event_selection_request: unknown target unknown atom 0x00000219
[2025-11-30T15:47:53.927-0500] [ERROR] clipboard_event_selection_request: unknown target unknown atom 0x00000219
[2025-11-30T15:47:53.928-0500] [ERROR] clipboard_event_selection_request: unknown target unknown atom 0x00000219
[2025-11-30T15:48:06.811-0500] [ERROR] clipboard_event_selection_request: unknown target COMPOUND_TEXT
[2025-11-30T15:48:07.430-0500] [ERROR] clipboard_event_selection_request: unknown target unknown atom 0x00000219
[2025-11-30T15:48:08.410-0500] [ERROR] clipboard_event_selection_request: unknown target COMPOUND_TEXT
[2025-11-30T15:48:08.575-0500] [ERROR] clipboard_event_selection_request: unknown target COMPOUND_TEXT
[2025-11-30T15:48:08.575-0500] [ERROR] clipboard_event_selection_request: unknown target COMPOUND_TEXT
[2025-11-30T15:48:08.575-0500] [ERROR] clipboard_event_selection_request: unknown target COMPOUND_TEXT
[2025-11-30T15:48:08.575-0500] [ERROR] clipboard_event_selection_request: unknown target COMPOUND_TEXT
[2025-11-30T15:48:08.576-0500] [ERROR] clipboard_event_selection_request: unknown target COMPOUND_TEXT
[2025-11-30T15:48:09.108-0500] [ERROR] clipboard_event_selection_request: unknown target COMPOUND_TEXT
[2025-11-30T15:48:09.287-0500] [ERROR] clipboard_event_selection_request: unknown target COMPOUND_TEXT
[2025-11-30T15:48:09.484-0500] [ERROR] clipboard_event_selection_request: unknown target COMPOUND_TEXT
[2025-11-30T15:48:22.360-0500] [ERROR] clipboard_event_selection_request: unknown target COMPOUND_TEXT
[2025-11-30T15:48:22.361-0500] [ERROR] clipboard_event_selection_request: unknown target COMPOUND_TEXT
[2025-11-30T15:48:23.992-0500] [ERROR] clipboard_event_selection_request: unknown target COMPOUND_TEXT
[2025-11-30T15:48:24.687-0500] [ERROR] clipboard_event_selection_request: unknown target COMPOUND_TEXT
[2025-11-30T15:48:24.993-0500] [ERROR] clipboard_event_selection_request: unknown target COMPOUND_TEXT
[2025-11-30T15:48:24.993-0500] [ERROR] clipboard_event_selection_request: unknown target COMPOUND_TEXT
[2025-11-30T15:48:30.495-0500] [ERROR] clipboard_event_selection_request: unknown target unknown atom 0x00000219
[2025-11-30T15:48:30.496-0500] [ERROR] clipboard_event_selection_request: unknown target unknown atom 0x00000219
[2025-11-30T15:48:33.806-0500] [ERROR] clipboard_event_selection_request: unknown target unknown atom 0x00000219
[2025-11-30T15:48:33.810-0500] [ERROR] clipboard_event_selection_request: unknown target unknown atom 0x00000219
[2025-11-30T15:48:33.948-0500] [ERROR] clipboard_event_selection_request: unknown target unknown atom 0x00000219
[2025-11-30T15:48:33.949-0500] [ERROR] clipboard_event_selection_request: unknown target unknown atom 0x00000219
[2025-11-30T15:48:33.949-0500] [ERROR] clipboard_event_selection_request: unknown target unknown atom 0x00000219
[2025-11-30T15:48:33.949-0500] [ERROR] clipboard_event_selection_request: unknown target unknown atom 0x00000219
[2025-11-30T15:48:34.497-0500] [ERROR] clipboard_event_selection_request: unknown target unknown atom 0x00000219
[2025-11-30T15:48:35.166-0500] [ERROR] clipboard_event_selection_request: unknown target unknown atom 0x00000219
[2025-11-30T15:48:35.344-0500] [ERROR] clipboard_event_selection_request: unknown target unknown atom 0x00000219
[2025-11-30T15:48:35.347-0500] [ERROR] clipboard_event_selection_request: unknown target unknown atom 0x00000219
[2025-11-30T15:48:35.439-0500] [ERROR] clipboard_event_selection_request: unknown target unknown atom 0x00000219
[2025-11-30T15:48:35.449-0500] [ERROR] clipboard_event_selection_request: unknown target unknown atom 0x00000219
[2025-11-30T15:48:35.449-0500] [ERROR] clipboard_event_selection_request: unknown target unknown atom 0x00000219
[2025-11-30T15:48:35.450-0500] [ERROR] clipboard_event_selection_request: unknown target unknown atom 0x00000219
[2025-11-30T15:48:35.554-0500] [ERROR] clipboard_event_selection_request: unknown target unknown atom 0x00000219
[2025-11-30T15:48:36.262-0500] [ERROR] clipboard_event_selection_request: unknown target unknown atom 0x00000219
[2025-11-30T15:48:36.477-0500] [ERROR] clipboard_event_selection_request: unknown target unknown atom 0x00000219
[2025-11-30T15:48:36.480-0500] [ERROR] clipboard_event_selection_request: unknown target unknown atom 0x00000219
[2025-11-30T15:48:36.569-0500] [ERROR] clipboard_event_selection_request: unknown target unknown atom 0x00000219
[2025-11-30T15:48:36.583-0500] [ERROR] clipboard_event_selection_request: unknown target unknown atom 0x00000219
[2025-11-30T15:48:36.584-0500] [ERROR] clipboard_event_selection_request: unknown target unknown atom 0x00000219
[2025-11-30T15:48:36.584-0500] [ERROR] clipboard_event_selection_request: unknown target unknown atom 0x00000219
[2025-11-30T15:48:36.689-0500] [ERROR] clipboard_event_selection_request: unknown target unknown atom 0x00000219
[2025-11-30T15:48:37.780-0500] [ERROR] clipboard_event_selection_request: unknown target unknown atom 0x00000219
[2025-11-30T15:48:37.780-0500] [ERROR] clipboard_event_selection_request: unknown target unknown atom 0x00000219
[2025-11-30T15:48:37.878-0500] [ERROR] clipboard_event_selection_request: unknown target unknown atom 0x00000219
[2025-11-30T15:48:37.889-0500] [ERROR] clipboard_event_selection_request: unknown target unknown atom 0x00000219
[2025-11-30T15:48:37.890-0500] [ERROR] clipboard_event_selection_request: unknown target unknown atom 0x00000219
[2025-11-30T15:48:37.890-0500] [ERROR] clipboard_event_selection_request: unknown target unknown atom 0x00000219
[2025-11-30T15:48:37.997-0500] [ERROR] clipboard_event_selection_request: unknown target unknown atom 0x00000219
[2025-11-30T15:48:39.169-0500] [ERROR] clipboard_event_selection_request: unknown target unknown atom 0x00000219
[2025-11-30T15:48:39.173-0500] [ERROR] clipboard_event_selection_request: unknown target unknown atom 0x00000219
[2025-11-30T15:48:39.266-0500] [ERROR] clipboard_event_selection_request: unknown target unknown atom 0x00000219
[2025-11-30T15:48:39.274-0500] [ERROR] clipboard_event_selection_request: unknown target unknown atom 0x00000219
[2025-11-30T15:48:39.275-0500] [ERROR] clipboard_event_selection_request: unknown target unknown atom 0x00000219
[2025-11-30T15:48:39.275-0500] [ERROR] clipboard_event_selection_request: unknown target unknown atom 0x00000219
[2025-11-30T15:48:39.379-0500] [ERROR] clipboard_event_selection_request: unknown target unknown atom 0x00000219
[2025-11-30T15:48:39.930-0500] [ERROR] clipboard_event_selection_request: unknown target unknown atom 0x00000219
[2025-11-30T15:48:39.930-0500] [ERROR] clipboard_event_selection_request: unknown target unknown atom 0x00000219
[2025-11-30T15:48:40.289-0500] [ERROR] clipboard_event_selection_request: unknown target unknown atom 0x00000219
[2025-11-30T15:48:40.314-0500] [ERROR] clipboard_event_selection_request: unknown target unknown atom 0x00000219
[2025-11-30T15:48:40.320-0500] [ERROR] clipboard_event_selection_request: unknown target unknown atom 0x00000219
[2025-11-30T15:48:40.322-0500] [ERROR] clipboard_event_selection_request: unknown target unknown atom 0x00000219
[2025-11-30T15:48:40.138-0500] [ERROR] clipboard_event_selection_request: unknown target unknown atom 0x00000219
[2025-11-30T15:48:42.557-0500] [ERROR] clipboard_event_selection_request: unknown target unknown atom 0x00000219
[2025-11-30T15:48:42.558-0500] [ERROR] clipboard_event_selection_request: unknown target unknown atom 0x00000219
[2025-11-30T15:48:42.652-0500] [ERROR] clipboard_event_selection_request: unknown target unknown atom 0x00000219
[2025-11-30T15:48:42.662-0500] [ERROR] clipboard_event_selection_request: unknown target unknown atom 0x00000219
[2025-11-30T15:48:42.671-0500] [ERROR] clipboard_event_selection_request: unknown target unknown atom 0x00000219
[2025-11-30T15:48:42.671-0500] [ERROR] clipboard_event_selection_request: unknown target unknown atom 0x00000219
[2025-11-30T15:48:42.694-0500] [ERROR] clipboard_event_selection_request: unknown target unknown atom 0x00000219
[2025-11-30T15:48:42.769-0500] [ERROR] clipboard_event_selection_request: unknown target unknown atom 0x00000219
[2025-11-30T15:48:50.359-0500] [ERROR] clipboard_event_selection_request: unknown target unknown atom 0x00000219
[2025-11-30T15:48:53.809-0500] [ERROR] clipboard_event_selection_request: unknown target unknown atom 0x00000219
[2025-11-30T15:48:53.810-0500] [ERROR] clipboard_event_selection_request: unknown target unknown atom 0x00000219
[2025-11-30T15:48:53.907-0500] [ERROR] clipboard_event_selection_request: unknown target unknown atom 0x00000219
[2025-11-30T15:48:53.911-0500] [ERROR] clipboard_event_selection_request: unknown target unknown atom 0x00000219
[2025-11-30T15:48:53.911-0500] [ERROR] clipboard_event_selection_request: unknown target unknown atom 0x00000219
[2025-11-30T15:48:53.911-0500] [ERROR] clipboard_event_selection_request: unknown target unknown atom 0x00000219
[2025-11-30T15:48:54.160-0500] [ERROR] clipboard_event_selection_request: unknown target unknown atom 0x00000219
[2025-11-30T15:48:55.144-0500] [ERROR] clipboard_event_selection_request: unknown target unknown atom 0x00000219
[2025-11-30T15:48:55.480-0500] [ERROR] clipboard_event_selection_request: unknown target unknown atom 0x00000219
[2025-11-30T15:49:01.516-0500] [ERROR] clipboard_event_selection_request: unknown target COMPOUND_TEXT
[2025-11-30T15:49:02.273-0500] [ERROR] clipboard_event_selection_request: unknown target unknown atom 0x00000219
[2025-11-30T15:49:03.924-0500] [ERROR] clipboard_event_selection_request: unknown target unknown atom 0x00000219
[2025-11-30T15:49:03.925-0500] [ERROR] clipboard_event_selection_request: unknown target unknown atom 0x00000219
[2025-11-30T15:49:04.228-0500] [ERROR] clipboard_event_selection_request: unknown target unknown atom 0x00000219
[2025-11-30T15:49:04.305-0500] [ERROR] clipboard_event_selection_request: unknown target unknown atom 0x00000219
[2025-11-30T15:49:04.393-0500] [ERROR] clipboard_event_selection_request: unknown target unknown atom 0x00000219
[2025-11-30T15:49:04.396-0500] [ERROR] clipboard_event_selection_request: unknown target unknown atom 0x00000219
[2025-11-30T15:49:04.138-0500] [ERROR] clipboard_event_selection_request: unknown target unknown atom 0x00000219
[2025-11-30T15:49:04.989-0500] [ERROR] clipboard_event_selection_request: unknown target COMPOUND_TEXT
[2025-11-30T15:49:04.989-0500] [ERROR] clipboard_event_selection_request: unknown target COMPOUND_TEXT
[2025-11-30T15:49:06.368-0500] [ERROR] clipboard_event_selection_request: unknown target COMPOUND_TEXT
[2025-11-30T15:49:06.475-0500] [ERROR] clipboard_event_selection_request: unknown target COMPOUND_TEXT
[2025-11-30T15:49:07.123-0500] [ERROR] clipboard_event_selection_request: unknown target unknown atom 0x00000219
[2025-11-30T15:49:07.503-0500] [ERROR] clipboard_event_selection_request: unknown target COMPOUND_TEXT
[2025-11-30T15:49:08.805-0500] [ERROR] clipboard_event_selection_request: unknown target COMPOUND_TEXT
[2025-11-30T15:49:10.196-0500] [ERROR] clipboard_event_selection_request: unknown target COMPOUND_TEXT
[2025-11-30T15:49:10.293-0500] [ERROR] clipboard_event_selection_request: unknown target COMPOUND_TEXT
[2025-11-30T15:49:11.503-0500] [ERROR] clipboard_event_selection_request: unknown target COMPOUND_TEXT
[2025-11-30T15:49:12.645-0500] [ERROR] clipboard_event_selection_request: unknown target unknown atom 0x00000219
[2025-11-30T15:49:12.645-0500] [ERROR] clipboard_event_selection_request: unknown target unknown atom 0x00000219
[2025-11-30T15:49:13.385-0500] [ERROR] clipboard_event_selection_request: unknown target unknown atom 0x00000219
[2025-11-30T15:49:13.388-0500] [ERROR] clipboard_event_selection_request: unknown target unknown atom 0x00000219
[2025-11-30T15:49:13.477-0500] [ERROR] clipboard_event_selection_request: unknown target unknown atom 0x00000219
[2025-11-30T15:49:13.496-0500] [ERROR] clipboard_event_selection_request: unknown target unknown atom 0x00000219
[2025-11-30T15:49:13.496-0500] [ERROR] clipboard_event_selection_request: unknown target unknown atom 0x00000219
[2025-11-30T15:49:13.496-0500] [ERROR] clipboard_event_selection_request: unknown target unknown atom 0x00000219
[2025-11-30T15:49:13.578-0500] [ERROR] clipboard_event_selection_request: unknown target COMPOUND_TEXT
[2025-11-30T15:49:13.601-0500] [ERROR] clipboard_event_selection_request: unknown target unknown atom 0x00000219
[2025-11-30T15:49:13.687-0500] [ERROR] clipboard_event_selection_request: unknown target COMPOUND_TEXT
[2025-11-30T15:49:14.258-0500] [ERROR] clipboard_event_selection_request: unknown target unknown atom 0x00000219
[2025-11-30T15:49:14.724-0500] [ERROR] clipboard_event_selection_request: unknown target unknown atom 0x00000219
[2025-11-30T15:49:14.835-0500] [ERROR] clipboard_event_selection_request: unknown target unknown atom 0x00000219
[2025-11-30T15:49:14.835-0500] [ERROR] clipboard_event_selection_request: unknown target unknown atom 0x00000219
[2025-11-30T15:49:14.941-0500] [ERROR] clipboard_event_selection_request: unknown target unknown atom 0x00000219
[2025-11-30T15:49:15.723-0500] [ERROR] clipboard_event_selection_request: unknown target unknown atom 0x00000219
[2025-11-30T15:49:15.723-0500] [ERROR] clipboard_event_selection_request: unknown target unknown atom 0x00000219
[2025-11-30T15:49:15.820-0500] [ERROR] clipboard_event_selection_request: unknown target unknown atom 0x00000219
[2025-11-30T15:49:15.845-0500] [ERROR] clipboard_event_selection_request: unknown target unknown atom 0x00000219
[2025-11-30T15:49:15.846-0500] [ERROR] clipboard_event_selection_request: unknown target unknown atom 0x00000219
[2025-11-30T15:49:15.846-0500] [ERROR] clipboard_event_selection_request: unknown target unknown atom 0x00000219
[2025-11-30T15:49:15.940-0500] [ERROR] clipboard_event_selection_request: unknown target unknown atom 0x00000219
[2025-11-30T15:49:15.951-0500] [ERROR] clipboard_event_selection_request: unknown target unknown atom 0x00000219
[2025-11-30T15:49:17.271-0500] [ERROR] clipboard_event_selection_request: unknown target unknown atom 0x00000219
[2025-11-30T15:49:17.273-0500] [ERROR] clipboard_event_selection_request: unknown target unknown atom 0x00000219
[2025-11-30T15:49:17.381-0500] [ERROR] clipboard_event_selection_request: unknown target unknown atom 0x00000219
[2025-11-30T15:49:17.944-0500] [ERROR] clipboard_event_selection_request: unknown target unknown atom 0x00000219
[2025-11-30T15:49:17.945-0500] [ERROR] clipboard_event_selection_request: unknown target unknown atom 0x00000219
[2025-11-30T15:49:18.913-0500] [ERROR] clipboard_event_selection_request: unknown target unknown atom 0x00000219
[2025-11-30T15:49:19.112-0500] [ERROR] clipboard_event_selection_request: unknown target unknown atom 0x00000219
[2025-11-30T15:49:19.116-0500] [ERROR] clipboard_event_selection_request: unknown target unknown atom 0x00000219
[2025-11-30T15:49:19.205-0500] [ERROR] clipboard_event_selection_request: unknown target unknown atom 0x00000219
[2025-11-30T15:49:19.222-0500] [ERROR] clipboard_event_selection_request: unknown target unknown atom 0x00000219
[2025-11-30T15:49:19.222-0500] [ERROR] clipboard_event_selection_request: unknown target unknown atom 0x00000219
[2025-11-30T15:49:19.222-0500] [ERROR] clipboard_event_selection_request: unknown target unknown atom 0x00000219
[2025-11-30T15:49:19.327-0500] [ERROR] clipboard_event_selection_request: unknown target unknown atom 0x00000219
[2025-11-30T15:49:20.266-0500] [ERROR] clipboard_event_selection_request: unknown target unknown atom 0x00000219
[2025-11-30T15:49:20.266-0500] [ERROR] clipboard_event_selection_request: unknown target unknown atom 0x00000219
[2025-11-30T15:49:20.363-0500] [ERROR] clipboard_event_selection_request: unknown target unknown atom 0x00000219
[2025-11-30T15:49:20.375-0500] [ERROR] clipboard_event_selection_request: unknown target unknown atom 0x00000219
[2025-11-30T15:49:20.384-0500] [ERROR] clipboard_event_selection_request: unknown target unknown atom 0x00000219
[2025-11-30T15:49:20.385-0500] [ERROR] clipboard_event_selection_request: unknown target unknown atom 0x00000219
[2025-11-30T15:49:20.484-0500] [ERROR] clipboard_event_selection_request: unknown target unknown atom 0x00000219
[2025-11-30T15:49:21.442-0500] [ERROR] clipboard_event_selection_request: unknown target unknown atom 0x00000219
[2025-11-30T15:49:21.822-0500] [ERROR] clipboard_event_selection_request: unknown target unknown atom 0x00000219
[2025-11-30T15:49:21.822-0500] [ERROR] clipboard_event_selection_request: unknown target unknown atom 0x00000219
[2025-11-30T15:49:21.927-0500] [ERROR] clipboard_event_selection_request: unknown target unknown atom 0x00000219
[2025-11-30T15:49:23.251-0500] [ERROR] clipboard_event_selection_request: unknown target unknown atom 0x00000219
[2025-11-30T15:49:23.704-0500] [ERROR] clipboard_event_selection_request: unknown target unknown atom 0x00000219
[2025-11-30T15:49:24.413-0500] [ERROR] clipboard_event_selection_request: unknown target unknown atom 0x00000219
[2025-11-30T15:49:24.930-0500] [ERROR] clipboard_event_selection_request: unknown target COMPOUND_TEXT
[2025-11-30T15:49:24.930-0500] [ERROR] clipboard_event_selection_request: unknown target COMPOUND_TEXT
[2025-11-30T15:49:25.352-0500] [ERROR] clipboard_event_selection_request: unknown target unknown atom 0x00000219
[2025-11-30T15:49:25.595-0500] [ERROR] clipboard_event_selection_request: unknown target unknown atom 0x00000219
[2025-11-30T15:49:25.595-0500] [ERROR] clipboard_event_selection_request: unknown target unknown atom 0x00000219
[2025-11-30T15:49:25.705-0500] [ERROR] clipboard_event_selection_request: unknown target unknown atom 0x00000219
[2025-11-30T15:49:27.322-0500] [ERROR] clipboard_event_selection_request: unknown target unknown atom 0x00000219
[2025-11-30T15:49:27.495-0500] [ERROR] clipboard_event_selection_request: unknown target unknown atom 0x00000219
[2025-11-30T15:49:27.495-0500] [ERROR] clipboard_event_selection_request: unknown target unknown atom 0x00000219
[2025-11-30T15:49:27.600-0500] [ERROR] clipboard_event_selection_request: unknown target unknown atom 0x00000219
[2025-11-30T15:49:34.942-0500] [ERROR] clipboard_event_selection_request: unknown target COMPOUND_TEXT
[2025-11-30T15:49:35.544-0500] [ERROR] clipboard_event_selection_request: unknown target COMPOUND_TEXT
[2025-11-30T15:49:35.548-0500] [ERROR] clipboard_event_selection_request: unknown target COMPOUND_TEXT
[2025-11-30T15:49:37.537-0500] [ERROR] clipboard_event_selection_request: unknown target unknown atom 0x00000219
[2025-11-30T15:49:37.718-0500] [ERROR] clipboard_event_selection_request: unknown target unknown atom 0x00000219
[2025-11-30T15:49:37.721-0500] [ERROR] clipboard_event_selection_request: unknown target unknown atom 0x00000219
[2025-11-30T15:49:37.813-0500] [ERROR] clipboard_event_selection_request: unknown target unknown atom 0x00000219
[2025-11-30T15:49:37.825-0500] [ERROR] clipboard_event_selection_request: unknown target unknown atom 0x00000219
[2025-11-30T15:49:37.825-0500] [ERROR] clipboard_event_selection_request: unknown target unknown atom 0x00000219
[2025-11-30T15:49:37.826-0500] [ERROR] clipboard_event_selection_request: unknown target unknown atom 0x00000219
[2025-11-30T15:49:37.929-0500] [ERROR] clipboard_event_selection_request: unknown target unknown atom 0x00000219
[2025-11-30T15:49:44.515-0500] [ERROR] clipboard_event_selection_request: unknown target COMPOUND_TEXT
[2025-11-30T15:49:44.742-0500] [ERROR] clipboard_event_selection_request: unknown target unknown atom 0x00000219
[2025-11-30T15:49:44.743-0500] [ERROR] clipboard_event_selection_request: unknown target unknown atom 0x00000219
[2025-11-30T15:49:44.841-0500] [ERROR] clipboard_event_selection_request: unknown target unknown atom 0x00000219
[2025-11-30T15:49:44.850-0500] [ERROR] clipboard_event_selection_request: unknown target unknown atom 0x00000219
[2025-11-30T15:49:44.859-0500] [ERROR] clipboard_event_selection_request: unknown target unknown atom 0x00000219
[2025-11-30T15:49:44.859-0500] [ERROR] clipboard_event_selection_request: unknown target unknown atom 0x00000219
[2025-11-30T15:49:44.959-0500] [ERROR] clipboard_event_selection_request: unknown target unknown atom 0x00000219
[2025-11-30T15:49:45.862-0500] [ERROR] clipboard_event_selection_request: unknown target COMPOUND_TEXT
[2025-11-30T15:49:46.747-0500] [ERROR] clipboard_event_selection_request: unknown target COMPOUND_TEXT
[2025-11-30T15:49:46.862-0500] [ERROR] clipboard_event_selection_request: unknown target COMPOUND_TEXT
[2025-11-30T15:49:48.964-0500] [ERROR] clipboard_event_selection_request: unknown target COMPOUND_TEXT
[2025-11-30T15:49:50.132-0500] [ERROR] clipboard_event_selection_request: unknown target COMPOUND_TEXT
[2025-11-30T15:49:51.289-0500] [ERROR] clipboard_event_selection_request: unknown target COMPOUND_TEXT
[2025-11-30T15:49:56.653-0500] [ERROR] clipboard_event_selection_request: unknown target COMPOUND_TEXT
[2025-11-30T15:49:58.554-0500] [ERROR] clipboard_event_selection_request: unknown target COMPOUND_TEXT
[2025-11-30T16:07:38.499-0500] [ERROR] clipboard_event_selection_request: unknown target unknown atom 0x00000219
[2025-11-30T16:07:38.499-0500] [ERROR] clipboard_event_selection_request: unknown target unknown atom 0x00000219
[2025-11-30T16:07:42.900-0500] [ERROR] clipboard_event_selection_request: unknown target unknown atom 0x00000219
[2025-11-30T16:07:42.900-0500] [ERROR] clipboard_event_selection_request: unknown target unknown atom 0x00000219
[2025-11-30T16:07:42.999-0500] [ERROR] clipboard_event_selection_request: unknown target unknown atom 0x00000219
[2025-11-30T16:07:43.805-0500] [ERROR] clipboard_event_selection_request: unknown target unknown atom 0x00000219
[2025-11-30T16:07:43.164-0500] [ERROR] clipboard_event_selection_request: unknown target unknown atom 0x00000219
[2025-11-30T16:07:43.168-0500] [ERROR] clipboard_event_selection_request: unknown target unknown atom 0x00000219
[2025-11-30T16:07:43.113-0500] [ERROR] clipboard_event_selection_request: unknown target unknown atom 0x00000219
[2025-11-30T16:07:47.195-0500] [ERROR] clipboard_event_selection_request: unknown target unknown atom 0x00000219
[2025-11-30T16:08:09.702-0500] [ERROR] clipboard_event_selection_request: unknown target unknown atom 0x00000219
[2025-11-30T16:08:09.703-0500] [ERROR] clipboard_event_selection_request: unknown target unknown atom 0x00000219
[2025-11-30T16:08:10.375-0500] [ERROR] clipboard_event_selection_request: unknown target unknown atom 0x00000219
[2025-11-30T16:08:10.811-0500] [ERROR] clipboard_event_selection_request: unknown target unknown atom 0x00000219
[2025-11-30T16:08:10.811-0500] [ERROR] clipboard_event_selection_request: unknown target unknown atom 0x00000219
[2025-11-30T16:08:12.811-0500] [ERROR] clipboard_event_selection_request: unknown target unknown atom 0x00000219
[2025-11-30T16:08:12.811-0500] [ERROR] clipboard_event_selection_request: unknown target unknown atom 0x00000219
[2025-11-30T16:08:15.588-0500] [ERROR] clipboard_event_selection_request: unknown target unknown atom 0x00000219
[2025-11-30T16:08:15.588-0500] [ERROR] clipboard_event_selection_request: unknown target unknown atom 0x00000219
[2025-11-30T16:08:16.674-0500] [ERROR] clipboard_event_selection_request: unknown target unknown atom 0x00000219
[2025-11-30T16:08:16.674-0500] [ERROR] clipboard_event_selection_request: unknown target unknown atom 0x00000219
[2025-11-30T16:08:17.122-0500] [ERROR] clipboard_event_selection_request: unknown target unknown atom 0x00000219
[2025-11-30T16:08:19.473-0500] [ERROR] clipboard_event_selection_request: unknown target unknown atom 0x00000219
[2025-11-30T16:08:19.473-0500] [ERROR] clipboard_event_selection_request: unknown target unknown atom 0x00000219
[2025-11-30T16:08:40.759-0500] [ERROR] clipboard_event_selection_request: unknown target COMPOUND_TEXT
[2025-11-30T16:08:41.854-0500] [ERROR] clipboard_event_selection_request: unknown target COMPOUND_TEXT
[2025-11-30T16:08:47.758-0500] [ERROR] clipboard_event_selection_request: unknown target COMPOUND_TEXT
[2025-11-30T16:08:50.560-0500] [ERROR] clipboard_event_selection_request: unknown target COMPOUND_TEXT
[2025-11-30T16:10:36.150-0500] [ERROR] clipboard_event_selection_request: unknown target unknown atom 0x00000219
[2025-11-30T16:10:36.150-0500] [ERROR] clipboard_event_selection_request: unknown target unknown atom 0x00000219
[2025-11-30T16:12:03.939-0500] [ERROR] clipboard_event_selection_request: unknown target unknown atom 0x00000219
[2025-11-30T16:12:04.868-0500] [ERROR] clipboard_event_selection_request: unknown target unknown atom 0x00000219
[2025-11-30T16:12:04.868-0500] [ERROR] clipboard_event_selection_request: unknown target unknown atom 0x00000219
[2025-11-30T16:12:04.973-0500] [ERROR] clipboard_event_selection_request: unknown target unknown atom 0x00000219
[2025-11-30T16:12:06.260-0500] [ERROR] clipboard_event_selection_request: unknown target unknown atom 0x00000219
[2025-11-30T16:12:06.485-0500] [ERROR] clipboard_event_selection_request: unknown target unknown atom 0x00000219
[2025-11-30T16:12:09.850-0500] [ERROR] clipboard_event_selection_request: unknown target unknown atom 0x00000219
[2025-11-30T16:12:09.854-0500] [ERROR] clipboard_event_selection_request: unknown target unknown atom 0x00000219
[2025-11-30T16:12:10.169-0500] [ERROR] clipboard_event_selection_request: unknown target unknown atom 0x00000219
[2025-11-30T16:12:10.170-0500] [ERROR] clipboard_event_selection_request: unknown target unknown atom 0x00000219
[2025-11-30T16:12:12.972-0500] [ERROR] clipboard_event_selection_request: unknown target unknown atom 0x00000219
[2025-11-30T16:12:12.972-0500] [ERROR] clipboard_event_selection_request: unknown target unknown atom 0x00000219
