[2025-11-10T15:33:50.820-0500] [INFO ] Socket 14: connection accepted from AF_UNIX
[2025-11-10T15:33:50.822-0500] [INFO ] sound_process_output_format:
[2025-11-10T15:33:50.822-0500] [INFO ]       wFormatNo       0
[2025-11-10T15:33:50.822-0500] [INFO ]       wFormatTag      WAVE_FORMAT_PCM
[2025-11-10T15:33:50.822-0500] [INFO ]       nChannels       2
[2025-11-10T15:33:50.823-0500] [INFO ]       nSamplesPerSec  44100
[2025-11-10T15:33:50.824-0500] [INFO ]       nAvgBytesPerSec 176400
[2025-11-10T15:33:50.824-0500] [INFO ]       nBlockAlign     4
[2025-11-10T15:33:50.824-0500] [INFO ]       wBitsPerSample  16
[2025-11-10T15:33:50.824-0500] [INFO ]       cbSize          0
[2025-11-10T15:33:50.824-0500] [INFO ] sound_process_output_format:
[2025-11-10T15:33:50.825-0500] [INFO ]       wFormatNo       1
[2025-11-10T15:33:50.825-0500] [INFO ]       wFormatTag      WAVE_FORMAT_PCM
[2025-11-10T15:33:50.825-0500] [INFO ]       nChannels       2
[2025-11-10T15:33:50.825-0500] [INFO ]       nSamplesPerSec  22050
[2025-11-10T15:33:50.825-0500] [INFO ]       nAvgBytesPerSec 88200
[2025-11-10T15:33:50.826-0500] [INFO ]       nBlockAlign     4
[2025-11-10T15:33:50.826-0500] [INFO ]       wBitsPerSample  16
[2025-11-10T15:33:50.826-0500] [INFO ]       cbSize          0
[2025-11-10T15:33:50.841-0500] [INFO ] sound_process_training: round trip time 15
[2025-11-10T15:34:45.913-0500] [INFO ] Socket 16: connection accepted from AF_UNIX
[2025-11-10T15:34:45.915-0500] [INFO ] sound_process_output_format:
[2025-11-10T15:34:45.915-0500] [INFO ]       wFormatNo       0
[2025-11-10T15:34:45.915-0500] [INFO ]       wFormatTag      WAVE_FORMAT_PCM
[2025-11-10T15:34:45.915-0500] [INFO ]       nChannels       2
[2025-11-10T15:34:45.915-0500] [INFO ]       nSamplesPerSec  44100
[2025-11-10T15:34:45.916-0500] [INFO ]       nAvgBytesPerSec 176400
[2025-11-10T15:34:45.916-0500] [INFO ]       nBlockAlign     4
[2025-11-10T15:34:45.916-0500] [INFO ]       wBitsPerSample  16
[2025-11-10T15:34:45.916-0500] [INFO ]       cbSize          0
[2025-11-10T15:34:45.916-0500] [INFO ] sound_process_output_format:
[2025-11-10T15:34:45.917-0500] [INFO ]       wFormatNo       1
[2025-11-10T15:34:45.917-0500] [INFO ]       wFormatTag      WAVE_FORMAT_PCM
[2025-11-10T15:34:45.917-0500] [INFO ]       nChannels       2
[2025-11-10T15:34:45.917-0500] [INFO ]       nSamplesPerSec  22050
[2025-11-10T15:34:45.917-0500] [INFO ]       nAvgBytesPerSec 88200
[2025-11-10T15:34:45.918-0500] [INFO ]       nBlockAlign     4
[2025-11-10T15:34:45.918-0500] [INFO ]       wBitsPerSample  16
[2025-11-10T15:34:45.918-0500] [INFO ]       cbSize          0
[2025-11-10T15:34:45.926-0500] [INFO ] sound_process_training: round trip time 7
[2025-11-10T15:39:12.619-0500] [INFO ] Socket 18: connection accepted from AF_UNIX
[2025-11-10T15:39:49.785-0500] [ERROR] clipboard_event_selection_request: unknown target resource-transfer-format:1762807187679:939455271
[2025-11-10T15:39:49.787-0500] [ERROR] clipboard_event_selection_request: unknown target resource-transfer-format:1762807187679:939455271
[2025-11-10T15:42:34.512-0500] [ERROR] clipboard_event_selection_request: unknown target rodin-element
[2025-11-10T15:44:17.758-0500] [ERROR] clipboard_event_selection_request: unknown target rodin-element
[2025-11-10T15:44:22.341-0500] [ERROR] clipboard_event_selection_request: unknown target rodin-element
[2025-11-10T15:44:28.808-0500] [ERROR] clipboard_event_selection_request: unknown target rodin-element
[2025-11-10T15:44:47.919-0500] [ERROR] clipboard_event_selection_request: unknown target rodin-element
[2025-11-10T15:44:54.775-0500] [ERROR] clipboard_event_selection_request: unknown target rodin-element
