[2025-09-15T16:21:14.828-0400] [INFO ] Socket 14: connection accepted from AF_UNIX
[2025-09-15T16:21:15.445-0400] [INFO ] Socket 16: connection accepted from AF_UNIX
[2025-09-15T16:21:15.454-0400] [INFO ] sound_process_output_format:
[2025-09-15T16:21:15.456-0400] [INFO ]       wFormatNo       0
[2025-09-15T16:21:15.458-0400] [INFO ]       wFormatTag      WAVE_FORMAT_PCM
[2025-09-15T16:21:15.461-0400] [INFO ]       nChannels       2
[2025-09-15T16:21:15.463-0400] [INFO ]       nSamplesPerSec  44100
[2025-09-15T16:21:15.465-0400] [INFO ]       nAvgBytesPerSec 176400
[2025-09-15T16:21:15.471-0400] [INFO ]       nBlockAlign     4
[2025-09-15T16:21:15.473-0400] [INFO ]       wBitsPerSample  16
[2025-09-15T16:21:15.476-0400] [INFO ]       cbSize          0
[2025-09-15T16:21:15.478-0400] [INFO ] sound_process_output_format:
[2025-09-15T16:21:15.480-0400] [INFO ]       wFormatNo       1
[2025-09-15T16:21:15.482-0400] [INFO ]       wFormatTag      WAVE_FORMAT_PCM
[2025-09-15T16:21:15.490-0400] [INFO ]       nChannels       2
[2025-09-15T16:21:15.492-0400] [INFO ]       nSamplesPerSec  22050
[2025-09-15T16:21:15.494-0400] [INFO ]       nAvgBytesPerSec 88200
[2025-09-15T16:21:15.496-0400] [INFO ]       nBlockAlign     4
[2025-09-15T16:21:15.499-0400] [INFO ]       wBitsPerSample  16
[2025-09-15T16:21:15.501-0400] [INFO ]       cbSize          0
[2025-09-15T16:21:15.587-0400] [INFO ] sound_process_training: round trip time 8
[2025-09-15T16:21:16.843-0400] [INFO ] Socket 16: connection accepted from AF_UNIX
[2025-09-15T16:21:16.844-0400] [INFO ] sound_process_output_format:
[2025-09-15T16:21:16.845-0400] [INFO ]       wFormatNo       0
[2025-09-15T16:21:16.845-0400] [INFO ]       wFormatTag      WAVE_FORMAT_PCM
[2025-09-15T16:21:16.845-0400] [INFO ]       nChannels       2
[2025-09-15T16:21:16.845-0400] [INFO ]       nSamplesPerSec  44100
[2025-09-15T16:21:16.846-0400] [INFO ]       nAvgBytesPerSec 176400
[2025-09-15T16:21:16.846-0400] [INFO ]       nBlockAlign     4
[2025-09-15T16:21:16.846-0400] [INFO ]       wBitsPerSample  16
[2025-09-15T16:21:16.846-0400] [INFO ]       cbSize          0
[2025-09-15T16:21:16.847-0400] [INFO ] sound_process_output_format:
[2025-09-15T16:21:16.847-0400] [INFO ]       wFormatNo       1
[2025-09-15T16:21:16.847-0400] [INFO ]       wFormatTag      WAVE_FORMAT_PCM
[2025-09-15T16:21:16.847-0400] [INFO ]       nChannels       2
[2025-09-15T16:21:16.848-0400] [INFO ]       nSamplesPerSec  22050
[2025-09-15T16:21:16.848-0400] [INFO ]       nAvgBytesPerSec 88200
[2025-09-15T16:21:16.849-0400] [INFO ]       nBlockAlign     4
[2025-09-15T16:21:16.849-0400] [INFO ]       wBitsPerSample  16
[2025-09-15T16:21:16.849-0400] [INFO ]       cbSize          0
[2025-09-15T16:21:16.860-0400] [INFO ] sound_process_training: round trip time 11
[2025-09-15T16:21:33.469-0400] [ERROR] clipboard_event_selection_request: unknown target resource-transfer-format:1757967691689:1717104778
[2025-09-15T16:21:33.470-0400] [ERROR] clipboard_event_selection_request: unknown target resource-transfer-format:1757967691689:1717104778
[2025-09-15T16:21:36.159-0400] [ERROR] clipboard_event_selection_request: unknown target resource-transfer-format:1757967691689:1717104778
[2025-09-15T16:21:36.167-0400] [ERROR] clipboard_event_selection_request: unknown target resource-transfer-format:1757967691689:1717104778
[2025-09-15T16:21:38.403-0400] [ERROR] clipboard_event_selection_request: unknown target resource-transfer-format:1757967691689:1717104778
[2025-09-15T16:22:15.105-0400] [ERROR] clipboard_event_selection_request: unknown target text/plain;charset=utf-8
[2025-09-15T16:22:15.108-0400] [ERROR] clipboard_event_selection_request: unknown target text/plain;charset=utf-8
[2025-09-15T16:22:15.110-0400] [ERROR] clipboard_event_selection_request: unknown target COMPOUND_TEXT
[2025-09-15T16:22:15.111-0400] [ERROR] clipboard_event_selection_request: unknown target COMPOUND_TEXT
[2025-09-15T16:22:15.191-0400] [ERROR] clipboard_event_selection_request: unknown target text/plain;charset=utf-8
[2025-09-15T16:22:15.196-0400] [ERROR] clipboard_event_selection_request: unknown target COMPOUND_TEXT
[2025-09-15T16:22:15.333-0400] [ERROR] clipboard_event_selection_request: unknown target text/plain;charset=utf-8
[2025-09-15T16:22:15.333-0400] [ERROR] clipboard_event_selection_request: unknown target text/plain;charset=utf-8
[2025-09-15T16:22:15.337-0400] [ERROR] clipboard_event_selection_request: unknown target text/plain;charset=utf-8
[2025-09-15T16:22:15.337-0400] [ERROR] clipboard_event_selection_request: unknown target text/plain;charset=utf-8
[2025-09-15T16:22:15.338-0400] [ERROR] clipboard_event_selection_request: unknown target COMPOUND_TEXT
[2025-09-15T16:22:15.338-0400] [ERROR] clipboard_event_selection_request: unknown target COMPOUND_TEXT
[2025-09-15T16:22:17.426-0400] [ERROR] clipboard_event_selection_request: unknown target text/plain;charset=utf-8
[2025-09-15T16:22:17.427-0400] [ERROR] clipboard_event_selection_request: unknown target COMPOUND_TEXT
[2025-09-15T16:22:17.548-0400] [ERROR] clipboard_event_selection_request: unknown target text/plain;charset=utf-8
[2025-09-15T16:22:17.552-0400] [ERROR] clipboard_event_selection_request: unknown target text/plain;charset=utf-8
[2025-09-15T16:22:17.552-0400] [ERROR] clipboard_event_selection_request: unknown target COMPOUND_TEXT
[2025-09-15T16:22:17.552-0400] [ERROR] clipboard_event_selection_request: unknown target COMPOUND_TEXT
[2025-09-15T16:22:17.641-0400] [ERROR] clipboard_event_selection_request: unknown target text/plain;charset=utf-8
[2025-09-15T16:22:17.643-0400] [ERROR] clipboard_event_selection_request: unknown target COMPOUND_TEXT
[2025-09-15T16:22:17.654-0400] [ERROR] clipboard_event_selection_request: unknown target text/plain;charset=utf-8
[2025-09-15T16:22:17.654-0400] [ERROR] clipboard_event_selection_request: unknown target text/plain;charset=utf-8
[2025-09-15T16:22:17.654-0400] [ERROR] clipboard_event_selection_request: unknown target text/plain;charset=utf-8
[2025-09-15T16:22:17.655-0400] [ERROR] clipboard_event_selection_request: unknown target COMPOUND_TEXT
[2025-09-15T16:22:17.655-0400] [ERROR] clipboard_event_selection_request: unknown target COMPOUND_TEXT
[2025-09-15T16:22:17.758-0400] [ERROR] clipboard_event_selection_request: unknown target text/plain;charset=utf-8
[2025-09-15T16:22:17.759-0400] [ERROR] clipboard_event_selection_request: unknown target COMPOUND_TEXT
[2025-09-15T16:22:19.371-0400] [ERROR] clipboard_event_selection_request: unknown target text/plain;charset=utf-8
[2025-09-15T16:22:19.371-0400] [ERROR] clipboard_event_selection_request: unknown target text/plain;charset=utf-8
[2025-09-15T16:22:19.380-0400] [ERROR] clipboard_event_selection_request: unknown target COMPOUND_TEXT
[2025-09-15T16:22:19.469-0400] [ERROR] clipboard_event_selection_request: unknown target text/plain;charset=utf-8
[2025-09-15T16:22:19.470-0400] [ERROR] clipboard_event_selection_request: unknown target COMPOUND_TEXT
[2025-09-15T16:22:19.486-0400] [ERROR] clipboard_event_selection_request: unknown target text/plain;charset=utf-8
[2025-09-15T16:22:19.498-0400] [ERROR] clipboard_event_selection_request: unknown target text/plain;charset=utf-8
[2025-09-15T16:22:19.498-0400] [ERROR] clipboard_event_selection_request: unknown target text/plain;charset=utf-8
[2025-09-15T16:22:19.498-0400] [ERROR] clipboard_event_selection_request: unknown target COMPOUND_TEXT
[2025-09-15T16:22:19.499-0400] [ERROR] clipboard_event_selection_request: unknown target COMPOUND_TEXT
[2025-09-15T16:22:19.593-0400] [ERROR] clipboard_event_selection_request: unknown target text/plain;charset=utf-8
[2025-09-15T16:22:19.593-0400] [ERROR] clipboard_event_selection_request: unknown target COMPOUND_TEXT
[2025-09-15T16:22:46.364-0400] [ERROR] clipboard_event_selection_request: unknown target COMPOUND_TEXT
[2025-09-15T16:22:46.365-0400] [ERROR] clipboard_event_selection_request: unknown target COMPOUND_TEXT
[2025-09-15T16:22:48.679-0400] [ERROR] clipboard_event_selection_request: unknown target COMPOUND_TEXT
[2025-09-15T16:22:50.390-0400] [ERROR] clipboard_event_selection_request: unknown target COMPOUND_TEXT
[2025-09-15T16:22:50.564-0400] [ERROR] clipboard_event_selection_request: unknown target COMPOUND_TEXT
[2025-09-15T16:23:09.800-0400] [ERROR] clipboard_event_selection_request: unknown target text/plain;charset=utf-8
[2025-09-15T16:23:09.801-0400] [ERROR] clipboard_event_selection_request: unknown target COMPOUND_TEXT
[2025-09-15T16:23:09.801-0400] [ERROR] clipboard_event_selection_request: unknown target text/plain;charset=utf-8
[2025-09-15T16:23:09.801-0400] [ERROR] clipboard_event_selection_request: unknown target COMPOUND_TEXT
[2025-09-15T16:23:10.752-0400] [ERROR] clipboard_event_selection_request: unknown target text/plain;charset=utf-8
[2025-09-15T16:23:10.753-0400] [ERROR] clipboard_event_selection_request: unknown target COMPOUND_TEXT
[2025-09-15T16:23:10.754-0400] [ERROR] clipboard_event_selection_request: unknown target text/plain;charset=utf-8
[2025-09-15T16:23:10.754-0400] [ERROR] clipboard_event_selection_request: unknown target COMPOUND_TEXT
[2025-09-15T16:23:11.152-0400] [ERROR] clipboard_event_selection_request: unknown target text/plain;charset=utf-8
[2025-09-15T16:23:11.153-0400] [ERROR] clipboard_event_selection_request: unknown target COMPOUND_TEXT
[2025-09-15T16:23:11.154-0400] [ERROR] clipboard_event_selection_request: unknown target text/plain;charset=utf-8
[2025-09-15T16:23:11.154-0400] [ERROR] clipboard_event_selection_request: unknown target COMPOUND_TEXT
[2025-09-15T16:23:11.345-0400] [ERROR] clipboard_event_selection_request: unknown target text/plain;charset=utf-8
[2025-09-15T16:23:11.346-0400] [ERROR] clipboard_event_selection_request: unknown target COMPOUND_TEXT
[2025-09-15T16:23:11.346-0400] [ERROR] clipboard_event_selection_request: unknown target text/plain;charset=utf-8
[2025-09-15T16:23:11.347-0400] [ERROR] clipboard_event_selection_request: unknown target COMPOUND_TEXT
[2025-09-15T16:24:44.373-0400] [ERROR] clipboard_event_selection_request: unknown target text/plain;charset=utf-8
[2025-09-15T16:24:44.374-0400] [ERROR] clipboard_event_selection_request: unknown target text/plain;charset=utf-8
[2025-09-15T16:24:44.378-0400] [ERROR] clipboard_event_selection_request: unknown target COMPOUND_TEXT
[2025-09-15T16:25:15.412-0400] [ERROR] clipboard_event_selection_request: unknown target COMPOUND_TEXT
