[2025-09-15T18:01:45.647-0400] [INFO ] Socket 14: connection accepted from AF_UNIX
[2025-09-15T18:01:45.649-0400] [INFO ] sound_process_output_format:
[2025-09-15T18:01:45.649-0400] [INFO ]       wFormatNo       0
[2025-09-15T18:01:45.649-0400] [INFO ]       wFormatTag      WAVE_FORMAT_PCM
[2025-09-15T18:01:45.649-0400] [INFO ]       nChannels       2
[2025-09-15T18:01:45.650-0400] [INFO ]       nSamplesPerSec  44100
[2025-09-15T18:01:45.650-0400] [INFO ]       nAvgBytesPerSec 176400
[2025-09-15T18:01:45.650-0400] [INFO ]       nBlockAlign     4
[2025-09-15T18:01:45.650-0400] [INFO ]       wBitsPerSample  16
[2025-09-15T18:01:45.650-0400] [INFO ]       cbSize          0
[2025-09-15T18:01:45.650-0400] [INFO ] sound_process_output_format:
[2025-09-15T18:01:45.651-0400] [INFO ]       wFormatNo       1
[2025-09-15T18:01:45.651-0400] [INFO ]       wFormatTag      WAVE_FORMAT_PCM
[2025-09-15T18:01:45.651-0400] [INFO ]       nChannels       2
[2025-09-15T18:01:45.651-0400] [INFO ]       nSamplesPerSec  22050
[2025-09-15T18:01:45.651-0400] [INFO ]       nAvgBytesPerSec 88200
[2025-09-15T18:01:45.652-0400] [INFO ]       nBlockAlign     4
[2025-09-15T18:01:45.652-0400] [INFO ]       wBitsPerSample  16
[2025-09-15T18:01:45.652-0400] [INFO ]       cbSize          0
[2025-09-15T18:01:45.653-0400] [INFO ] sound_process_training: round trip time 1
[2025-09-15T18:02:13.497-0400] [ERROR] clipboard_event_selection_request: unknown target resource-transfer-format:1757973731866:1717104778
[2025-09-15T18:02:13.499-0400] [ERROR] clipboard_event_selection_request: unknown target resource-transfer-format:1757973731866:1717104778
