[2025-12-05T19:34:59.638-0500] [INFO ] Socket 14: connection accepted from AF_UNIX
[2025-12-05T19:34:59.641-0500] [INFO ] sound_process_output_format:
[2025-12-05T19:34:59.642-0500] [INFO ]       wFormatNo       0
[2025-12-05T19:34:59.642-0500] [INFO ]       wFormatTag      WAVE_FORMAT_PCM
[2025-12-05T19:34:59.642-0500] [INFO ]       nChannels       2
[2025-12-05T19:34:59.642-0500] [INFO ]       nSamplesPerSec  44100
[2025-12-05T19:34:59.642-0500] [INFO ]       nAvgBytesPerSec 176400
[2025-12-05T19:34:59.643-0500] [INFO ]       nBlockAlign     4
[2025-12-05T19:34:59.643-0500] [INFO ]       wBitsPerSample  16
[2025-12-05T19:34:59.643-0500] [INFO ]       cbSize          0
[2025-12-05T19:34:59.643-0500] [INFO ] sound_process_output_format:
[2025-12-05T19:34:59.643-0500] [INFO ]       wFormatNo       1
[2025-12-05T19:34:59.644-0500] [INFO ]       wFormatTag      WAVE_FORMAT_PCM
[2025-12-05T19:34:59.644-0500] [INFO ]       nChannels       2
[2025-12-05T19:34:59.644-0500] [INFO ]       nSamplesPerSec  22050
[2025-12-05T19:34:59.644-0500] [INFO ]       nAvgBytesPerSec 88200
[2025-12-05T19:34:59.644-0500] [INFO ]       nBlockAlign     4
[2025-12-05T19:34:59.644-0500] [INFO ]       wBitsPerSample  16
[2025-12-05T19:34:59.645-0500] [INFO ]       cbSize          0
[2025-12-05T19:34:59.646-0500] [INFO ] sound_process_training: round trip time 1
[2025-12-05T19:35:07.451-0500] [ERROR] clipboard_event_selection_request: unknown target text/plain;charset=utf-8
[2025-12-05T19:35:07.453-0500] [ERROR] clipboard_event_selection_request: unknown target text/plain;charset=utf-8
[2025-12-05T19:35:07.533-0500] [ERROR] clipboard_event_selection_request: unknown target text/plain;charset=utf-8
[2025-12-05T19:35:07.671-0500] [ERROR] clipboard_event_selection_request: unknown target text/plain;charset=utf-8
[2025-12-05T19:35:07.671-0500] [ERROR] clipboard_event_selection_request: unknown target text/plain;charset=utf-8
[2025-12-05T19:35:07.671-0500] [ERROR] clipboard_event_selection_request: unknown target text/plain;charset=utf-8
[2025-12-05T19:35:07.776-0500] [ERROR] clipboard_event_selection_request: unknown target text/plain;charset=utf-8
[2025-12-05T19:36:27.652-0500] [INFO ] Socket 16: connection accepted from AF_UNIX
[2025-12-05T19:36:27.653-0500] [INFO ] sound_process_output_format:
[2025-12-05T19:36:27.653-0500] [INFO ]       wFormatNo       0
[2025-12-05T19:36:27.654-0500] [INFO ]       wFormatTag      WAVE_FORMAT_PCM
[2025-12-05T19:36:27.654-0500] [INFO ]       nChannels       2
[2025-12-05T19:36:27.654-0500] [INFO ]       nSamplesPerSec  44100
[2025-12-05T19:36:27.654-0500] [INFO ]       nAvgBytesPerSec 176400
[2025-12-05T19:36:27.654-0500] [INFO ]       nBlockAlign     4
[2025-12-05T19:36:27.655-0500] [INFO ]       wBitsPerSample  16
[2025-12-05T19:36:27.655-0500] [INFO ]       cbSize          0
[2025-12-05T19:36:27.655-0500] [INFO ] sound_process_output_format:
[2025-12-05T19:36:27.655-0500] [INFO ]       wFormatNo       1
[2025-12-05T19:36:27.655-0500] [INFO ]       wFormatTag      WAVE_FORMAT_PCM
[2025-12-05T19:36:27.655-0500] [INFO ]       nChannels       2
[2025-12-05T19:36:27.656-0500] [INFO ]       nSamplesPerSec  22050
[2025-12-05T19:36:27.656-0500] [INFO ]       nAvgBytesPerSec 88200
[2025-12-05T19:36:27.656-0500] [INFO ]       nBlockAlign     4
[2025-12-05T19:36:27.656-0500] [INFO ]       wBitsPerSample  16
[2025-12-05T19:36:27.656-0500] [INFO ]       cbSize          0
[2025-12-05T19:36:27.659-0500] [INFO ] sound_process_training: round trip time 2
[2025-12-05T19:36:30.472-0500] [ERROR] clipboard_event_selection_request: unknown target text/plain;charset=utf-8
[2025-12-05T19:36:30.474-0500] [ERROR] clipboard_event_selection_request: unknown target text/plain;charset=utf-8
[2025-12-05T19:36:30.557-0500] [ERROR] clipboard_event_selection_request: unknown target text/plain;charset=utf-8
[2025-12-05T19:36:30.662-0500] [ERROR] clipboard_event_selection_request: unknown target text/plain;charset=utf-8
[2025-12-05T19:36:30.666-0500] [ERROR] clipboard_event_selection_request: unknown target text/plain;charset=utf-8
[2025-12-05T19:36:30.767-0500] [ERROR] clipboard_event_selection_request: unknown target text/plain;charset=utf-8
[2025-12-05T19:36:30.768-0500] [ERROR] clipboard_event_selection_request: unknown target text/plain;charset=utf-8
[2025-12-05T19:36:30.772-0500] [ERROR] clipboard_event_selection_request: unknown target text/plain;charset=utf-8
[2025-12-05T19:36:30.772-0500] [ERROR] clipboard_event_selection_request: unknown target text/plain;charset=utf-8
[2025-12-05T19:36:33.935-0500] [ERROR] clipboard_event_selection_request: unknown target text/plain;charset=utf-8
[2025-12-05T19:36:33.167-0500] [ERROR] clipboard_event_selection_request: unknown target text/plain;charset=utf-8
[2025-12-05T19:36:33.169-0500] [ERROR] clipboard_event_selection_request: unknown target text/plain;charset=utf-8
[2025-12-05T19:36:33.261-0500] [ERROR] clipboard_event_selection_request: unknown target text/plain;charset=utf-8
[2025-12-05T19:36:33.275-0500] [ERROR] clipboard_event_selection_request: unknown target text/plain;charset=utf-8
[2025-12-05T19:36:33.276-0500] [ERROR] clipboard_event_selection_request: unknown target text/plain;charset=utf-8
[2025-12-05T19:36:33.276-0500] [ERROR] clipboard_event_selection_request: unknown target text/plain;charset=utf-8
[2025-12-05T19:36:33.380-0500] [ERROR] clipboard_event_selection_request: unknown target text/plain;charset=utf-8
[2025-12-05T19:36:49.163-0500] [ERROR] clipboard_event_selection_request: unknown target text/plain;charset=utf-8
[2025-12-05T19:36:49.165-0500] [ERROR] clipboard_event_selection_request: unknown target text/plain;charset=utf-8
[2025-12-05T19:36:49.260-0500] [ERROR] clipboard_event_selection_request: unknown target text/plain;charset=utf-8
[2025-12-05T19:36:49.357-0500] [ERROR] clipboard_event_selection_request: unknown target text/plain;charset=utf-8
[2025-12-05T19:36:49.357-0500] [ERROR] clipboard_event_selection_request: unknown target text/plain;charset=utf-8
[2025-12-05T19:36:49.357-0500] [ERROR] clipboard_event_selection_request: unknown target text/plain;charset=utf-8
[2025-12-05T19:36:49.384-0500] [ERROR] clipboard_event_selection_request: unknown target text/plain;charset=utf-8
[2025-12-05T19:36:50.542-0500] [ERROR] clipboard_event_selection_request: unknown target text/plain;charset=utf-8
[2025-12-05T19:36:50.674-0500] [ERROR] clipboard_event_selection_request: unknown target text/plain;charset=utf-8
[2025-12-05T19:36:50.676-0500] [ERROR] clipboard_event_selection_request: unknown target text/plain;charset=utf-8
[2025-12-05T19:36:50.768-0500] [ERROR] clipboard_event_selection_request: unknown target text/plain;charset=utf-8
[2025-12-05T19:36:50.780-0500] [ERROR] clipboard_event_selection_request: unknown target text/plain;charset=utf-8
[2025-12-05T19:36:50.780-0500] [ERROR] clipboard_event_selection_request: unknown target text/plain;charset=utf-8
[2025-12-05T19:36:50.780-0500] [ERROR] clipboard_event_selection_request: unknown target text/plain;charset=utf-8
[2025-12-05T19:36:50.885-0500] [ERROR] clipboard_event_selection_request: unknown target text/plain;charset=utf-8
[2025-12-05T19:37:01.560-0500] [ERROR] clipboard_event_selection_request: unknown target COMPOUND_TEXT
[2025-12-05T19:37:01.798-0500] [ERROR] clipboard_event_selection_request: unknown target COMPOUND_TEXT
[2025-12-05T19:37:01.799-0500] [ERROR] clipboard_event_selection_request: unknown target COMPOUND_TEXT
[2025-12-05T19:37:06.122-0500] [ERROR] clipboard_event_selection_request: unknown target text/plain;charset=utf-8
[2025-12-05T19:37:07.458-0500] [ERROR] clipboard_event_selection_request: unknown target text/plain;charset=utf-8
[2025-12-05T19:37:08.907-0500] [ERROR] clipboard_event_selection_request: unknown target text/plain;charset=utf-8
[2025-12-05T19:37:20.195-0500] [ERROR] clipboard_event_selection_request: unknown target COMPOUND_TEXT
[2025-12-05T19:37:20.196-0500] [ERROR] clipboard_event_selection_request: unknown target COMPOUND_TEXT
[2025-12-05T19:37:20.379-0500] [ERROR] clipboard_event_selection_request: unknown target COMPOUND_TEXT
[2025-12-05T19:37:20.379-0500] [ERROR] clipboard_event_selection_request: unknown target COMPOUND_TEXT
[2025-12-05T19:37:20.379-0500] [ERROR] clipboard_event_selection_request: unknown target COMPOUND_TEXT
