[2025-11-24T10:14:20.274-0500] [INFO ] Socket 14: connection accepted from AF_UNIX
[2025-11-24T10:14:20.310-0500] [INFO ] sound_process_output_format:
[2025-11-24T10:14:20.312-0500] [INFO ]       wFormatNo       0
[2025-11-24T10:14:20.314-0500] [INFO ]       wFormatTag      WAVE_FORMAT_PCM
[2025-11-24T10:14:20.316-0500] [INFO ]       nChannels       2
[2025-11-24T10:14:20.318-0500] [INFO ]       nSamplesPerSec  44100
[2025-11-24T10:14:20.320-0500] [INFO ]       nAvgBytesPerSec 176400
[2025-11-24T10:14:20.322-0500] [INFO ]       nBlockAlign     4
[2025-11-24T10:14:20.323-0500] [INFO ]       wBitsPerSample  16
[2025-11-24T10:14:20.325-0500] [INFO ]       cbSize          0
[2025-11-24T10:14:20.327-0500] [INFO ] sound_process_output_format:
[2025-11-24T10:14:20.330-0500] [INFO ]       wFormatNo       1
[2025-11-24T10:14:20.332-0500] [INFO ]       wFormatTag      WAVE_FORMAT_PCM
[2025-11-24T10:14:20.334-0500] [INFO ]       nChannels       2
[2025-11-24T10:14:20.335-0500] [INFO ]       nSamplesPerSec  22050
[2025-11-24T10:14:20.337-0500] [INFO ]       nAvgBytesPerSec 88200
[2025-11-24T10:14:20.339-0500] [INFO ]       nBlockAlign     4
[2025-11-24T10:14:20.341-0500] [INFO ]       wBitsPerSample  16
[2025-11-24T10:14:20.343-0500] [INFO ]       cbSize          0
[2025-11-24T10:14:20.349-0500] [INFO ] sound_process_training: round trip time 0
