[2026-01-08T14:36:22.118-0500] [INFO ] Socket 14: connection accepted from AF_UNIX
[2026-01-08T14:36:22.121-0500] [INFO ] sound_process_output_format:
[2026-01-08T14:36:22.121-0500] [INFO ]       wFormatNo       0
[2026-01-08T14:36:22.121-0500] [INFO ]       wFormatTag      WAVE_FORMAT_PCM
[2026-01-08T14:36:22.121-0500] [INFO ]       nChannels       2
[2026-01-08T14:36:22.121-0500] [INFO ]       nSamplesPerSec  44100
[2026-01-08T14:36:22.122-0500] [INFO ]       nAvgBytesPerSec 176400
[2026-01-08T14:36:22.122-0500] [INFO ]       nBlockAlign     4
[2026-01-08T14:36:22.122-0500] [INFO ]       wBitsPerSample  16
[2026-01-08T14:36:22.122-0500] [INFO ]       cbSize          0
[2026-01-08T14:36:22.122-0500] [INFO ] sound_process_output_format:
[2026-01-08T14:36:22.122-0500] [INFO ]       wFormatNo       1
[2026-01-08T14:36:22.123-0500] [INFO ]       wFormatTag      WAVE_FORMAT_PCM
[2026-01-08T14:36:22.123-0500] [INFO ]       nChannels       2
[2026-01-08T14:36:22.123-0500] [INFO ]       nSamplesPerSec  22050
[2026-01-08T14:36:22.123-0500] [INFO ]       nAvgBytesPerSec 88200
[2026-01-08T14:36:22.123-0500] [INFO ]       nBlockAlign     4
[2026-01-08T14:36:22.124-0500] [INFO ]       wBitsPerSample  16
[2026-01-08T14:36:22.124-0500] [INFO ]       cbSize          0
[2026-01-08T14:36:22.136-0500] [INFO ] sound_process_training: round trip time 12
[2026-01-08T14:36:34.155-0500] [INFO ] Socket 16: connection accepted from AF_UNIX
[2026-01-08T14:36:34.156-0500] [INFO ] sound_process_output_format:
[2026-01-08T14:36:34.156-0500] [INFO ]       wFormatNo       0
[2026-01-08T14:36:34.157-0500] [INFO ]       wFormatTag      WAVE_FORMAT_PCM
[2026-01-08T14:36:34.157-0500] [INFO ]       nChannels       2
[2026-01-08T14:36:34.157-0500] [INFO ]       nSamplesPerSec  44100
[2026-01-08T14:36:34.157-0500] [INFO ]       nAvgBytesPerSec 176400
[2026-01-08T14:36:34.158-0500] [INFO ]       nBlockAlign     4
[2026-01-08T14:36:34.158-0500] [INFO ]       wBitsPerSample  16
[2026-01-08T14:36:34.158-0500] [INFO ]       cbSize          0
[2026-01-08T14:36:34.158-0500] [INFO ] sound_process_output_format:
[2026-01-08T14:36:34.158-0500] [INFO ]       wFormatNo       1
[2026-01-08T14:36:34.159-0500] [INFO ]       wFormatTag      WAVE_FORMAT_PCM
[2026-01-08T14:36:34.159-0500] [INFO ]       nChannels       2
[2026-01-08T14:36:34.159-0500] [INFO ]       nSamplesPerSec  22050
[2026-01-08T14:36:34.159-0500] [INFO ]       nAvgBytesPerSec 88200
[2026-01-08T14:36:34.159-0500] [INFO ]       nBlockAlign     4
[2026-01-08T14:36:34.159-0500] [INFO ]       wBitsPerSample  16
[2026-01-08T14:36:34.160-0500] [INFO ]       cbSize          0
[2026-01-08T14:36:34.160-0500] [INFO ] sound_process_training: round trip time 0
[2026-01-08T14:36:35.833-0500] [INFO ] Socket 16: connection accepted from AF_UNIX
[2026-01-08T14:36:35.834-0500] [INFO ] sound_process_output_format:
[2026-01-08T14:36:35.834-0500] [INFO ]       wFormatNo       0
[2026-01-08T14:36:35.834-0500] [INFO ]       wFormatTag      WAVE_FORMAT_PCM
[2026-01-08T14:36:35.835-0500] [INFO ]       nChannels       2
[2026-01-08T14:36:35.835-0500] [INFO ]       nSamplesPerSec  44100
[2026-01-08T14:36:35.835-0500] [INFO ]       nAvgBytesPerSec 176400
[2026-01-08T14:36:35.835-0500] [INFO ]       nBlockAlign     4
[2026-01-08T14:36:35.835-0500] [INFO ]       wBitsPerSample  16
[2026-01-08T14:36:35.836-0500] [INFO ]       cbSize          0
[2026-01-08T14:36:35.836-0500] [INFO ] sound_process_output_format:
[2026-01-08T14:36:35.836-0500] [INFO ]       wFormatNo       1
[2026-01-08T14:36:35.836-0500] [INFO ]       wFormatTag      WAVE_FORMAT_PCM
[2026-01-08T14:36:35.836-0500] [INFO ]       nChannels       2
[2026-01-08T14:36:35.836-0500] [INFO ]       nSamplesPerSec  22050
[2026-01-08T14:36:35.837-0500] [INFO ]       nAvgBytesPerSec 88200
[2026-01-08T14:36:35.837-0500] [INFO ]       nBlockAlign     4
[2026-01-08T14:36:35.837-0500] [INFO ]       wBitsPerSample  16
[2026-01-08T14:36:35.837-0500] [INFO ]       cbSize          0
[2026-01-08T14:36:35.839-0500] [INFO ] sound_process_training: round trip time 2
[2026-01-08T14:38:24.257-0500] [ERROR] clipboard_event_selection_request: unknown target resource-transfer-format:1767901097188:1420795086
[2026-01-08T14:38:24.259-0500] [ERROR] clipboard_event_selection_request: unknown target resource-transfer-format:1767901097188:1420795086
[2026-01-08T14:38:34.600-0500] [ERROR] clipboard_event_selection_request: unknown target resource-transfer-format:1767901097188:1420795086
[2026-01-08T14:38:34.601-0500] [ERROR] clipboard_event_selection_request: unknown target resource-transfer-format:1767901097188:1420795086
[2026-01-08T14:38:39.574-0500] [ERROR] clipboard_event_selection_request: unknown target resource-transfer-format:1767901097188:1420795086
[2026-01-08T14:38:39.574-0500] [ERROR] clipboard_event_selection_request: unknown target resource-transfer-format:1767901097188:1420795086
[2026-01-08T14:38:39.658-0500] [ERROR] clipboard_event_selection_request: unknown target resource-transfer-format:1767901097188:1420795086
[2026-01-08T14:38:39.659-0500] [ERROR] clipboard_event_selection_request: unknown target resource-transfer-format:1767901097188:1420795086
[2026-01-08T14:46:29.103-0500] [INFO ] Socket 18: connection accepted from AF_UNIX
[2026-01-08T14:48:11.473-0500] [ERROR] clipboard_event_selection_request: unknown target resource-transfer-format:1767901097188:1420795086
[2026-01-08T14:48:48.662-0500] [ERROR] clipboard_event_selection_request: unknown target resource-transfer-format:1767901097188:1420795086
[2026-01-08T14:48:48.664-0500] [ERROR] clipboard_event_selection_request: unknown target resource-transfer-format:1767901097188:1420795086
