[2025-10-10T10:31:42.567-0400] [INFO ] Socket 14: connection accepted from AF_UNIX
[2025-10-10T10:31:42.569-0400] [INFO ] sound_process_output_format:
[2025-10-10T10:31:42.569-0400] [INFO ]       wFormatNo       0
[2025-10-10T10:31:42.569-0400] [INFO ]       wFormatTag      WAVE_FORMAT_PCM
[2025-10-10T10:31:42.570-0400] [INFO ]       nChannels       2
[2025-10-10T10:31:42.570-0400] [INFO ]       nSamplesPerSec  44100
[2025-10-10T10:31:42.570-0400] [INFO ]       nAvgBytesPerSec 176400
[2025-10-10T10:31:42.570-0400] [INFO ]       nBlockAlign     4
[2025-10-10T10:31:42.570-0400] [INFO ]       wBitsPerSample  16
[2025-10-10T10:31:42.571-0400] [INFO ]       cbSize          0
[2025-10-10T10:31:42.571-0400] [INFO ] sound_process_output_format:
[2025-10-10T10:31:42.571-0400] [INFO ]       wFormatNo       1
[2025-10-10T10:31:42.571-0400] [INFO ]       wFormatTag      WAVE_FORMAT_PCM
[2025-10-10T10:31:42.571-0400] [INFO ]       nChannels       2
[2025-10-10T10:31:42.571-0400] [INFO ]       nSamplesPerSec  22050
[2025-10-10T10:31:42.572-0400] [INFO ]       nAvgBytesPerSec 88200
[2025-10-10T10:31:42.572-0400] [INFO ]       nBlockAlign     4
[2025-10-10T10:31:42.572-0400] [INFO ]       wBitsPerSample  16
[2025-10-10T10:31:42.572-0400] [INFO ]       cbSize          0
[2025-10-10T10:31:42.575-0400] [INFO ] sound_process_training: round trip time 3
[2025-10-10T10:31:57.820-0400] [ERROR] clipboard_event_selection_request: unknown target text/plain;charset=utf-8
[2025-10-10T10:31:57.822-0400] [ERROR] clipboard_event_selection_request: unknown target text/plain;charset=utf-8
[2025-10-10T10:31:57.903-0400] [ERROR] clipboard_event_selection_request: unknown target text/plain;charset=utf-8
[2025-10-10T10:31:58.352-0400] [ERROR] clipboard_event_selection_request: unknown target text/plain;charset=utf-8
[2025-10-10T10:31:58.836-0400] [ERROR] clipboard_event_selection_request: unknown target text/plain;charset=utf-8
[2025-10-10T10:31:58.839-0400] [ERROR] clipboard_event_selection_request: unknown target text/plain;charset=utf-8
[2025-10-10T10:31:58.841-0400] [ERROR] clipboard_event_selection_request: unknown target text/plain;charset=utf-8
[2025-10-10T10:31:58.188-0400] [ERROR] clipboard_event_selection_request: unknown target text/plain;charset=utf-8
[2025-10-10T10:31:59.150-0400] [ERROR] clipboard_event_selection_request: unknown target text/plain;charset=utf-8
[2025-10-10T10:31:59.285-0400] [ERROR] clipboard_event_selection_request: unknown target text/plain;charset=utf-8
[2025-10-10T10:31:59.287-0400] [ERROR] clipboard_event_selection_request: unknown target text/plain;charset=utf-8
[2025-10-10T10:31:59.379-0400] [ERROR] clipboard_event_selection_request: unknown target text/plain;charset=utf-8
[2025-10-10T10:31:59.392-0400] [ERROR] clipboard_event_selection_request: unknown target text/plain;charset=utf-8
[2025-10-10T10:31:59.392-0400] [ERROR] clipboard_event_selection_request: unknown target text/plain;charset=utf-8
[2025-10-10T10:31:59.392-0400] [ERROR] clipboard_event_selection_request: unknown target text/plain;charset=utf-8
[2025-10-10T10:31:59.496-0400] [ERROR] clipboard_event_selection_request: unknown target text/plain;charset=utf-8
[2025-10-10T10:32:04.973-0400] [ERROR] clipboard_event_selection_request: unknown target text/plain;charset=utf-8
[2025-10-10T10:32:28.861-0400] [ERROR] clipboard_event_selection_request: unknown target COMPOUND_TEXT
[2025-10-10T10:32:29.106-0400] [ERROR] clipboard_event_selection_request: unknown target COMPOUND_TEXT
[2025-10-10T10:32:29.107-0400] [ERROR] clipboard_event_selection_request: unknown target COMPOUND_TEXT
[2025-10-10T10:32:44.721-0400] [ERROR] clipboard_event_selection_request: unknown target text/plain;charset=utf-8
[2025-10-10T10:32:44.721-0400] [ERROR] clipboard_event_selection_request: unknown target text/plain;charset=utf-8
[2025-10-10T10:33:40.539-0400] [ERROR] clipboard_event_selection_request: unknown target text/plain;charset=utf-8
[2025-10-10T10:33:40.539-0400] [ERROR] clipboard_event_selection_request: unknown target text/plain;charset=utf-8
