[2025-11-25T20:36:26.947-0500] [INFO ] Socket 14: connection accepted from AF_UNIX
[2025-11-25T20:36:26.949-0500] [INFO ] sound_process_output_format:
[2025-11-25T20:36:26.949-0500] [INFO ]       wFormatNo       0
[2025-11-25T20:36:26.950-0500] [INFO ]       wFormatTag      WAVE_FORMAT_PCM
[2025-11-25T20:36:26.950-0500] [INFO ]       nChannels       2
[2025-11-25T20:36:26.950-0500] [INFO ]       nSamplesPerSec  44100
[2025-11-25T20:36:26.950-0500] [INFO ]       nAvgBytesPerSec 176400
[2025-11-25T20:36:26.950-0500] [INFO ]       nBlockAlign     4
[2025-11-25T20:36:26.951-0500] [INFO ]       wBitsPerSample  16
[2025-11-25T20:36:26.951-0500] [INFO ]       cbSize          0
[2025-11-25T20:36:26.951-0500] [INFO ] sound_process_output_format:
[2025-11-25T20:36:26.951-0500] [INFO ]       wFormatNo       1
[2025-11-25T20:36:26.951-0500] [INFO ]       wFormatTag      WAVE_FORMAT_PCM
[2025-11-25T20:36:26.951-0500] [INFO ]       nChannels       2
[2025-11-25T20:36:26.952-0500] [INFO ]       nSamplesPerSec  22050
[2025-11-25T20:36:26.952-0500] [INFO ]       nAvgBytesPerSec 88200
[2025-11-25T20:36:26.952-0500] [INFO ]       nBlockAlign     4
[2025-11-25T20:36:26.952-0500] [INFO ]       wBitsPerSample  16
[2025-11-25T20:36:26.952-0500] [INFO ]       cbSize          0
[2025-11-25T20:36:26.956-0500] [INFO ] sound_process_training: round trip time 3
[2025-11-25T20:36:31.870-0500] [INFO ] Socket 16: connection accepted from AF_UNIX
[2025-11-25T20:36:31.871-0500] [INFO ] sound_process_output_format:
[2025-11-25T20:36:31.872-0500] [INFO ]       wFormatNo       0
[2025-11-25T20:36:31.872-0500] [INFO ]       wFormatTag      WAVE_FORMAT_PCM
[2025-11-25T20:36:31.872-0500] [INFO ]       nChannels       2
[2025-11-25T20:36:31.872-0500] [INFO ]       nSamplesPerSec  44100
[2025-11-25T20:36:31.872-0500] [INFO ]       nAvgBytesPerSec 176400
[2025-11-25T20:36:31.873-0500] [INFO ]       nBlockAlign     4
[2025-11-25T20:36:31.873-0500] [INFO ]       wBitsPerSample  16
[2025-11-25T20:36:31.873-0500] [INFO ]       cbSize          0
[2025-11-25T20:36:31.873-0500] [INFO ] sound_process_output_format:
[2025-11-25T20:36:31.874-0500] [INFO ]       wFormatNo       1
[2025-11-25T20:36:31.874-0500] [INFO ]       wFormatTag      WAVE_FORMAT_PCM
[2025-11-25T20:36:31.874-0500] [INFO ]       nChannels       2
[2025-11-25T20:36:31.874-0500] [INFO ]       nSamplesPerSec  22050
[2025-11-25T20:36:31.875-0500] [INFO ]       nAvgBytesPerSec 88200
[2025-11-25T20:36:31.875-0500] [INFO ]       nBlockAlign     4
[2025-11-25T20:36:31.875-0500] [INFO ]       wBitsPerSample  16
[2025-11-25T20:36:31.875-0500] [INFO ]       cbSize          0
[2025-11-25T20:36:31.877-0500] [INFO ] sound_process_training: round trip time 2
[2025-11-25T20:36:33.625-0500] [INFO ] Socket 16: connection accepted from AF_UNIX
[2025-11-25T20:36:33.626-0500] [INFO ] sound_process_output_format:
[2025-11-25T20:36:33.626-0500] [INFO ]       wFormatNo       0
[2025-11-25T20:36:33.626-0500] [INFO ]       wFormatTag      WAVE_FORMAT_PCM
[2025-11-25T20:36:33.626-0500] [INFO ]       nChannels       2
[2025-11-25T20:36:33.626-0500] [INFO ]       nSamplesPerSec  44100
[2025-11-25T20:36:33.626-0500] [INFO ]       nAvgBytesPerSec 176400
[2025-11-25T20:36:33.627-0500] [INFO ]       nBlockAlign     4
[2025-11-25T20:36:33.627-0500] [INFO ]       wBitsPerSample  16
[2025-11-25T20:36:33.628-0500] [INFO ]       cbSize          0
[2025-11-25T20:36:33.628-0500] [INFO ] sound_process_output_format:
[2025-11-25T20:36:33.628-0500] [INFO ]       wFormatNo       1
[2025-11-25T20:36:33.628-0500] [INFO ]       wFormatTag      WAVE_FORMAT_PCM
[2025-11-25T20:36:33.628-0500] [INFO ]       nChannels       2
[2025-11-25T20:36:33.628-0500] [INFO ]       nSamplesPerSec  22050
[2025-11-25T20:36:33.629-0500] [INFO ]       nAvgBytesPerSec 88200
[2025-11-25T20:36:33.629-0500] [INFO ]       nBlockAlign     4
[2025-11-25T20:36:33.629-0500] [INFO ]       wBitsPerSample  16
[2025-11-25T20:36:33.629-0500] [INFO ]       cbSize          0
[2025-11-25T20:36:33.632-0500] [INFO ] sound_process_training: round trip time 3
[2025-11-25T21:34:26.979-0500] [INFO ] Socket 18: connection accepted from AF_UNIX
