2025-11-30 15:46:03.105 [info] [main] Log level: Info
2025-11-30 15:46:03.105 [info] [main] Validating found git in: "git"
2025-11-30 15:46:03.105 [info] [main] Using git "2.43.7" from "git"
2025-11-30 15:46:03.105 [info] [Model][doInitialScan] Initial repository scan started
2025-11-30 15:46:03.105 [info] > git rev-parse --show-toplevel [3ms]
2025-11-30 15:46:03.105 [info] fatal: not a git repository (or any parent up to mount point /eecs/home)
Stopping at filesystem boundary (GIT_DISCOVERY_ACROSS_FILESYSTEM not set).
2025-11-30 15:46:03.105 [info] [Model][doInitialScan] Initial repository scan completed - repositories (0), closed repositories (0), parent repositories (0), unsafe repositories (0)
2025-11-30 15:46:03.161 [info] > git rev-parse --show-toplevel [3ms]
2025-11-30 15:46:03.161 [info] fatal: not a git repository (or any parent up to mount point /eecs/home)
Stopping at filesystem boundary (GIT_DISCOVERY_ACROSS_FILESYSTEM not set).
2025-11-30 15:46:03.402 [info] > git rev-parse --show-toplevel [2ms]
2025-11-30 15:46:03.402 [info] fatal: not a git repository (or any parent up to mount point /eecs/home)
Stopping at filesystem boundary (GIT_DISCOVERY_ACROSS_FILESYSTEM not set).
2025-11-30 15:46:03.678 [info] > git rev-parse --show-toplevel [2ms]
2025-11-30 15:46:03.678 [info] fatal: not a git repository (or any parent up to mount point /eecs/home)
Stopping at filesystem boundary (GIT_DISCOVERY_ACROSS_FILESYSTEM not set).
2025-11-30 15:46:03.858 [info] > git rev-parse --show-toplevel [2ms]
2025-11-30 15:46:03.858 [info] fatal: not a git repository (or any parent up to mount point /eecs/home)
Stopping at filesystem boundary (GIT_DISCOVERY_ACROSS_FILESYSTEM not set).
2025-11-30 15:51:07.901 [info] [main] Log level: Info
2025-11-30 15:51:07.901 [info] [main] Validating found git in: "git"
2025-11-30 15:51:07.901 [info] [main] Using git "2.43.7" from "git"
2025-11-30 15:51:07.901 [info] [Model][doInitialScan] Initial repository scan started
2025-11-30 15:51:07.902 [info] > git rev-parse --show-toplevel [7ms]
2025-11-30 15:51:07.902 [info] fatal: not a git repository (or any parent up to mount point /eecs/home)
Stopping at filesystem boundary (GIT_DISCOVERY_ACROSS_FILESYSTEM not set).
2025-11-30 15:51:07.902 [info] [Model][doInitialScan] Initial repository scan completed - repositories (0), closed repositories (0), parent repositories (0), unsafe repositories (0)
2025-11-30 15:51:08.852 [info] > git rev-parse --show-toplevel [2ms]
2025-11-30 15:51:08.852 [info] fatal: not a git repository (or any parent up to mount point /eecs/home)
Stopping at filesystem boundary (GIT_DISCOVERY_ACROSS_FILESYSTEM not set).
2025-11-30 15:51:09.740 [info] > git rev-parse --show-toplevel [2ms]
2025-11-30 15:51:09.740 [info] fatal: not a git repository (or any parent up to mount point /eecs/home)
Stopping at filesystem boundary (GIT_DISCOVERY_ACROSS_FILESYSTEM not set).
2025-11-30 15:51:11.073 [info] > git rev-parse --show-toplevel [2ms]
2025-11-30 15:51:11.073 [info] fatal: not a git repository (or any parent up to mount point /eecs/home)
Stopping at filesystem boundary (GIT_DISCOVERY_ACROSS_FILESYSTEM not set).
2025-11-30 15:51:12.148 [info] > git rev-parse --show-toplevel [1ms]
2025-11-30 15:51:12.148 [info] fatal: not a git repository (or any parent up to mount point /eecs/home)
Stopping at filesystem boundary (GIT_DISCOVERY_ACROSS_FILESYSTEM not set).
2025-11-30 15:51:12.906 [info] > git rev-parse --show-toplevel [2ms]
2025-11-30 15:51:12.906 [info] fatal: not a git repository (or any parent up to mount point /eecs/home)
Stopping at filesystem boundary (GIT_DISCOVERY_ACROSS_FILESYSTEM not set).
2025-11-30 15:51:14.692 [info] > git rev-parse --show-toplevel [2ms]
2025-11-30 15:51:14.692 [info] fatal: not a git repository (or any parent up to mount point /eecs/home)
Stopping at filesystem boundary (GIT_DISCOVERY_ACROSS_FILESYSTEM not set).
2025-11-30 15:51:16.418 [info] > git rev-parse --show-toplevel [2ms]
2025-11-30 15:51:16.418 [info] fatal: not a git repository (or any parent up to mount point /eecs/home)
Stopping at filesystem boundary (GIT_DISCOVERY_ACROSS_FILESYSTEM not set).
2025-11-30 15:51:16.795 [info] > git rev-parse --show-toplevel [2ms]
2025-11-30 15:51:16.795 [info] fatal: not a git repository (or any parent up to mount point /eecs/home)
Stopping at filesystem boundary (GIT_DISCOVERY_ACROSS_FILESYSTEM not set).
2025-11-30 15:51:17.180 [info] > git rev-parse --show-toplevel [2ms]
2025-11-30 15:51:17.180 [info] fatal: not a git repository (or any parent up to mount point /eecs/home)
Stopping at filesystem boundary (GIT_DISCOVERY_ACROSS_FILESYSTEM not set).
2025-11-30 15:51:25.290 [info] > git rev-parse --show-toplevel [2ms]
2025-11-30 15:51:25.290 [info] fatal: not a git repository (or any parent up to mount point /eecs/home)
Stopping at filesystem boundary (GIT_DISCOVERY_ACROSS_FILESYSTEM not set).
2025-11-30 15:52:23.954 [info] > git rev-parse --show-toplevel [1ms]
2025-11-30 15:52:23.955 [info] fatal: not a git repository (or any parent up to mount point /eecs/home)
Stopping at filesystem boundary (GIT_DISCOVERY_ACROSS_FILESYSTEM not set).
2025-11-30 15:52:30.718 [info] > git rev-parse --show-toplevel [8ms]
2025-11-30 15:52:30.719 [info] fatal: not a git repository (or any parent up to mount point /eecs/home)
Stopping at filesystem boundary (GIT_DISCOVERY_ACROSS_FILESYSTEM not set).
2025-11-30 15:53:05.282 [info] > git rev-parse --show-toplevel [2ms]
2025-11-30 15:53:05.282 [info] fatal: not a git repository (or any parent up to mount point /eecs/home)
Stopping at filesystem boundary (GIT_DISCOVERY_ACROSS_FILESYSTEM not set).
2025-11-30 15:53:10.053 [info] > git rev-parse --show-toplevel [2ms]
2025-11-30 15:53:10.053 [info] fatal: not a git repository (or any parent up to mount point /eecs/home)
Stopping at filesystem boundary (GIT_DISCOVERY_ACROSS_FILESYSTEM not set).
2025-11-30 15:53:11.488 [info] > git rev-parse --show-toplevel [2ms]
2025-11-30 15:53:11.488 [info] fatal: not a git repository (or any parent up to mount point /eecs/home)
Stopping at filesystem boundary (GIT_DISCOVERY_ACROSS_FILESYSTEM not set).
2025-11-30 15:53:55.585 [info] > git rev-parse --show-toplevel [2ms]
2025-11-30 15:53:55.585 [info] fatal: not a git repository (or any parent up to mount point /eecs/home)
Stopping at filesystem boundary (GIT_DISCOVERY_ACROSS_FILESYSTEM not set).
2025-11-30 15:56:33.017 [info] > git rev-parse --show-toplevel [2ms]
2025-11-30 15:56:33.017 [info] fatal: not a git repository (or any parent up to mount point /eecs/home)
Stopping at filesystem boundary (GIT_DISCOVERY_ACROSS_FILESYSTEM not set).
2025-11-30 15:57:09.442 [info] > git rev-parse --show-toplevel [1ms]
2025-11-30 15:57:09.442 [info] fatal: not a git repository (or any parent up to mount point /eecs/home)
Stopping at filesystem boundary (GIT_DISCOVERY_ACROSS_FILESYSTEM not set).
2025-11-30 15:57:47.446 [info] > git rev-parse --show-toplevel [2ms]
2025-11-30 15:57:47.446 [info] fatal: not a git repository (or any parent up to mount point /eecs/home)
Stopping at filesystem boundary (GIT_DISCOVERY_ACROSS_FILESYSTEM not set).
2025-11-30 15:57:48.343 [info] > git rev-parse --show-toplevel [2ms]
2025-11-30 15:57:48.343 [info] fatal: not a git repository (or any parent up to mount point /eecs/home)
Stopping at filesystem boundary (GIT_DISCOVERY_ACROSS_FILESYSTEM not set).
2025-11-30 15:57:48.826 [info] > git rev-parse --show-toplevel [2ms]
2025-11-30 15:57:48.826 [info] fatal: not a git repository (or any parent up to mount point /eecs/home)
Stopping at filesystem boundary (GIT_DISCOVERY_ACROSS_FILESYSTEM not set).
2025-11-30 15:57:49.335 [info] > git rev-parse --show-toplevel [1ms]
2025-11-30 15:57:49.335 [info] fatal: not a git repository (or any parent up to mount point /eecs/home)
Stopping at filesystem boundary (GIT_DISCOVERY_ACROSS_FILESYSTEM not set).
2025-11-30 15:59:07.215 [info] > git rev-parse --show-toplevel [2ms]
2025-11-30 15:59:07.215 [info] fatal: not a git repository (or any parent up to mount point /eecs/home)
Stopping at filesystem boundary (GIT_DISCOVERY_ACROSS_FILESYSTEM not set).
2025-11-30 15:59:44.036 [info] > git rev-parse --show-toplevel [1ms]
2025-11-30 15:59:44.036 [info] fatal: not a git repository (or any parent up to mount point /eecs/home)
Stopping at filesystem boundary (GIT_DISCOVERY_ACROSS_FILESYSTEM not set).
2025-11-30 15:59:46.691 [info] > git rev-parse --show-toplevel [1ms]
2025-11-30 15:59:46.691 [info] fatal: not a git repository (or any parent up to mount point /eecs/home)
Stopping at filesystem boundary (GIT_DISCOVERY_ACROSS_FILESYSTEM not set).
2025-11-30 15:59:54.313 [info] > git rev-parse --show-toplevel [1ms]
2025-11-30 15:59:54.313 [info] fatal: not a git repository (or any parent up to mount point /eecs/home)
Stopping at filesystem boundary (GIT_DISCOVERY_ACROSS_FILESYSTEM not set).
2025-11-30 16:00:41.455 [info] > git rev-parse --show-toplevel [2ms]
2025-11-30 16:00:41.455 [info] fatal: not a git repository (or any parent up to mount point /eecs/home)
Stopping at filesystem boundary (GIT_DISCOVERY_ACROSS_FILESYSTEM not set).
2025-11-30 16:01:31.576 [info] > git rev-parse --show-toplevel [1ms]
2025-11-30 16:01:31.576 [info] fatal: not a git repository (or any parent up to mount point /eecs/home)
Stopping at filesystem boundary (GIT_DISCOVERY_ACROSS_FILESYSTEM not set).
2025-11-30 16:05:08.119 [info] > git rev-parse --show-toplevel [2ms]
2025-11-30 16:05:08.119 [info] fatal: not a git repository (or any parent up to mount point /eecs/home)
Stopping at filesystem boundary (GIT_DISCOVERY_ACROSS_FILESYSTEM not set).
2025-11-30 16:05:13.011 [info] > git rev-parse --show-toplevel [1ms]
2025-11-30 16:05:13.011 [info] fatal: not a git repository (or any parent up to mount point /eecs/home)
Stopping at filesystem boundary (GIT_DISCOVERY_ACROSS_FILESYSTEM not set).
2025-11-30 16:05:14.743 [info] > git rev-parse --show-toplevel [1ms]
2025-11-30 16:05:14.743 [info] fatal: not a git repository (or any parent up to mount point /eecs/home)
Stopping at filesystem boundary (GIT_DISCOVERY_ACROSS_FILESYSTEM not set).
2025-11-30 16:05:16.511 [info] > git rev-parse --show-toplevel [2ms]
2025-11-30 16:05:16.511 [info] fatal: not a git repository (or any parent up to mount point /eecs/home)
Stopping at filesystem boundary (GIT_DISCOVERY_ACROSS_FILESYSTEM not set).
2025-11-30 16:05:17.047 [info] > git rev-parse --show-toplevel [2ms]
2025-11-30 16:05:17.047 [info] fatal: not a git repository (or any parent up to mount point /eecs/home)
Stopping at filesystem boundary (GIT_DISCOVERY_ACROSS_FILESYSTEM not set).
2025-11-30 16:05:17.723 [info] > git rev-parse --show-toplevel [2ms]
2025-11-30 16:05:17.723 [info] fatal: not a git repository (or any parent up to mount point /eecs/home)
Stopping at filesystem boundary (GIT_DISCOVERY_ACROSS_FILESYSTEM not set).
2025-11-30 16:05:20.845 [info] > git rev-parse --show-toplevel [1ms]
2025-11-30 16:05:20.845 [info] fatal: not a git repository (or any parent up to mount point /eecs/home)
Stopping at filesystem boundary (GIT_DISCOVERY_ACROSS_FILESYSTEM not set).
