2025-11-30 16:08:44.479 [info] [main] Log level: Info
2025-11-30 16:08:44.479 [info] [main] Validating found git in: "git"
2025-11-30 16:08:44.479 [info] [main] Using git "2.43.7" from "git"
2025-11-30 16:08:44.479 [info] [Model][doInitialScan] Initial repository scan started
2025-11-30 16:08:44.479 [info] [Model][doInitialScan] Initial repository scan completed - repositories (0), closed repositories (0), parent repositories (0), unsafe repositories (0)
2025-11-30 16:08:52.303 [info] [main] Log level: Info
2025-11-30 16:08:52.303 [info] [main] Validating found git in: "git"
2025-11-30 16:08:52.303 [info] [main] Using git "2.43.7" from "git"
2025-11-30 16:08:52.303 [info] [Model][doInitialScan] Initial repository scan started
2025-11-30 16:08:52.303 [info] > git rev-parse --show-toplevel [8ms]
2025-11-30 16:08:52.303 [info] fatal: not a git repository (or any parent up to mount point /eecs/home)
Stopping at filesystem boundary (GIT_DISCOVERY_ACROSS_FILESYSTEM not set).
2025-11-30 16:08:52.303 [info] [Model][doInitialScan] Initial repository scan completed - repositories (0), closed repositories (0), parent repositories (0), unsafe repositories (0)
2025-11-30 16:08:52.889 [info] > git rev-parse --show-toplevel [2ms]
2025-11-30 16:08:52.889 [info] fatal: not a git repository (or any parent up to mount point /eecs/home)
Stopping at filesystem boundary (GIT_DISCOVERY_ACROSS_FILESYSTEM not set).
2025-11-30 16:08:53.384 [info] > git rev-parse --show-toplevel [2ms]
2025-11-30 16:08:53.384 [info] fatal: not a git repository (or any parent up to mount point /eecs/home)
Stopping at filesystem boundary (GIT_DISCOVERY_ACROSS_FILESYSTEM not set).
2025-11-30 16:08:53.562 [info] > git rev-parse --show-toplevel [2ms]
2025-11-30 16:08:53.562 [info] fatal: not a git repository (or any parent up to mount point /eecs/home)
Stopping at filesystem boundary (GIT_DISCOVERY_ACROSS_FILESYSTEM not set).
2025-11-30 16:11:46.790 [info] > git rev-parse --show-toplevel [1ms]
2025-11-30 16:11:46.790 [info] fatal: not a git repository (or any parent up to mount point /eecs/home)
Stopping at filesystem boundary (GIT_DISCOVERY_ACROSS_FILESYSTEM not set).
2025-11-30 16:11:50.463 [info] > git rev-parse --show-toplevel [1ms]
2025-11-30 16:11:50.463 [info] fatal: not a git repository (or any parent up to mount point /eecs/home)
Stopping at filesystem boundary (GIT_DISCOVERY_ACROSS_FILESYSTEM not set).
2025-11-30 16:11:51.364 [info] > git rev-parse --show-toplevel [1ms]
2025-11-30 16:11:51.364 [info] fatal: not a git repository (or any parent up to mount point /eecs/home)
Stopping at filesystem boundary (GIT_DISCOVERY_ACROSS_FILESYSTEM not set).
2025-11-30 16:11:51.990 [info] > git rev-parse --show-toplevel [2ms]
2025-11-30 16:11:51.990 [info] fatal: not a git repository (or any parent up to mount point /eecs/home)
Stopping at filesystem boundary (GIT_DISCOVERY_ACROSS_FILESYSTEM not set).
2025-11-30 16:11:52.497 [info] > git rev-parse --show-toplevel [2ms]
2025-11-30 16:11:52.497 [info] fatal: not a git repository (or any parent up to mount point /eecs/home)
Stopping at filesystem boundary (GIT_DISCOVERY_ACROSS_FILESYSTEM not set).
2025-11-30 16:11:53.676 [info] > git rev-parse --show-toplevel [2ms]
2025-11-30 16:11:53.676 [info] fatal: not a git repository (or any parent up to mount point /eecs/home)
Stopping at filesystem boundary (GIT_DISCOVERY_ACROSS_FILESYSTEM not set).
