2025-10-26 15:55:31.698 [info] [main] Log level: Info
2025-10-26 15:55:31.698 [info] [main] Validating found git in: "git"
2025-10-26 15:55:31.698 [info] [main] Using git "2.43.7" from "git"
2025-10-26 15:55:31.698 [info] [Model][doInitialScan] Initial repository scan started
2025-10-26 15:55:31.698 [info] [Model][doInitialScan] Initial repository scan completed - repositories (0), closed repositories (0), parent repositories (0), unsafe repositories (0)
2025-10-26 15:58:14.166 [info] [main] Log level: Info
2025-10-26 15:58:14.166 [info] [main] Validating found git in: "git"
2025-10-26 15:58:14.166 [info] [main] Using git "2.43.7" from "git"
2025-10-26 15:58:14.166 [info] [Model][doInitialScan] Initial repository scan started
2025-10-26 15:58:14.166 [info] > git rev-parse --show-toplevel [7ms]
2025-10-26 15:58:14.166 [info] fatal: not a git repository (or any parent up to mount point /eecs/home)
Stopping at filesystem boundary (GIT_DISCOVERY_ACROSS_FILESYSTEM not set).
2025-10-26 15:58:14.166 [info] [Model][doInitialScan] Initial repository scan completed - repositories (0), closed repositories (0), parent repositories (0), unsafe repositories (0)
2025-10-26 15:58:15.744 [info] > git rev-parse --show-toplevel [2ms]
2025-10-26 15:58:15.744 [info] fatal: not a git repository (or any parent up to mount point /eecs/home)
Stopping at filesystem boundary (GIT_DISCOVERY_ACROSS_FILESYSTEM not set).
2025-10-26 15:58:18.575 [info] > git rev-parse --show-toplevel [1ms]
2025-10-26 15:58:18.575 [info] fatal: not a git repository (or any parent up to mount point /eecs/home)
Stopping at filesystem boundary (GIT_DISCOVERY_ACROSS_FILESYSTEM not set).
2025-10-26 15:58:19.306 [info] > git rev-parse --show-toplevel [2ms]
2025-10-26 15:58:19.306 [info] fatal: not a git repository (or any parent up to mount point /eecs/home)
Stopping at filesystem boundary (GIT_DISCOVERY_ACROSS_FILESYSTEM not set).
2025-10-26 15:58:19.844 [info] > git rev-parse --show-toplevel [2ms]
2025-10-26 15:58:19.844 [info] fatal: not a git repository (or any parent up to mount point /eecs/home)
Stopping at filesystem boundary (GIT_DISCOVERY_ACROSS_FILESYSTEM not set).
2025-10-26 15:58:20.287 [info] > git rev-parse --show-toplevel [2ms]
2025-10-26 15:58:20.287 [info] fatal: not a git repository (or any parent up to mount point /eecs/home)
Stopping at filesystem boundary (GIT_DISCOVERY_ACROSS_FILESYSTEM not set).
2025-10-26 15:58:20.767 [info] > git rev-parse --show-toplevel [1ms]
2025-10-26 15:58:20.767 [info] fatal: not a git repository (or any parent up to mount point /eecs/home)
Stopping at filesystem boundary (GIT_DISCOVERY_ACROSS_FILESYSTEM not set).
2025-10-26 15:58:25.617 [info] > git rev-parse --show-toplevel [1ms]
2025-10-26 15:58:25.618 [info] fatal: not a git repository (or any parent up to mount point /eecs/home)
Stopping at filesystem boundary (GIT_DISCOVERY_ACROSS_FILESYSTEM not set).
2025-10-26 15:58:27.348 [info] > git rev-parse --show-toplevel [2ms]
2025-10-26 15:58:27.348 [info] fatal: not a git repository (or any parent up to mount point /eecs/home)
Stopping at filesystem boundary (GIT_DISCOVERY_ACROSS_FILESYSTEM not set).
2025-10-26 15:58:30.686 [info] > git rev-parse --show-toplevel [2ms]
2025-10-26 15:58:30.686 [info] fatal: not a git repository (or any parent up to mount point /eecs/home)
Stopping at filesystem boundary (GIT_DISCOVERY_ACROSS_FILESYSTEM not set).
2025-10-26 15:58:36.251 [info] > git rev-parse --show-toplevel [2ms]
2025-10-26 15:58:36.251 [info] fatal: not a git repository (or any parent up to mount point /eecs/home)
Stopping at filesystem boundary (GIT_DISCOVERY_ACROSS_FILESYSTEM not set).
2025-10-26 15:58:39.367 [info] > git rev-parse --show-toplevel [4ms]
2025-10-26 15:58:39.367 [info] fatal: not a git repository (or any parent up to mount point /eecs/home)
Stopping at filesystem boundary (GIT_DISCOVERY_ACROSS_FILESYSTEM not set).
2025-10-26 15:58:44.495 [info] > git rev-parse --show-toplevel [4ms]
2025-10-26 15:58:44.495 [info] fatal: not a git repository (or any parent up to mount point /eecs/home)
Stopping at filesystem boundary (GIT_DISCOVERY_ACROSS_FILESYSTEM not set).
2025-10-26 15:58:49.700 [info] > git rev-parse --show-toplevel [2ms]
2025-10-26 15:58:49.700 [info] fatal: not a git repository (or any parent up to mount point /eecs/home)
Stopping at filesystem boundary (GIT_DISCOVERY_ACROSS_FILESYSTEM not set).
2025-10-26 15:58:51.245 [info] > git rev-parse --show-toplevel [2ms]
2025-10-26 15:58:51.245 [info] fatal: not a git repository (or any parent up to mount point /eecs/home)
Stopping at filesystem boundary (GIT_DISCOVERY_ACROSS_FILESYSTEM not set).
2025-10-26 15:58:53.071 [info] > git rev-parse --show-toplevel [1ms]
2025-10-26 15:58:53.071 [info] fatal: not a git repository (or any parent up to mount point /eecs/home)
Stopping at filesystem boundary (GIT_DISCOVERY_ACROSS_FILESYSTEM not set).
2025-10-26 15:59:33.636 [info] > git rev-parse --show-toplevel [1ms]
2025-10-26 15:59:33.637 [info] fatal: not a git repository (or any parent up to mount point /eecs/home)
Stopping at filesystem boundary (GIT_DISCOVERY_ACROSS_FILESYSTEM not set).
2025-10-26 16:00:15.981 [info] > git rev-parse --show-toplevel [1ms]
2025-10-26 16:00:15.981 [info] fatal: not a git repository (or any parent up to mount point /eecs/home)
Stopping at filesystem boundary (GIT_DISCOVERY_ACROSS_FILESYSTEM not set).
2025-10-26 16:01:13.638 [info] > git rev-parse --show-toplevel [1ms]
2025-10-26 16:01:13.638 [info] fatal: not a git repository (or any parent up to mount point /eecs/home)
Stopping at filesystem boundary (GIT_DISCOVERY_ACROSS_FILESYSTEM not set).
2025-10-26 16:01:14.419 [info] > git rev-parse --show-toplevel [2ms]
2025-10-26 16:01:14.419 [info] fatal: not a git repository (or any parent up to mount point /eecs/home)
Stopping at filesystem boundary (GIT_DISCOVERY_ACROSS_FILESYSTEM not set).
2025-10-26 16:01:15.934 [info] > git rev-parse --show-toplevel [2ms]
2025-10-26 16:01:15.934 [info] fatal: not a git repository (or any parent up to mount point /eecs/home)
Stopping at filesystem boundary (GIT_DISCOVERY_ACROSS_FILESYSTEM not set).
2025-10-26 16:01:18.158 [info] > git rev-parse --show-toplevel [2ms]
2025-10-26 16:01:18.158 [info] fatal: not a git repository (or any parent up to mount point /eecs/home)
Stopping at filesystem boundary (GIT_DISCOVERY_ACROSS_FILESYSTEM not set).
2025-10-26 16:01:19.149 [info] > git rev-parse --show-toplevel [1ms]
2025-10-26 16:01:19.149 [info] fatal: not a git repository (or any parent up to mount point /eecs/home)
Stopping at filesystem boundary (GIT_DISCOVERY_ACROSS_FILESYSTEM not set).
2025-10-26 16:01:19.645 [info] > git rev-parse --show-toplevel [1ms]
2025-10-26 16:01:19.645 [info] fatal: not a git repository (or any parent up to mount point /eecs/home)
Stopping at filesystem boundary (GIT_DISCOVERY_ACROSS_FILESYSTEM not set).
2025-10-26 16:01:20.255 [info] > git rev-parse --show-toplevel [2ms]
2025-10-26 16:01:20.255 [info] fatal: not a git repository (or any parent up to mount point /eecs/home)
Stopping at filesystem boundary (GIT_DISCOVERY_ACROSS_FILESYSTEM not set).
2025-10-26 16:01:20.924 [info] > git rev-parse --show-toplevel [1ms]
2025-10-26 16:01:20.924 [info] fatal: not a git repository (or any parent up to mount point /eecs/home)
Stopping at filesystem boundary (GIT_DISCOVERY_ACROSS_FILESYSTEM not set).
2025-10-26 16:01:21.307 [info] > git rev-parse --show-toplevel [3ms]
2025-10-26 16:01:21.307 [info] fatal: not a git repository (or any parent up to mount point /eecs/home)
Stopping at filesystem boundary (GIT_DISCOVERY_ACROSS_FILESYSTEM not set).
2025-10-26 16:01:21.700 [info] > git rev-parse --show-toplevel [2ms]
2025-10-26 16:01:21.700 [info] fatal: not a git repository (or any parent up to mount point /eecs/home)
Stopping at filesystem boundary (GIT_DISCOVERY_ACROSS_FILESYSTEM not set).
2025-10-26 16:04:08.455 [info] > git rev-parse --show-toplevel [1ms]
2025-10-26 16:04:08.457 [info] fatal: not a git repository (or any parent up to mount point /eecs/home)
Stopping at filesystem boundary (GIT_DISCOVERY_ACROSS_FILESYSTEM not set).
2025-10-26 16:04:10.450 [info] > git rev-parse --show-toplevel [3ms]
2025-10-26 16:04:10.450 [info] fatal: not a git repository (or any parent up to mount point /eecs/home)
Stopping at filesystem boundary (GIT_DISCOVERY_ACROSS_FILESYSTEM not set).
2025-10-26 16:04:10.922 [info] > git rev-parse --show-toplevel [4ms]
2025-10-26 16:04:10.922 [info] fatal: not a git repository (or any parent up to mount point /eecs/home)
Stopping at filesystem boundary (GIT_DISCOVERY_ACROSS_FILESYSTEM not set).
2025-10-26 16:04:11.967 [info] > git rev-parse --show-toplevel [2ms]
2025-10-26 16:04:11.967 [info] fatal: not a git repository (or any parent up to mount point /eecs/home)
Stopping at filesystem boundary (GIT_DISCOVERY_ACROSS_FILESYSTEM not set).
2025-10-26 16:04:54.083 [info] > git rev-parse --show-toplevel [2ms]
2025-10-26 16:04:54.083 [info] fatal: not a git repository (or any parent up to mount point /eecs/home)
Stopping at filesystem boundary (GIT_DISCOVERY_ACROSS_FILESYSTEM not set).
2025-10-26 16:05:40.457 [info] > git rev-parse --show-toplevel [2ms]
2025-10-26 16:05:40.457 [info] fatal: not a git repository (or any parent up to mount point /eecs/home)
Stopping at filesystem boundary (GIT_DISCOVERY_ACROSS_FILESYSTEM not set).
2025-10-26 16:05:58.950 [info] > git rev-parse --show-toplevel [2ms]
2025-10-26 16:05:58.950 [info] fatal: not a git repository (or any parent up to mount point /eecs/home)
Stopping at filesystem boundary (GIT_DISCOVERY_ACROSS_FILESYSTEM not set).
2025-10-26 16:05:59.476 [info] > git rev-parse --show-toplevel [4ms]
2025-10-26 16:05:59.476 [info] fatal: not a git repository (or any parent up to mount point /eecs/home)
Stopping at filesystem boundary (GIT_DISCOVERY_ACROSS_FILESYSTEM not set).
2025-10-26 16:06:00.039 [info] > git rev-parse --show-toplevel [27ms]
2025-10-26 16:06:00.039 [info] fatal: not a git repository (or any parent up to mount point /eecs/home)
Stopping at filesystem boundary (GIT_DISCOVERY_ACROSS_FILESYSTEM not set).
2025-10-26 16:06:18.564 [info] > git rev-parse --show-toplevel [1ms]
2025-10-26 16:06:18.564 [info] fatal: not a git repository (or any parent up to mount point /eecs/home)
Stopping at filesystem boundary (GIT_DISCOVERY_ACROSS_FILESYSTEM not set).
2025-10-26 16:06:18.951 [info] > git rev-parse --show-toplevel [1ms]
2025-10-26 16:06:18.951 [info] fatal: not a git repository (or any parent up to mount point /eecs/home)
Stopping at filesystem boundary (GIT_DISCOVERY_ACROSS_FILESYSTEM not set).
2025-10-26 16:06:57.413 [info] > git rev-parse --show-toplevel [0ms]
2025-10-26 16:06:57.414 [info] fatal: not a git repository (or any parent up to mount point /eecs/home)
Stopping at filesystem boundary (GIT_DISCOVERY_ACROSS_FILESYSTEM not set).
2025-10-26 16:07:20.558 [info] > git rev-parse --show-toplevel [1ms]
2025-10-26 16:07:20.558 [info] fatal: not a git repository (or any parent up to mount point /eecs/home)
Stopping at filesystem boundary (GIT_DISCOVERY_ACROSS_FILESYSTEM not set).
2025-10-26 16:07:35.669 [info] > git rev-parse --show-toplevel [4ms]
2025-10-26 16:07:35.669 [info] fatal: not a git repository (or any parent up to mount point /eecs/home)
Stopping at filesystem boundary (GIT_DISCOVERY_ACROSS_FILESYSTEM not set).
2025-10-26 16:07:57.573 [info] > git rev-parse --show-toplevel [3ms]
2025-10-26 16:07:57.573 [info] fatal: not a git repository (or any parent up to mount point /eecs/home)
Stopping at filesystem boundary (GIT_DISCOVERY_ACROSS_FILESYSTEM not set).
2025-10-26 16:08:15.391 [info] > git rev-parse --show-toplevel [2ms]
2025-10-26 16:08:15.391 [info] fatal: not a git repository (or any parent up to mount point /eecs/home)
Stopping at filesystem boundary (GIT_DISCOVERY_ACROSS_FILESYSTEM not set).
2025-10-26 16:08:38.931 [info] > git rev-parse --show-toplevel [1ms]
2025-10-26 16:08:38.931 [info] fatal: not a git repository (or any parent up to mount point /eecs/home)
Stopping at filesystem boundary (GIT_DISCOVERY_ACROSS_FILESYSTEM not set).
2025-10-26 16:08:53.835 [info] > git rev-parse --show-toplevel [1ms]
2025-10-26 16:08:53.835 [info] fatal: not a git repository (or any parent up to mount point /eecs/home)
Stopping at filesystem boundary (GIT_DISCOVERY_ACROSS_FILESYSTEM not set).
2025-10-26 16:08:54.553 [info] > git rev-parse --show-toplevel [45ms]
2025-10-26 16:08:54.553 [info] fatal: not a git repository (or any parent up to mount point /eecs/home)
Stopping at filesystem boundary (GIT_DISCOVERY_ACROSS_FILESYSTEM not set).
2025-10-26 16:09:09.514 [info] > git rev-parse --show-toplevel [2ms]
2025-10-26 16:09:09.514 [info] fatal: not a git repository (or any parent up to mount point /eecs/home)
Stopping at filesystem boundary (GIT_DISCOVERY_ACROSS_FILESYSTEM not set).
2025-10-26 16:09:12.078 [info] > git rev-parse --show-toplevel [7ms]
2025-10-26 16:09:12.078 [info] fatal: not a git repository (or any parent up to mount point /eecs/home)
Stopping at filesystem boundary (GIT_DISCOVERY_ACROSS_FILESYSTEM not set).
2025-10-26 16:11:48.823 [info] > git rev-parse --show-toplevel [1ms]
2025-10-26 16:11:48.824 [info] fatal: not a git repository (or any parent up to mount point /eecs/home)
Stopping at filesystem boundary (GIT_DISCOVERY_ACROSS_FILESYSTEM not set).
2025-10-26 16:12:55.870 [info] > git rev-parse --show-toplevel [2ms]
2025-10-26 16:12:55.870 [info] fatal: not a git repository (or any parent up to mount point /eecs/home)
Stopping at filesystem boundary (GIT_DISCOVERY_ACROSS_FILESYSTEM not set).
2025-10-26 16:13:22.613 [info] > git rev-parse --show-toplevel [2ms]
2025-10-26 16:13:22.613 [info] fatal: not a git repository (or any parent up to mount point /eecs/home)
Stopping at filesystem boundary (GIT_DISCOVERY_ACROSS_FILESYSTEM not set).
2025-10-26 16:13:45.475 [info] > git rev-parse --show-toplevel [1ms]
2025-10-26 16:13:45.475 [info] fatal: not a git repository (or any parent up to mount point /eecs/home)
Stopping at filesystem boundary (GIT_DISCOVERY_ACROSS_FILESYSTEM not set).
2025-10-26 16:14:08.464 [info] > git rev-parse --show-toplevel [2ms]
2025-10-26 16:14:08.464 [info] fatal: not a git repository (or any parent up to mount point /eecs/home)
Stopping at filesystem boundary (GIT_DISCOVERY_ACROSS_FILESYSTEM not set).
2025-10-26 16:16:34.455 [info] > git rev-parse --show-toplevel [1ms]
2025-10-26 16:16:34.456 [info] fatal: not a git repository (or any parent up to mount point /eecs/home)
Stopping at filesystem boundary (GIT_DISCOVERY_ACROSS_FILESYSTEM not set).
2025-10-26 16:16:36.029 [info] > git rev-parse --show-toplevel [1ms]
2025-10-26 16:16:36.029 [info] fatal: not a git repository (or any parent up to mount point /eecs/home)
Stopping at filesystem boundary (GIT_DISCOVERY_ACROSS_FILESYSTEM not set).
2025-10-26 16:17:53.855 [info] > git rev-parse --show-toplevel [1ms]
2025-10-26 16:17:53.856 [info] fatal: not a git repository (or any parent up to mount point /eecs/home)
Stopping at filesystem boundary (GIT_DISCOVERY_ACROSS_FILESYSTEM not set).
2025-10-26 16:17:58.583 [info] > git rev-parse --show-toplevel [1ms]
2025-10-26 16:17:58.583 [info] fatal: not a git repository (or any parent up to mount point /eecs/home)
Stopping at filesystem boundary (GIT_DISCOVERY_ACROSS_FILESYSTEM not set).
2025-10-26 16:20:30.111 [info] > git rev-parse --show-toplevel [1ms]
2025-10-26 16:20:30.111 [info] fatal: not a git repository (or any parent up to mount point /eecs/home)
Stopping at filesystem boundary (GIT_DISCOVERY_ACROSS_FILESYSTEM not set).
2025-10-26 16:20:53.464 [info] > git rev-parse --show-toplevel [2ms]
2025-10-26 16:20:53.464 [info] fatal: not a git repository (or any parent up to mount point /eecs/home)
Stopping at filesystem boundary (GIT_DISCOVERY_ACROSS_FILESYSTEM not set).
2025-10-26 16:21:20.572 [info] > git rev-parse --show-toplevel [2ms]
2025-10-26 16:21:20.572 [info] fatal: not a git repository (or any parent up to mount point /eecs/home)
Stopping at filesystem boundary (GIT_DISCOVERY_ACROSS_FILESYSTEM not set).
2025-10-26 16:21:36.222 [info] > git rev-parse --show-toplevel [2ms]
2025-10-26 16:21:36.222 [info] fatal: not a git repository (or any parent up to mount point /eecs/home)
Stopping at filesystem boundary (GIT_DISCOVERY_ACROSS_FILESYSTEM not set).
2025-10-26 16:21:52.675 [info] > git rev-parse --show-toplevel [1ms]
2025-10-26 16:21:52.675 [info] fatal: not a git repository (or any parent up to mount point /eecs/home)
Stopping at filesystem boundary (GIT_DISCOVERY_ACROSS_FILESYSTEM not set).
2025-10-26 16:22:12.507 [info] > git rev-parse --show-toplevel [1ms]
2025-10-26 16:22:12.507 [info] fatal: not a git repository (or any parent up to mount point /eecs/home)
Stopping at filesystem boundary (GIT_DISCOVERY_ACROSS_FILESYSTEM not set).
2025-10-26 16:22:14.974 [info] > git rev-parse --show-toplevel [1ms]
2025-10-26 16:22:14.974 [info] fatal: not a git repository (or any parent up to mount point /eecs/home)
Stopping at filesystem boundary (GIT_DISCOVERY_ACROSS_FILESYSTEM not set).
2025-10-26 16:22:19.828 [info] > git rev-parse --show-toplevel [2ms]
2025-10-26 16:22:19.828 [info] fatal: not a git repository (or any parent up to mount point /eecs/home)
Stopping at filesystem boundary (GIT_DISCOVERY_ACROSS_FILESYSTEM not set).
2025-10-26 16:22:24.000 [info] > git rev-parse --show-toplevel [2ms]
2025-10-26 16:22:24.000 [info] fatal: not a git repository (or any parent up to mount point /eecs/home)
Stopping at filesystem boundary (GIT_DISCOVERY_ACROSS_FILESYSTEM not set).
2025-10-26 16:22:25.897 [info] > git rev-parse --show-toplevel [2ms]
2025-10-26 16:22:25.897 [info] fatal: not a git repository (or any parent up to mount point /eecs/home)
Stopping at filesystem boundary (GIT_DISCOVERY_ACROSS_FILESYSTEM not set).
2025-10-26 16:22:52.304 [info] > git rev-parse --show-toplevel [2ms]
2025-10-26 16:22:52.304 [info] fatal: not a git repository (or any parent up to mount point /eecs/home)
Stopping at filesystem boundary (GIT_DISCOVERY_ACROSS_FILESYSTEM not set).
2025-10-26 16:23:31.744 [info] > git rev-parse --show-toplevel [1ms]
2025-10-26 16:23:31.744 [info] fatal: not a git repository (or any parent up to mount point /eecs/home)
Stopping at filesystem boundary (GIT_DISCOVERY_ACROSS_FILESYSTEM not set).
2025-10-26 16:28:20.629 [info] > git rev-parse --show-toplevel [1ms]
2025-10-26 16:28:20.629 [info] fatal: not a git repository (or any parent up to mount point /eecs/home)
Stopping at filesystem boundary (GIT_DISCOVERY_ACROSS_FILESYSTEM not set).
2025-10-26 16:28:24.955 [info] > git rev-parse --show-toplevel [1ms]
2025-10-26 16:28:24.955 [info] fatal: not a git repository (or any parent up to mount point /eecs/home)
Stopping at filesystem boundary (GIT_DISCOVERY_ACROSS_FILESYSTEM not set).
2025-10-26 16:33:44.903 [info] > git rev-parse --show-toplevel [2ms]
2025-10-26 16:33:44.903 [info] fatal: not a git repository (or any parent up to mount point /eecs/home)
Stopping at filesystem boundary (GIT_DISCOVERY_ACROSS_FILESYSTEM not set).
2025-10-26 16:35:10.379 [info] > git rev-parse --show-toplevel [1ms]
2025-10-26 16:35:10.380 [info] fatal: not a git repository (or any parent up to mount point /eecs/home)
Stopping at filesystem boundary (GIT_DISCOVERY_ACROSS_FILESYSTEM not set).
2025-10-26 16:35:46.176 [info] > git rev-parse --show-toplevel [1ms]
2025-10-26 16:35:46.176 [info] fatal: not a git repository (or any parent up to mount point /eecs/home)
Stopping at filesystem boundary (GIT_DISCOVERY_ACROSS_FILESYSTEM not set).
2025-10-26 16:38:55.064 [info] > git rev-parse --show-toplevel [1ms]
2025-10-26 16:38:55.065 [info] fatal: not a git repository (or any parent up to mount point /eecs/home)
Stopping at filesystem boundary (GIT_DISCOVERY_ACROSS_FILESYSTEM not set).
2025-10-26 16:39:31.736 [info] > git rev-parse --show-toplevel [1ms]
2025-10-26 16:39:31.736 [info] fatal: not a git repository (or any parent up to mount point /eecs/home)
Stopping at filesystem boundary (GIT_DISCOVERY_ACROSS_FILESYSTEM not set).
2025-10-26 16:39:38.314 [info] > git rev-parse --show-toplevel [2ms]
2025-10-26 16:39:38.314 [info] fatal: not a git repository (or any parent up to mount point /eecs/home)
Stopping at filesystem boundary (GIT_DISCOVERY_ACROSS_FILESYSTEM not set).
2025-10-26 16:39:41.038 [info] > git rev-parse --show-toplevel [2ms]
2025-10-26 16:39:41.038 [info] fatal: not a git repository (or any parent up to mount point /eecs/home)
Stopping at filesystem boundary (GIT_DISCOVERY_ACROSS_FILESYSTEM not set).
2025-10-26 16:39:51.583 [info] > git rev-parse --show-toplevel [2ms]
2025-10-26 16:39:51.583 [info] fatal: not a git repository (or any parent up to mount point /eecs/home)
Stopping at filesystem boundary (GIT_DISCOVERY_ACROSS_FILESYSTEM not set).
2025-10-26 16:39:52.567 [info] > git rev-parse --show-toplevel [2ms]
2025-10-26 16:39:52.567 [info] fatal: not a git repository (or any parent up to mount point /eecs/home)
Stopping at filesystem boundary (GIT_DISCOVERY_ACROSS_FILESYSTEM not set).
2025-10-26 16:40:03.693 [info] > git rev-parse --show-toplevel [1ms]
2025-10-26 16:40:03.693 [info] fatal: not a git repository (or any parent up to mount point /eecs/home)
Stopping at filesystem boundary (GIT_DISCOVERY_ACROSS_FILESYSTEM not set).
2025-10-26 16:40:16.788 [info] > git rev-parse --show-toplevel [1ms]
2025-10-26 16:40:16.788 [info] fatal: not a git repository (or any parent up to mount point /eecs/home)
Stopping at filesystem boundary (GIT_DISCOVERY_ACROSS_FILESYSTEM not set).
2025-10-26 16:40:27.291 [info] > git rev-parse --show-toplevel [3ms]
2025-10-26 16:40:27.291 [info] fatal: not a git repository (or any parent up to mount point /eecs/home)
Stopping at filesystem boundary (GIT_DISCOVERY_ACROSS_FILESYSTEM not set).
2025-10-26 16:47:09.813 [info] > git rev-parse --show-toplevel [1ms]
2025-10-26 16:47:09.813 [info] fatal: not a git repository (or any parent up to mount point /eecs/home)
Stopping at filesystem boundary (GIT_DISCOVERY_ACROSS_FILESYSTEM not set).
2025-10-26 16:50:55.165 [info] > git rev-parse --show-toplevel [1ms]
2025-10-26 16:50:55.165 [info] fatal: not a git repository (or any parent up to mount point /eecs/home)
Stopping at filesystem boundary (GIT_DISCOVERY_ACROSS_FILESYSTEM not set).
2025-10-26 16:50:56.566 [info] > git rev-parse --show-toplevel [2ms]
2025-10-26 16:50:56.566 [info] fatal: not a git repository (or any parent up to mount point /eecs/home)
Stopping at filesystem boundary (GIT_DISCOVERY_ACROSS_FILESYSTEM not set).
2025-10-26 16:51:36.198 [info] > git rev-parse --show-toplevel [1ms]
2025-10-26 16:51:36.198 [info] fatal: not a git repository (or any parent up to mount point /eecs/home)
Stopping at filesystem boundary (GIT_DISCOVERY_ACROSS_FILESYSTEM not set).
2025-10-26 16:52:08.970 [info] > git rev-parse --show-toplevel [1ms]
2025-10-26 16:52:08.970 [info] fatal: not a git repository (or any parent up to mount point /eecs/home)
Stopping at filesystem boundary (GIT_DISCOVERY_ACROSS_FILESYSTEM not set).
2025-10-26 16:53:01.881 [info] > git rev-parse --show-toplevel [2ms]
2025-10-26 16:53:01.881 [info] fatal: not a git repository (or any parent up to mount point /eecs/home)
Stopping at filesystem boundary (GIT_DISCOVERY_ACROSS_FILESYSTEM not set).
2025-10-26 16:55:42.571 [info] > git rev-parse --show-toplevel [2ms]
2025-10-26 16:55:42.571 [info] fatal: not a git repository (or any parent up to mount point /eecs/home)
Stopping at filesystem boundary (GIT_DISCOVERY_ACROSS_FILESYSTEM not set).
2025-10-26 16:56:53.488 [info] > git rev-parse --show-toplevel [2ms]
2025-10-26 16:56:53.488 [info] fatal: not a git repository (or any parent up to mount point /eecs/home)
Stopping at filesystem boundary (GIT_DISCOVERY_ACROSS_FILESYSTEM not set).
2025-10-26 16:57:01.380 [info] > git rev-parse --show-toplevel [2ms]
2025-10-26 16:57:01.380 [info] fatal: not a git repository (or any parent up to mount point /eecs/home)
Stopping at filesystem boundary (GIT_DISCOVERY_ACROSS_FILESYSTEM not set).
2025-10-26 16:57:02.266 [info] > git rev-parse --show-toplevel [2ms]
2025-10-26 16:57:02.266 [info] fatal: not a git repository (or any parent up to mount point /eecs/home)
Stopping at filesystem boundary (GIT_DISCOVERY_ACROSS_FILESYSTEM not set).
2025-10-26 16:57:04.691 [info] > git rev-parse --show-toplevel [2ms]
2025-10-26 16:57:04.691 [info] fatal: not a git repository (or any parent up to mount point /eecs/home)
Stopping at filesystem boundary (GIT_DISCOVERY_ACROSS_FILESYSTEM not set).
2025-10-26 16:57:14.281 [info] > git rev-parse --show-toplevel [1ms]
2025-10-26 16:57:14.281 [info] fatal: not a git repository (or any parent up to mount point /eecs/home)
Stopping at filesystem boundary (GIT_DISCOVERY_ACROSS_FILESYSTEM not set).
2025-10-26 16:57:15.881 [info] > git rev-parse --show-toplevel [2ms]
2025-10-26 16:57:15.881 [info] fatal: not a git repository (or any parent up to mount point /eecs/home)
Stopping at filesystem boundary (GIT_DISCOVERY_ACROSS_FILESYSTEM not set).
2025-10-26 16:57:29.028 [info] > git rev-parse --show-toplevel [3ms]
2025-10-26 16:57:29.028 [info] fatal: not a git repository (or any parent up to mount point /eecs/home)
Stopping at filesystem boundary (GIT_DISCOVERY_ACROSS_FILESYSTEM not set).
2025-10-26 16:57:34.298 [info] > git rev-parse --show-toplevel [2ms]
2025-10-26 16:57:34.298 [info] fatal: not a git repository (or any parent up to mount point /eecs/home)
Stopping at filesystem boundary (GIT_DISCOVERY_ACROSS_FILESYSTEM not set).
2025-10-26 16:57:46.795 [info] > git rev-parse --show-toplevel [1ms]
2025-10-26 16:57:46.795 [info] fatal: not a git repository (or any parent up to mount point /eecs/home)
Stopping at filesystem boundary (GIT_DISCOVERY_ACROSS_FILESYSTEM not set).
2025-10-26 16:57:47.769 [info] > git rev-parse --show-toplevel [1ms]
2025-10-26 16:57:47.769 [info] fatal: not a git repository (or any parent up to mount point /eecs/home)
Stopping at filesystem boundary (GIT_DISCOVERY_ACROSS_FILESYSTEM not set).
2025-10-26 16:57:48.499 [info] > git rev-parse --show-toplevel [2ms]
2025-10-26 16:57:48.499 [info] fatal: not a git repository (or any parent up to mount point /eecs/home)
Stopping at filesystem boundary (GIT_DISCOVERY_ACROSS_FILESYSTEM not set).
2025-10-26 16:58:06.025 [info] > git rev-parse --show-toplevel [2ms]
2025-10-26 16:58:06.025 [info] fatal: not a git repository (or any parent up to mount point /eecs/home)
Stopping at filesystem boundary (GIT_DISCOVERY_ACROSS_FILESYSTEM not set).
2025-10-26 16:58:38.592 [info] > git rev-parse --show-toplevel [1ms]
2025-10-26 16:58:38.592 [info] fatal: not a git repository (or any parent up to mount point /eecs/home)
Stopping at filesystem boundary (GIT_DISCOVERY_ACROSS_FILESYSTEM not set).
2025-10-26 16:58:46.306 [info] > git rev-parse --show-toplevel [1ms]
2025-10-26 16:58:46.307 [info] fatal: not a git repository (or any parent up to mount point /eecs/home)
Stopping at filesystem boundary (GIT_DISCOVERY_ACROSS_FILESYSTEM not set).
2025-10-26 16:58:47.097 [info] > git rev-parse --show-toplevel [3ms]
2025-10-26 16:58:47.097 [info] fatal: not a git repository (or any parent up to mount point /eecs/home)
Stopping at filesystem boundary (GIT_DISCOVERY_ACROSS_FILESYSTEM not set).
2025-10-26 16:58:48.192 [info] > git rev-parse --show-toplevel [2ms]
2025-10-26 16:58:48.192 [info] fatal: not a git repository (or any parent up to mount point /eecs/home)
Stopping at filesystem boundary (GIT_DISCOVERY_ACROSS_FILESYSTEM not set).
2025-10-26 16:58:50.679 [info] > git rev-parse --show-toplevel [2ms]
2025-10-26 16:58:50.679 [info] fatal: not a git repository (or any parent up to mount point /eecs/home)
Stopping at filesystem boundary (GIT_DISCOVERY_ACROSS_FILESYSTEM not set).
2025-10-26 16:58:52.284 [info] > git rev-parse --show-toplevel [1ms]
2025-10-26 16:58:52.284 [info] fatal: not a git repository (or any parent up to mount point /eecs/home)
Stopping at filesystem boundary (GIT_DISCOVERY_ACROSS_FILESYSTEM not set).
2025-10-26 16:58:53.172 [info] > git rev-parse --show-toplevel [2ms]
2025-10-26 16:58:53.172 [info] fatal: not a git repository (or any parent up to mount point /eecs/home)
Stopping at filesystem boundary (GIT_DISCOVERY_ACROSS_FILESYSTEM not set).
2025-10-26 16:58:53.988 [info] > git rev-parse --show-toplevel [1ms]
2025-10-26 16:58:53.988 [info] fatal: not a git repository (or any parent up to mount point /eecs/home)
Stopping at filesystem boundary (GIT_DISCOVERY_ACROSS_FILESYSTEM not set).
2025-10-26 16:59:00.544 [info] > git rev-parse --show-toplevel [2ms]
2025-10-26 16:59:00.544 [info] fatal: not a git repository (or any parent up to mount point /eecs/home)
Stopping at filesystem boundary (GIT_DISCOVERY_ACROSS_FILESYSTEM not set).
2025-10-26 16:59:01.406 [info] > git rev-parse --show-toplevel [2ms]
2025-10-26 16:59:01.406 [info] fatal: not a git repository (or any parent up to mount point /eecs/home)
Stopping at filesystem boundary (GIT_DISCOVERY_ACROSS_FILESYSTEM not set).
2025-10-26 16:59:05.591 [info] > git rev-parse --show-toplevel [2ms]
2025-10-26 16:59:05.591 [info] fatal: not a git repository (or any parent up to mount point /eecs/home)
Stopping at filesystem boundary (GIT_DISCOVERY_ACROSS_FILESYSTEM not set).
2025-10-26 16:59:06.510 [info] > git rev-parse --show-toplevel [1ms]
2025-10-26 16:59:06.510 [info] fatal: not a git repository (or any parent up to mount point /eecs/home)
Stopping at filesystem boundary (GIT_DISCOVERY_ACROSS_FILESYSTEM not set).
2025-10-26 16:59:10.923 [info] > git rev-parse --show-toplevel [3ms]
2025-10-26 16:59:10.923 [info] fatal: not a git repository (or any parent up to mount point /eecs/home)
Stopping at filesystem boundary (GIT_DISCOVERY_ACROSS_FILESYSTEM not set).
2025-10-26 16:59:59.344 [info] > git rev-parse --show-toplevel [2ms]
2025-10-26 16:59:59.344 [info] fatal: not a git repository (or any parent up to mount point /eecs/home)
Stopping at filesystem boundary (GIT_DISCOVERY_ACROSS_FILESYSTEM not set).
2025-10-26 17:00:01.529 [info] > git rev-parse --show-toplevel [1ms]
2025-10-26 17:00:01.529 [info] fatal: not a git repository (or any parent up to mount point /eecs/home)
Stopping at filesystem boundary (GIT_DISCOVERY_ACROSS_FILESYSTEM not set).
2025-10-26 17:00:02.766 [info] > git rev-parse --show-toplevel [1ms]
2025-10-26 17:00:02.766 [info] fatal: not a git repository (or any parent up to mount point /eecs/home)
Stopping at filesystem boundary (GIT_DISCOVERY_ACROSS_FILESYSTEM not set).
2025-10-26 17:00:06.392 [info] > git rev-parse --show-toplevel [2ms]
2025-10-26 17:00:06.392 [info] fatal: not a git repository (or any parent up to mount point /eecs/home)
Stopping at filesystem boundary (GIT_DISCOVERY_ACROSS_FILESYSTEM not set).
2025-10-26 17:00:07.684 [info] > git rev-parse --show-toplevel [8ms]
2025-10-26 17:00:07.684 [info] fatal: not a git repository (or any parent up to mount point /eecs/home)
Stopping at filesystem boundary (GIT_DISCOVERY_ACROSS_FILESYSTEM not set).
2025-10-26 17:00:09.787 [info] > git rev-parse --show-toplevel [2ms]
2025-10-26 17:00:09.787 [info] fatal: not a git repository (or any parent up to mount point /eecs/home)
Stopping at filesystem boundary (GIT_DISCOVERY_ACROSS_FILESYSTEM not set).
2025-10-26 17:00:10.719 [info] > git rev-parse --show-toplevel [2ms]
2025-10-26 17:00:10.719 [info] fatal: not a git repository (or any parent up to mount point /eecs/home)
Stopping at filesystem boundary (GIT_DISCOVERY_ACROSS_FILESYSTEM not set).
2025-10-26 17:00:12.294 [info] > git rev-parse --show-toplevel [2ms]
2025-10-26 17:00:12.294 [info] fatal: not a git repository (or any parent up to mount point /eecs/home)
Stopping at filesystem boundary (GIT_DISCOVERY_ACROSS_FILESYSTEM not set).
2025-10-26 17:00:13.257 [info] > git rev-parse --show-toplevel [2ms]
2025-10-26 17:00:13.257 [info] fatal: not a git repository (or any parent up to mount point /eecs/home)
Stopping at filesystem boundary (GIT_DISCOVERY_ACROSS_FILESYSTEM not set).
2025-10-26 17:00:14.593 [info] > git rev-parse --show-toplevel [2ms]
2025-10-26 17:00:14.593 [info] fatal: not a git repository (or any parent up to mount point /eecs/home)
Stopping at filesystem boundary (GIT_DISCOVERY_ACROSS_FILESYSTEM not set).
2025-10-26 17:00:15.410 [info] > git rev-parse --show-toplevel [2ms]
2025-10-26 17:00:15.410 [info] fatal: not a git repository (or any parent up to mount point /eecs/home)
Stopping at filesystem boundary (GIT_DISCOVERY_ACROSS_FILESYSTEM not set).
2025-10-26 17:00:16.853 [info] > git rev-parse --show-toplevel [57ms]
2025-10-26 17:00:16.853 [info] fatal: not a git repository (or any parent up to mount point /eecs/home)
Stopping at filesystem boundary (GIT_DISCOVERY_ACROSS_FILESYSTEM not set).
2025-10-26 17:00:18.991 [info] > git rev-parse --show-toplevel [2ms]
2025-10-26 17:00:18.991 [info] fatal: not a git repository (or any parent up to mount point /eecs/home)
Stopping at filesystem boundary (GIT_DISCOVERY_ACROSS_FILESYSTEM not set).
2025-10-26 17:00:19.856 [info] > git rev-parse --show-toplevel [3ms]
2025-10-26 17:00:19.856 [info] fatal: not a git repository (or any parent up to mount point /eecs/home)
Stopping at filesystem boundary (GIT_DISCOVERY_ACROSS_FILESYSTEM not set).
2025-10-26 17:00:22.912 [info] > git rev-parse --show-toplevel [1ms]
2025-10-26 17:00:22.913 [info] fatal: not a git repository (or any parent up to mount point /eecs/home)
Stopping at filesystem boundary (GIT_DISCOVERY_ACROSS_FILESYSTEM not set).
2025-10-26 17:00:24.987 [info] > git rev-parse --show-toplevel [2ms]
2025-10-26 17:00:24.987 [info] fatal: not a git repository (or any parent up to mount point /eecs/home)
Stopping at filesystem boundary (GIT_DISCOVERY_ACROSS_FILESYSTEM not set).
2025-10-26 17:00:26.778 [info] > git rev-parse --show-toplevel [2ms]
2025-10-26 17:00:26.778 [info] fatal: not a git repository (or any parent up to mount point /eecs/home)
Stopping at filesystem boundary (GIT_DISCOVERY_ACROSS_FILESYSTEM not set).
2025-10-26 17:00:28.760 [info] > git rev-parse --show-toplevel [2ms]
2025-10-26 17:00:28.760 [info] fatal: not a git repository (or any parent up to mount point /eecs/home)
Stopping at filesystem boundary (GIT_DISCOVERY_ACROSS_FILESYSTEM not set).
2025-10-26 17:00:29.406 [info] > git rev-parse --show-toplevel [1ms]
2025-10-26 17:00:29.406 [info] fatal: not a git repository (or any parent up to mount point /eecs/home)
Stopping at filesystem boundary (GIT_DISCOVERY_ACROSS_FILESYSTEM not set).
2025-10-26 17:00:31.069 [info] > git rev-parse --show-toplevel [1ms]
2025-10-26 17:00:31.069 [info] fatal: not a git repository (or any parent up to mount point /eecs/home)
Stopping at filesystem boundary (GIT_DISCOVERY_ACROSS_FILESYSTEM not set).
2025-10-26 17:00:36.373 [info] > git rev-parse --show-toplevel [1ms]
2025-10-26 17:00:36.374 [info] fatal: not a git repository (or any parent up to mount point /eecs/home)
Stopping at filesystem boundary (GIT_DISCOVERY_ACROSS_FILESYSTEM not set).
2025-10-26 17:00:38.078 [info] > git rev-parse --show-toplevel [2ms]
2025-10-26 17:00:38.078 [info] fatal: not a git repository (or any parent up to mount point /eecs/home)
Stopping at filesystem boundary (GIT_DISCOVERY_ACROSS_FILESYSTEM not set).
2025-10-26 17:00:40.080 [info] > git rev-parse --show-toplevel [2ms]
2025-10-26 17:00:40.080 [info] fatal: not a git repository (or any parent up to mount point /eecs/home)
Stopping at filesystem boundary (GIT_DISCOVERY_ACROSS_FILESYSTEM not set).
2025-10-26 17:00:42.474 [info] > git rev-parse --show-toplevel [2ms]
2025-10-26 17:00:42.474 [info] fatal: not a git repository (or any parent up to mount point /eecs/home)
Stopping at filesystem boundary (GIT_DISCOVERY_ACROSS_FILESYSTEM not set).
2025-10-26 17:03:15.117 [info] > git rev-parse --show-toplevel [1ms]
2025-10-26 17:03:15.118 [info] fatal: not a git repository (or any parent up to mount point /eecs/home)
Stopping at filesystem boundary (GIT_DISCOVERY_ACROSS_FILESYSTEM not set).
2025-10-26 17:03:17.562 [info] > git rev-parse --show-toplevel [1ms]
2025-10-26 17:03:17.562 [info] fatal: not a git repository (or any parent up to mount point /eecs/home)
Stopping at filesystem boundary (GIT_DISCOVERY_ACROSS_FILESYSTEM not set).
2025-10-26 17:34:24.983 [info] > git rev-parse --show-toplevel [2ms]
2025-10-26 17:34:24.983 [info] fatal: not a git repository (or any parent up to mount point /eecs/home)
Stopping at filesystem boundary (GIT_DISCOVERY_ACROSS_FILESYSTEM not set).
2025-10-26 17:34:41.128 [info] > git rev-parse --show-toplevel [1ms]
2025-10-26 17:34:41.128 [info] fatal: not a git repository (or any parent up to mount point /eecs/home)
Stopping at filesystem boundary (GIT_DISCOVERY_ACROSS_FILESYSTEM not set).
2025-10-26 17:45:08.090 [info] > git rev-parse --show-toplevel [2ms]
2025-10-26 17:45:08.152 [info] fatal: not a git repository (or any parent up to mount point /eecs/home)
Stopping at filesystem boundary (GIT_DISCOVERY_ACROSS_FILESYSTEM not set).
2025-10-26 17:45:45.204 [info] > git rev-parse --show-toplevel [2ms]
2025-10-26 17:45:45.204 [info] fatal: not a git repository (or any parent up to mount point /eecs/home)
Stopping at filesystem boundary (GIT_DISCOVERY_ACROSS_FILESYSTEM not set).
2025-10-26 17:47:19.078 [info] > git rev-parse --show-toplevel [2ms]
2025-10-26 17:47:19.078 [info] fatal: not a git repository (or any parent up to mount point /eecs/home)
Stopping at filesystem boundary (GIT_DISCOVERY_ACROSS_FILESYSTEM not set).
2025-10-26 17:47:32.759 [info] > git rev-parse --show-toplevel [2ms]
2025-10-26 17:47:32.759 [info] fatal: not a git repository (or any parent up to mount point /eecs/home)
Stopping at filesystem boundary (GIT_DISCOVERY_ACROSS_FILESYSTEM not set).
2025-10-26 17:47:57.415 [info] > git rev-parse --show-toplevel [2ms]
2025-10-26 17:47:57.415 [info] fatal: not a git repository (or any parent up to mount point /eecs/home)
Stopping at filesystem boundary (GIT_DISCOVERY_ACROSS_FILESYSTEM not set).
2025-10-26 17:49:55.598 [info] > git rev-parse --show-toplevel [2ms]
2025-10-26 17:49:55.598 [info] fatal: not a git repository (or any parent up to mount point /eecs/home)
Stopping at filesystem boundary (GIT_DISCOVERY_ACROSS_FILESYSTEM not set).
2025-10-26 17:57:38.098 [info] > git rev-parse --show-toplevel [1ms]
2025-10-26 17:57:38.099 [info] fatal: not a git repository (or any parent up to mount point /eecs/home)
Stopping at filesystem boundary (GIT_DISCOVERY_ACROSS_FILESYSTEM not set).
2025-10-26 17:57:56.877 [info] > git rev-parse --show-toplevel [1ms]
2025-10-26 17:57:56.877 [info] fatal: not a git repository (or any parent up to mount point /eecs/home)
Stopping at filesystem boundary (GIT_DISCOVERY_ACROSS_FILESYSTEM not set).
2025-10-26 17:58:01.887 [info] > git rev-parse --show-toplevel [1ms]
2025-10-26 17:58:01.887 [info] fatal: not a git repository (or any parent up to mount point /eecs/home)
Stopping at filesystem boundary (GIT_DISCOVERY_ACROSS_FILESYSTEM not set).
2025-10-26 17:58:08.240 [info] > git rev-parse --show-toplevel [4ms]
2025-10-26 17:58:08.240 [info] fatal: not a git repository (or any parent up to mount point /eecs/home)
Stopping at filesystem boundary (GIT_DISCOVERY_ACROSS_FILESYSTEM not set).
2025-10-26 17:58:36.845 [info] > git rev-parse --show-toplevel [1ms]
2025-10-26 17:58:36.845 [info] fatal: not a git repository (or any parent up to mount point /eecs/home)
Stopping at filesystem boundary (GIT_DISCOVERY_ACROSS_FILESYSTEM not set).
2025-10-26 17:58:43.815 [info] > git rev-parse --show-toplevel [1ms]
2025-10-26 17:58:43.815 [info] fatal: not a git repository (or any parent up to mount point /eecs/home)
Stopping at filesystem boundary (GIT_DISCOVERY_ACROSS_FILESYSTEM not set).
2025-10-26 17:58:46.756 [info] > git rev-parse --show-toplevel [3ms]
2025-10-26 17:58:46.756 [info] fatal: not a git repository (or any parent up to mount point /eecs/home)
Stopping at filesystem boundary (GIT_DISCOVERY_ACROSS_FILESYSTEM not set).
2025-10-26 17:58:49.990 [info] > git rev-parse --show-toplevel [1ms]
2025-10-26 17:58:49.990 [info] fatal: not a git repository (or any parent up to mount point /eecs/home)
Stopping at filesystem boundary (GIT_DISCOVERY_ACROSS_FILESYSTEM not set).
2025-10-26 17:58:51.971 [info] > git rev-parse --show-toplevel [1ms]
2025-10-26 17:58:51.971 [info] fatal: not a git repository (or any parent up to mount point /eecs/home)
Stopping at filesystem boundary (GIT_DISCOVERY_ACROSS_FILESYSTEM not set).
2025-10-26 17:58:53.672 [info] > git rev-parse --show-toplevel [1ms]
2025-10-26 17:58:53.672 [info] fatal: not a git repository (or any parent up to mount point /eecs/home)
Stopping at filesystem boundary (GIT_DISCOVERY_ACROSS_FILESYSTEM not set).
2025-10-26 17:58:56.438 [info] > git rev-parse --show-toplevel [2ms]
2025-10-26 17:58:56.438 [info] fatal: not a git repository (or any parent up to mount point /eecs/home)
Stopping at filesystem boundary (GIT_DISCOVERY_ACROSS_FILESYSTEM not set).
2025-10-26 17:58:57.805 [info] > git rev-parse --show-toplevel [2ms]
2025-10-26 17:58:57.805 [info] fatal: not a git repository (or any parent up to mount point /eecs/home)
Stopping at filesystem boundary (GIT_DISCOVERY_ACROSS_FILESYSTEM not set).
