2025-10-26 15:55:31.177 [info] Extension host with pid 1834136 started
2025-10-26 15:55:31.283 [info] ExtensionService#_doActivateExtension vscode.github-authentication, startup: false, activationEvent: 'onAuthenticationRequest:github'
2025-10-26 15:55:31.368 [info] ExtensionService#_doActivateExtension vscode.git-base, startup: true, activationEvent: '*', root cause: vscode.git
2025-10-26 15:55:31.372 [info] ExtensionService#_doActivateExtension vscode.git, startup: true, activationEvent: '*'
2025-10-26 15:55:31.563 [info] ExtensionService#_doActivateExtension vscode.github, startup: true, activationEvent: '*'
2025-10-26 15:55:31.679 [info] Eager extensions activated
2025-10-26 15:55:31.766 [info] ExtensionService#_doActivateExtension vscode.debug-auto-launch, startup: false, activationEvent: 'onStartupFinished'
2025-10-26 15:55:31.768 [info] ExtensionService#_doActivateExtension vscode.merge-conflict, startup: false, activationEvent: 'onStartupFinished'
2025-10-26 15:56:30.814 [info] ExtensionService#_doActivateExtension vscode.emmet, startup: false, activationEvent: 'onLanguage'
2025-10-26 15:58:07.548 [info] Extension host terminating: renderer closed the MessagePort
2025-10-26 15:58:07.553 [info] Extension host with pid 1834136 exiting with code 0
2025-10-26 15:58:09.674 [info] Extension host with pid 1836504 started
2025-10-26 15:58:09.674 [info] Skipping acquiring lock for /cs/home/mattg77/.config/Code/User/workspaceStorage/6e2a45f1561a8fc9073d38f9218869ac.
2025-10-26 15:58:09.771 [info] ExtensionService#_doActivateExtension vscode.github-authentication, startup: false, activationEvent: 'onAuthenticationRequest:github'
2025-10-26 15:58:09.803 [info] ExtensionService#_doActivateExtension vscode.git-base, startup: true, activationEvent: '*'
2025-10-26 15:58:09.806 [info] ExtensionService#_doActivateExtension vscode.github, startup: true, activationEvent: '*'
2025-10-26 15:58:09.880 [info] Eager extensions activated
2025-10-26 15:58:09.881 [info] ExtensionService#_doActivateExtension vscode.debug-auto-launch, startup: false, activationEvent: 'onStartupFinished'
2025-10-26 15:58:09.883 [info] ExtensionService#_doActivateExtension vscode.merge-conflict, startup: false, activationEvent: 'onStartupFinished'
2025-10-26 15:58:13.980 [info] ExtensionService#_doActivateExtension vscode.git, startup: false, activationEvent: 'api', root cause: vscode.github
2025-10-26 15:58:15.786 [info] ExtensionService#_doActivateExtension vscode.emmet, startup: false, activationEvent: 'onLanguage'
2025-10-26 16:22:30.608 [info] ExtensionService#_doActivateExtension ms-vscode.js-debug, startup: false, activationEvent: 'onDebugInitialConfigurations'
2025-10-26 16:22:34.816 [info] ExtensionService#_doActivateExtension vscode.debug-server-ready, startup: false, activationEvent: 'onDebugResolve'
2025-10-26 17:59:07.354 [info] Extension host terminating: renderer closed the MessagePort
2025-10-26 17:59:07.360 [info] Extension host with pid 1836504 exiting with code 0
