2025-11-30 15:46:02.398 [info] Extension host with pid 2773923 started
2025-11-30 15:46:02.398 [info] Skipping acquiring lock for /cs/home/mattg77/.config/Code/User/workspaceStorage/6e2a45f1561a8fc9073d38f9218869ac.
2025-11-30 15:46:02.570 [info] ExtensionService#_doActivateExtension vscode.github-authentication, startup: false, activationEvent: 'onAuthenticationRequest:github'
2025-11-30 15:46:02.678 [info] ExtensionService#_doActivateExtension vscode.git-base, startup: true, activationEvent: '*', root cause: vscode.git
2025-11-30 15:46:02.856 [info] ExtensionService#_doActivateExtension vscode.git, startup: true, activationEvent: '*'
2025-11-30 15:46:02.956 [info] ExtensionService#_doActivateExtension vscode.github, startup: true, activationEvent: '*'
2025-11-30 15:46:03.111 [info] Eager extensions activated
2025-11-30 15:46:03.185 [info] ExtensionService#_doActivateExtension vscode.debug-auto-launch, startup: false, activationEvent: 'onStartupFinished'
2025-11-30 15:46:03.187 [info] ExtensionService#_doActivateExtension vscode.merge-conflict, startup: false, activationEvent: 'onStartupFinished'
2025-11-30 15:51:05.653 [info] Extension host terminating: renderer closed the MessagePort
2025-11-30 15:51:05.658 [info] Extension host with pid 2773923 exiting with code 0
2025-11-30 15:51:07.558 [info] Extension host with pid 2794427 started
2025-11-30 15:51:07.558 [info] Skipping acquiring lock for /cs/home/mattg77/.config/Code/User/workspaceStorage/cd379edcb65813ec58ad7d31beb2c8fd.
2025-11-30 15:51:07.662 [info] ExtensionService#_doActivateExtension vscode.github-authentication, startup: false, activationEvent: 'onAuthenticationRequest:github'
2025-11-30 15:51:07.753 [info] ExtensionService#_doActivateExtension vscode.git-base, startup: true, activationEvent: '*', root cause: vscode.git
2025-11-30 15:51:07.758 [info] ExtensionService#_doActivateExtension vscode.git, startup: true, activationEvent: '*'
2025-11-30 15:51:07.804 [info] ExtensionService#_doActivateExtension vscode.github, startup: true, activationEvent: '*'
2025-11-30 15:51:07.934 [info] Eager extensions activated
2025-11-30 15:51:07.936 [info] ExtensionService#_doActivateExtension vscode.debug-auto-launch, startup: false, activationEvent: 'onStartupFinished'
2025-11-30 15:51:07.937 [info] ExtensionService#_doActivateExtension vscode.merge-conflict, startup: false, activationEvent: 'onStartupFinished'
2025-11-30 15:51:09.860 [info] ExtensionService#_doActivateExtension vscode.emmet, startup: false, activationEvent: 'onLanguage'
2025-11-30 15:57:54.959 [info] ExtensionService#_doActivateExtension ms-vscode.js-debug, startup: false, activationEvent: 'onDebugInitialConfigurations'
2025-11-30 15:57:57.776 [info] ExtensionService#_doActivateExtension vscode.debug-server-ready, startup: false, activationEvent: 'onDebugResolve'
2025-11-30 16:05:34.666 [info] Extension host terminating: renderer closed the MessagePort
2025-11-30 16:05:34.672 [info] Extension host with pid 2794427 exiting with code 0
