Timing Analyzer report for Lab4
Mon Nov 17 11:59:33 2025
Quartus Prime Version 20.1.0 Build 711 06/05/2020 SJ Lite Edition


---------------------
; Table of Contents ;
---------------------
  1. Legal Notice
  2. Timing Analyzer Summary
  3. Parallel Compilation
  4. Clocks
  5. Slow 1200mV 85C Model Fmax Summary
  6. Slow 1200mV 85C Model Setup Summary
  7. Slow 1200mV 85C Model Hold Summary
  8. Slow 1200mV 85C Model Recovery Summary
  9. Slow 1200mV 85C Model Removal Summary
 10. Slow 1200mV 85C Model Minimum Pulse Width Summary
 11. Slow 1200mV 85C Model Metastability Summary
 12. Slow 1200mV 0C Model Fmax Summary
 13. Slow 1200mV 0C Model Setup Summary
 14. Slow 1200mV 0C Model Hold Summary
 15. Slow 1200mV 0C Model Recovery Summary
 16. Slow 1200mV 0C Model Removal Summary
 17. Slow 1200mV 0C Model Minimum Pulse Width Summary
 18. Slow 1200mV 0C Model Metastability Summary
 19. Fast 1200mV 0C Model Setup Summary
 20. Fast 1200mV 0C Model Hold Summary
 21. Fast 1200mV 0C Model Recovery Summary
 22. Fast 1200mV 0C Model Removal Summary
 23. Fast 1200mV 0C Model Minimum Pulse Width Summary
 24. Fast 1200mV 0C Model Metastability Summary
 25. Multicorner Timing Analysis Summary
 26. Board Trace Model Assignments
 27. Input Transition Times
 28. Signal Integrity Metrics (Slow 1200mv 0c Model)
 29. Signal Integrity Metrics (Slow 1200mv 85c Model)
 30. Signal Integrity Metrics (Fast 1200mv 0c Model)
 31. Setup Transfers
 32. Hold Transfers
 33. Recovery Transfers
 34. Removal Transfers
 35. Report TCCS
 36. Report RSKM
 37. Unconstrained Paths Summary
 38. Clock Status Summary
 39. Unconstrained Input Ports
 40. Unconstrained Output Ports
 41. Unconstrained Input Ports
 42. Unconstrained Output Ports
 43. Timing Analyzer Messages



----------------
; Legal Notice ;
----------------
Copyright (C) 2020  Intel Corporation. All rights reserved.
Your use of Intel Corporation's design tools, logic functions 
and other software and tools, and any partner logic 
functions, and any output files from any of the foregoing 
(including device programming or simulation files), and any 
associated documentation or information are expressly subject 
to the terms and conditions of the Intel Program License 
Subscription Agreement, the Intel Quartus Prime License Agreement,
the Intel FPGA IP License Agreement, or other applicable license
agreement, including, without limitation, that your use is for
the sole purpose of programming logic devices manufactured by
Intel and sold by Intel or its authorized distributors.  Please
refer to the applicable agreement for further details, at
https://fpgasoftware.intel.com/eula.



+-----------------------------------------------------------------------------+
; Timing Analyzer Summary                                                     ;
+-----------------------+-----------------------------------------------------+
; Quartus Prime Version ; Version 20.1.0 Build 711 06/05/2020 SJ Lite Edition ;
; Timing Analyzer       ; Legacy Timing Analyzer                              ;
; Revision Name         ; Lab4                                                ;
; Device Family         ; MAX 10                                              ;
; Device Name           ; 10M50DAF484C6GES                                    ;
; Timing Models         ; Preliminary                                         ;
; Delay Model           ; Combined                                            ;
; Rise/Fall Delays      ; Enabled                                             ;
+-----------------------+-----------------------------------------------------+


+------------------------------------------+
; Parallel Compilation                     ;
+----------------------------+-------------+
; Processors                 ; Number      ;
+----------------------------+-------------+
; Number detected on machine ; 24          ;
; Maximum allowed            ; 16          ;
;                            ;             ;
; Average used               ; 1.12        ;
; Maximum used               ; 16          ;
;                            ;             ;
; Usage by Processor         ; % Time Used ;
;     Processor 1            ; 100.0%      ;
;     Processor 2            ;   0.8%      ;
;     Processors 3-16        ;   0.8%      ;
+----------------------------+-------------+


+------------------------------------------------------------------------------------------------------------------------------------------------------------------------------------------------------------------+
; Clocks                                                                                                                                                                                                           ;
+-------------------------+------+--------+------------+-------+-------+------------+-----------+-------------+-------+--------+-----------+------------+----------+--------+--------+-----------------------------+
; Clock Name              ; Type ; Period ; Frequency  ; Rise  ; Fall  ; Duty Cycle ; Divide by ; Multiply by ; Phase ; Offset ; Edge List ; Edge Shift ; Inverted ; Master ; Source ; Targets                     ;
+-------------------------+------+--------+------------+-------+-------+------------+-----------+-------------+-------+--------+-----------+------------+----------+--------+--------+-----------------------------+
; CLOCK_50                ; Base ; 1.000  ; 1000.0 MHz ; 0.000 ; 0.500 ;            ;           ;             ;       ;        ;           ;            ;          ;        ;        ; { CLOCK_50 }                ;
; ClockDivider:u_div|cout ; Base ; 1.000  ; 1000.0 MHz ; 0.000 ; 0.500 ;            ;           ;             ;       ;        ;           ;            ;          ;        ;        ; { ClockDivider:u_div|cout } ;
; KEY[0]                  ; Base ; 1.000  ; 1000.0 MHz ; 0.000 ; 0.500 ;            ;           ;             ;       ;        ;           ;            ;          ;        ;        ; { KEY[0] }                  ;
; KEY[1]                  ; Base ; 1.000  ; 1000.0 MHz ; 0.000 ; 0.500 ;            ;           ;             ;       ;        ;           ;            ;          ;        ;        ; { KEY[1] }                  ;
+-------------------------+------+--------+------------+-------+-------+------------+-----------+-------------+-------+--------+-----------+------------+----------+--------+--------+-----------------------------+


+-------------------------------------------------------------------------------------------------------------------------+
; Slow 1200mV 85C Model Fmax Summary                                                                                      ;
+-------------+-----------------+-------------------------+---------------------------------------------------------------+
; Fmax        ; Restricted Fmax ; Clock Name              ; Note                                                          ;
+-------------+-----------------+-------------------------+---------------------------------------------------------------+
; 214.78 MHz  ; 214.78 MHz      ; CLOCK_50                ;                                                               ;
; 235.74 MHz  ; 235.74 MHz      ; ClockDivider:u_div|cout ;                                                               ;
; 1517.45 MHz ; 250.0 MHz       ; KEY[1]                  ; limit due to minimum period restriction (max I/O toggle rate) ;
+-------------+-----------------+-------------------------+---------------------------------------------------------------+
This panel reports FMAX for every clock in the design, regardless of the user-specified clock periods.  FMAX is only computed for paths where the source and destination registers or ports are driven by the same clock.  Paths of different clocks, including generated clocks, are ignored.  For paths between a clock and its inversion, FMAX is computed as if the rising and falling edges are scaled along with FMAX, such that the duty cycle (in terms of a percentage) is maintained. Altera recommends that you always use clock constraints and other slack reports for sign-off analysis.


+--------------------------------------------------+
; Slow 1200mV 85C Model Setup Summary              ;
+-------------------------+--------+---------------+
; Clock                   ; Slack  ; End Point TNS ;
+-------------------------+--------+---------------+
; CLOCK_50                ; -3.656 ; -105.680      ;
; ClockDivider:u_div|cout ; -3.242 ; -17.465       ;
; KEY[1]                  ; 0.341  ; 0.000         ;
+-------------------------+--------+---------------+


+--------------------------------------------------+
; Slow 1200mV 85C Model Hold Summary               ;
+-------------------------+--------+---------------+
; Clock                   ; Slack  ; End Point TNS ;
+-------------------------+--------+---------------+
; CLOCK_50                ; -0.040 ; -0.040        ;
; ClockDivider:u_div|cout ; 0.331  ; 0.000         ;
; KEY[1]                  ; 0.371  ; 0.000         ;
+-------------------------+--------+---------------+


+--------------------------------------------------+
; Slow 1200mV 85C Model Recovery Summary           ;
+-------------------------+--------+---------------+
; Clock                   ; Slack  ; End Point TNS ;
+-------------------------+--------+---------------+
; ClockDivider:u_div|cout ; -1.955 ; -11.255       ;
+-------------------------+--------+---------------+


+-------------------------------------------------+
; Slow 1200mV 85C Model Removal Summary           ;
+-------------------------+-------+---------------+
; Clock                   ; Slack ; End Point TNS ;
+-------------------------+-------+---------------+
; ClockDivider:u_div|cout ; 1.284 ; 0.000         ;
+-------------------------+-------+---------------+


+---------------------------------------------------+
; Slow 1200mV 85C Model Minimum Pulse Width Summary ;
+-------------------------+--------+----------------+
; Clock                   ; Slack  ; End Point TNS  ;
+-------------------------+--------+----------------+
; CLOCK_50                ; -3.000 ; -43.326        ;
; KEY[1]                  ; -3.000 ; -4.222         ;
; KEY[0]                  ; -3.000 ; -3.000         ;
; ClockDivider:u_div|cout ; -1.222 ; -7.332         ;
+-------------------------+--------+----------------+


-----------------------------------------------
; Slow 1200mV 85C Model Metastability Summary ;
-----------------------------------------------
No synchronizer chains to report.


+-------------------------------------------------------------------------------------------------------------------------+
; Slow 1200mV 0C Model Fmax Summary                                                                                       ;
+-------------+-----------------+-------------------------+---------------------------------------------------------------+
; Fmax        ; Restricted Fmax ; Clock Name              ; Note                                                          ;
+-------------+-----------------+-------------------------+---------------------------------------------------------------+
; 232.56 MHz  ; 232.56 MHz      ; CLOCK_50                ;                                                               ;
; 259.13 MHz  ; 259.13 MHz      ; ClockDivider:u_div|cout ;                                                               ;
; 1658.37 MHz ; 250.0 MHz       ; KEY[1]                  ; limit due to minimum period restriction (max I/O toggle rate) ;
+-------------+-----------------+-------------------------+---------------------------------------------------------------+
This panel reports FMAX for every clock in the design, regardless of the user-specified clock periods.  FMAX is only computed for paths where the source and destination registers or ports are driven by the same clock.  Paths of different clocks, including generated clocks, are ignored.  For paths between a clock and its inversion, FMAX is computed as if the rising and falling edges are scaled along with FMAX, such that the duty cycle (in terms of a percentage) is maintained. Altera recommends that you always use clock constraints and other slack reports for sign-off analysis.


+--------------------------------------------------+
; Slow 1200mV 0C Model Setup Summary               ;
+-------------------------+--------+---------------+
; Clock                   ; Slack  ; End Point TNS ;
+-------------------------+--------+---------------+
; CLOCK_50                ; -3.300 ; -94.933       ;
; ClockDivider:u_div|cout ; -2.859 ; -15.427       ;
; KEY[1]                  ; 0.397  ; 0.000         ;
+-------------------------+--------+---------------+


+--------------------------------------------------+
; Slow 1200mV 0C Model Hold Summary                ;
+-------------------------+--------+---------------+
; Clock                   ; Slack  ; End Point TNS ;
+-------------------------+--------+---------------+
; CLOCK_50                ; -0.027 ; -0.027        ;
; ClockDivider:u_div|cout ; 0.299  ; 0.000         ;
; KEY[1]                  ; 0.337  ; 0.000         ;
+-------------------------+--------+---------------+


+--------------------------------------------------+
; Slow 1200mV 0C Model Recovery Summary            ;
+-------------------------+--------+---------------+
; Clock                   ; Slack  ; End Point TNS ;
+-------------------------+--------+---------------+
; ClockDivider:u_div|cout ; -1.745 ; -10.020       ;
+-------------------------+--------+---------------+


+-------------------------------------------------+
; Slow 1200mV 0C Model Removal Summary            ;
+-------------------------+-------+---------------+
; Clock                   ; Slack ; End Point TNS ;
+-------------------------+-------+---------------+
; ClockDivider:u_div|cout ; 1.280 ; 0.000         ;
+-------------------------+-------+---------------+


+--------------------------------------------------+
; Slow 1200mV 0C Model Minimum Pulse Width Summary ;
+-------------------------+--------+---------------+
; Clock                   ; Slack  ; End Point TNS ;
+-------------------------+--------+---------------+
; CLOCK_50                ; -3.000 ; -43.326       ;
; KEY[1]                  ; -3.000 ; -4.222        ;
; KEY[0]                  ; -3.000 ; -3.000        ;
; ClockDivider:u_div|cout ; -1.222 ; -7.332        ;
+-------------------------+--------+---------------+


----------------------------------------------
; Slow 1200mV 0C Model Metastability Summary ;
----------------------------------------------
No synchronizer chains to report.


+--------------------------------------------------+
; Fast 1200mV 0C Model Setup Summary               ;
+-------------------------+--------+---------------+
; Clock                   ; Slack  ; End Point TNS ;
+-------------------------+--------+---------------+
; ClockDivider:u_div|cout ; -1.359 ; -7.457        ;
; CLOCK_50                ; -1.211 ; -32.521       ;
; KEY[1]                  ; 0.693  ; 0.000         ;
+-------------------------+--------+---------------+


+--------------------------------------------------+
; Fast 1200mV 0C Model Hold Summary                ;
+-------------------------+--------+---------------+
; Clock                   ; Slack  ; End Point TNS ;
+-------------------------+--------+---------------+
; CLOCK_50                ; -0.154 ; -0.154        ;
; ClockDivider:u_div|cout ; 0.152  ; 0.000         ;
; KEY[1]                  ; 0.169  ; 0.000         ;
+-------------------------+--------+---------------+


+--------------------------------------------------+
; Fast 1200mV 0C Model Recovery Summary            ;
+-------------------------+--------+---------------+
; Clock                   ; Slack  ; End Point TNS ;
+-------------------------+--------+---------------+
; ClockDivider:u_div|cout ; -1.093 ; -6.263        ;
+-------------------------+--------+---------------+


+-------------------------------------------------+
; Fast 1200mV 0C Model Removal Summary            ;
+-------------------------+-------+---------------+
; Clock                   ; Slack ; End Point TNS ;
+-------------------------+-------+---------------+
; ClockDivider:u_div|cout ; 0.460 ; 0.000         ;
+-------------------------+-------+---------------+


+--------------------------------------------------+
; Fast 1200mV 0C Model Minimum Pulse Width Summary ;
+-------------------------+--------+---------------+
; Clock                   ; Slack  ; End Point TNS ;
+-------------------------+--------+---------------+
; CLOCK_50                ; -3.000 ; -37.608       ;
; KEY[1]                  ; -3.000 ; -4.227        ;
; KEY[0]                  ; -3.000 ; -3.040        ;
; ClockDivider:u_div|cout ; -1.000 ; -6.000        ;
+-------------------------+--------+---------------+


----------------------------------------------
; Fast 1200mV 0C Model Metastability Summary ;
----------------------------------------------
No synchronizer chains to report.


+-----------------------------------------------------------------------------------------+
; Multicorner Timing Analysis Summary                                                     ;
+--------------------------+----------+--------+----------+---------+---------------------+
; Clock                    ; Setup    ; Hold   ; Recovery ; Removal ; Minimum Pulse Width ;
+--------------------------+----------+--------+----------+---------+---------------------+
; Worst-case Slack         ; -3.656   ; -0.154 ; -1.955   ; 0.460   ; -3.000              ;
;  CLOCK_50                ; -3.656   ; -0.154 ; N/A      ; N/A     ; -3.000              ;
;  ClockDivider:u_div|cout ; -3.242   ; 0.152  ; -1.955   ; 0.460   ; -1.222              ;
;  KEY[0]                  ; N/A      ; N/A    ; N/A      ; N/A     ; -3.000              ;
;  KEY[1]                  ; 0.341    ; 0.169  ; N/A      ; N/A     ; -3.000              ;
; Design-wide TNS          ; -123.145 ; -0.154 ; -11.255  ; 0.0     ; -57.88              ;
;  CLOCK_50                ; -105.680 ; -0.154 ; N/A      ; N/A     ; -43.326             ;
;  ClockDivider:u_div|cout ; -17.465  ; 0.000  ; -11.255  ; 0.000   ; -7.332              ;
;  KEY[0]                  ; N/A      ; N/A    ; N/A      ; N/A     ; -3.040              ;
;  KEY[1]                  ; 0.000    ; 0.000  ; N/A      ; N/A     ; -4.227              ;
+--------------------------+----------+--------+----------+---------+---------------------+


+-----------------------------------------------------------------------------------------------------------------------------------------------------------------------------------------------------------------------------------------------------------------------------------------------------------------------------------------------------------------------------------------------------------------+
; Board Trace Model Assignments                                                                                                                                                                                                                                                                                                                                                                                   ;
+--------------+--------------+-------------------+-------------------------+-------------------------+---------------+---------------------+----------------+------------------+--------+------------------+------------------------+------------------------+--------------+---------------+-----------------+-------+---------------------+--------------------+---------------+-----------------+-------------+
; Pin          ; I/O Standard ; Near Tline Length ; Near Tline L per Length ; Near Tline C per Length ; Near Series R ; Near Differential R ; Near Pull-up R ; Near Pull-down R ; Near C ; Far Tline Length ; Far Tline L per Length ; Far Tline C per Length ; Far Series R ; Far Pull-up R ; Far Pull-down R ; Far C ; Termination Voltage ; Far Differential R ; EBD File Name ; EBD Signal Name ; EBD Far-end ;
+--------------+--------------+-------------------+-------------------------+-------------------------+---------------+---------------------+----------------+------------------+--------+------------------+------------------------+------------------------+--------------+---------------+-----------------+-------+---------------------+--------------------+---------------+-----------------+-------------+
; HEX0[0]      ; 3.3-V LVTTL  ; 0 in              ; 0 H/in                  ; 0 F/in                  ; short         ; -                   ; open           ; open             ; open   ; 0 in             ; 0 H/in                 ; 0 F/in                 ; short        ; open          ; open            ; open  ; 0 V                 ; -                  ; n/a           ; n/a             ; n/a         ;
; HEX0[1]      ; 3.3-V LVTTL  ; 0 in              ; 0 H/in                  ; 0 F/in                  ; short         ; -                   ; open           ; open             ; open   ; 0 in             ; 0 H/in                 ; 0 F/in                 ; short        ; open          ; open            ; open  ; 0 V                 ; -                  ; n/a           ; n/a             ; n/a         ;
; HEX0[2]      ; 3.3-V LVTTL  ; 0 in              ; 0 H/in                  ; 0 F/in                  ; short         ; -                   ; open           ; open             ; open   ; 0 in             ; 0 H/in                 ; 0 F/in                 ; short        ; open          ; open            ; open  ; 0 V                 ; -                  ; n/a           ; n/a             ; n/a         ;
; HEX0[3]      ; 3.3-V LVTTL  ; 0 in              ; 0 H/in                  ; 0 F/in                  ; short         ; -                   ; open           ; open             ; open   ; 0 in             ; 0 H/in                 ; 0 F/in                 ; short        ; open          ; open            ; open  ; 0 V                 ; -                  ; n/a           ; n/a             ; n/a         ;
; HEX0[4]      ; 3.3-V LVTTL  ; 0 in              ; 0 H/in                  ; 0 F/in                  ; short         ; -                   ; open           ; open             ; open   ; 0 in             ; 0 H/in                 ; 0 F/in                 ; short        ; open          ; open            ; open  ; 0 V                 ; -                  ; n/a           ; n/a             ; n/a         ;
; HEX0[5]      ; 3.3-V LVTTL  ; 0 in              ; 0 H/in                  ; 0 F/in                  ; short         ; -                   ; open           ; open             ; open   ; 0 in             ; 0 H/in                 ; 0 F/in                 ; short        ; open          ; open            ; open  ; 0 V                 ; -                  ; n/a           ; n/a             ; n/a         ;
; HEX0[6]      ; 3.3-V LVTTL  ; 0 in              ; 0 H/in                  ; 0 F/in                  ; short         ; -                   ; open           ; open             ; open   ; 0 in             ; 0 H/in                 ; 0 F/in                 ; short        ; open          ; open            ; open  ; 0 V                 ; -                  ; n/a           ; n/a             ; n/a         ;
; HEX1[0]      ; 3.3-V LVTTL  ; 0 in              ; 0 H/in                  ; 0 F/in                  ; short         ; -                   ; open           ; open             ; open   ; 0 in             ; 0 H/in                 ; 0 F/in                 ; short        ; open          ; open            ; open  ; 0 V                 ; -                  ; n/a           ; n/a             ; n/a         ;
; HEX1[1]      ; 3.3-V LVTTL  ; 0 in              ; 0 H/in                  ; 0 F/in                  ; short         ; -                   ; open           ; open             ; open   ; 0 in             ; 0 H/in                 ; 0 F/in                 ; short        ; open          ; open            ; open  ; 0 V                 ; -                  ; n/a           ; n/a             ; n/a         ;
; HEX1[2]      ; 3.3-V LVTTL  ; 0 in              ; 0 H/in                  ; 0 F/in                  ; short         ; -                   ; open           ; open             ; open   ; 0 in             ; 0 H/in                 ; 0 F/in                 ; short        ; open          ; open            ; open  ; 0 V                 ; -                  ; n/a           ; n/a             ; n/a         ;
; HEX1[3]      ; 3.3-V LVTTL  ; 0 in              ; 0 H/in                  ; 0 F/in                  ; short         ; -                   ; open           ; open             ; open   ; 0 in             ; 0 H/in                 ; 0 F/in                 ; short        ; open          ; open            ; open  ; 0 V                 ; -                  ; n/a           ; n/a             ; n/a         ;
; HEX1[4]      ; 3.3-V LVTTL  ; 0 in              ; 0 H/in                  ; 0 F/in                  ; short         ; -                   ; open           ; open             ; open   ; 0 in             ; 0 H/in                 ; 0 F/in                 ; short        ; open          ; open            ; open  ; 0 V                 ; -                  ; n/a           ; n/a             ; n/a         ;
; HEX1[5]      ; 3.3-V LVTTL  ; 0 in              ; 0 H/in                  ; 0 F/in                  ; short         ; -                   ; open           ; open             ; open   ; 0 in             ; 0 H/in                 ; 0 F/in                 ; short        ; open          ; open            ; open  ; 0 V                 ; -                  ; n/a           ; n/a             ; n/a         ;
; HEX1[6]      ; 3.3-V LVTTL  ; 0 in              ; 0 H/in                  ; 0 F/in                  ; short         ; -                   ; open           ; open             ; open   ; 0 in             ; 0 H/in                 ; 0 F/in                 ; short        ; open          ; open            ; open  ; 0 V                 ; -                  ; n/a           ; n/a             ; n/a         ;
; ~ALTERA_TDO~ ; 2.5 V        ; 0 in              ; 0 H/in                  ; 0 F/in                  ; short         ; -                   ; open           ; open             ; open   ; 0 in             ; 0 H/in                 ; 0 F/in                 ; short        ; open          ; open            ; open  ; 0 V                 ; -                  ; n/a           ; n/a             ; n/a         ;
+--------------+--------------+-------------------+-------------------------+-------------------------+---------------+---------------------+----------------+------------------+--------+------------------+------------------------+------------------------+--------------+---------------+-----------------+-------+---------------------+--------------------+---------------+-----------------+-------------+


+---------------------------------------------------------------------------------+
; Input Transition Times                                                          ;
+---------------------+-----------------------+-----------------+-----------------+
; Pin                 ; I/O Standard          ; 10-90 Rise Time ; 90-10 Fall Time ;
+---------------------+-----------------------+-----------------+-----------------+
; KEY[0]              ; 3.3 V Schmitt Trigger ; 2640 ps         ; 2640 ps         ;
; SW0                 ; 3.3-V LVTTL           ; 2640 ps         ; 2640 ps         ;
; KEY[1]              ; 3.3 V Schmitt Trigger ; 2640 ps         ; 2640 ps         ;
; CLOCK_50            ; 2.5 V                 ; 2000 ps         ; 2000 ps         ;
; ~ALTERA_TMS~        ; 2.5 V Schmitt Trigger ; 2000 ps         ; 2000 ps         ;
; ~ALTERA_TCK~        ; 2.5 V Schmitt Trigger ; 2000 ps         ; 2000 ps         ;
; ~ALTERA_TDI~        ; 2.5 V Schmitt Trigger ; 2000 ps         ; 2000 ps         ;
; ~ALTERA_CONFIG_SEL~ ; 2.5 V                 ; 2000 ps         ; 2000 ps         ;
; ~ALTERA_nCONFIG~    ; 2.5 V Schmitt Trigger ; 2000 ps         ; 2000 ps         ;
; ~ALTERA_nSTATUS~    ; 2.5 V Schmitt Trigger ; 2000 ps         ; 2000 ps         ;
; ~ALTERA_CONF_DONE~  ; 2.5 V Schmitt Trigger ; 2000 ps         ; 2000 ps         ;
+---------------------+-----------------------+-----------------+-----------------+


+-------------------------------------------------------------------------------------------------------------------------------------------------------------------------------------------------------------------------------------------------------------------------------------------------------------------------------------------------------------------------------------------------------------------------------------------------------------------------------------------------------------------------------------------------------------------------------------------------------------------------------------------------------------------------------------------+
; Signal Integrity Metrics (Slow 1200mv 0c Model)                                                                                                                                                                                                                                                                                                                                                                                                                                                                                                                                                                                                                                           ;
+--------------+--------------+---------------------+---------------------+------------------------------+------------------------------+---------------------+---------------------+--------------------------------------+--------------------------------------+-----------------------------+-----------------------------+----------------------------+----------------------------+-----------------------------+-----------------------------+--------------------+--------------------+-------------------------------------+-------------------------------------+----------------------------+----------------------------+---------------------------+---------------------------+
; Pin          ; I/O Standard ; Board Delay on Rise ; Board Delay on Fall ; Steady State Voh at FPGA Pin ; Steady State Vol at FPGA Pin ; Voh Max at FPGA Pin ; Vol Min at FPGA Pin ; Ringback Voltage on Rise at FPGA Pin ; Ringback Voltage on Fall at FPGA Pin ; 10-90 Rise Time at FPGA Pin ; 90-10 Fall Time at FPGA Pin ; Monotonic Rise at FPGA Pin ; Monotonic Fall at FPGA Pin ; Steady State Voh at Far-end ; Steady State Vol at Far-end ; Voh Max at Far-end ; Vol Min at Far-end ; Ringback Voltage on Rise at Far-end ; Ringback Voltage on Fall at Far-end ; 10-90 Rise Time at Far-end ; 90-10 Fall Time at Far-end ; Monotonic Rise at Far-end ; Monotonic Fall at Far-end ;
+--------------+--------------+---------------------+---------------------+------------------------------+------------------------------+---------------------+---------------------+--------------------------------------+--------------------------------------+-----------------------------+-----------------------------+----------------------------+----------------------------+-----------------------------+-----------------------------+--------------------+--------------------+-------------------------------------+-------------------------------------+----------------------------+----------------------------+---------------------------+---------------------------+
; HEX0[0]      ; 3.3-V LVTTL  ; 0 s                 ; 0 s                 ; 3.08 V                       ; 5.27e-08 V                   ; 3.23 V              ; -0.107 V            ; 0.46 V                               ; 0.279 V                              ; 3.06e-10 s                  ; 4.34e-10 s                  ; No                         ; Yes                        ; 3.08 V                      ; 5.27e-08 V                  ; 3.23 V             ; -0.107 V           ; 0.46 V                              ; 0.279 V                             ; 3.06e-10 s                 ; 4.34e-10 s                 ; No                        ; Yes                       ;
; HEX0[1]      ; 3.3-V LVTTL  ; 0 s                 ; 0 s                 ; 3.08 V                       ; 5.27e-08 V                   ; 3.23 V              ; -0.106 V            ; 0.46 V                               ; 0.281 V                              ; 3.06e-10 s                  ; 4.34e-10 s                  ; No                         ; Yes                        ; 3.08 V                      ; 5.27e-08 V                  ; 3.23 V             ; -0.106 V           ; 0.46 V                              ; 0.281 V                             ; 3.06e-10 s                 ; 4.34e-10 s                 ; No                        ; Yes                       ;
; HEX0[2]      ; 3.3-V LVTTL  ; 0 s                 ; 0 s                 ; 3.08 V                       ; 5.27e-08 V                   ; 3.23 V              ; -0.106 V            ; 0.46 V                               ; 0.281 V                              ; 3.06e-10 s                  ; 4.34e-10 s                  ; No                         ; Yes                        ; 3.08 V                      ; 5.27e-08 V                  ; 3.23 V             ; -0.106 V           ; 0.46 V                              ; 0.281 V                             ; 3.06e-10 s                 ; 4.34e-10 s                 ; No                        ; Yes                       ;
; HEX0[3]      ; 3.3-V LVTTL  ; 0 s                 ; 0 s                 ; 3.08 V                       ; 5.27e-08 V                   ; 3.23 V              ; -0.107 V            ; 0.46 V                               ; 0.279 V                              ; 3.06e-10 s                  ; 4.34e-10 s                  ; No                         ; Yes                        ; 3.08 V                      ; 5.27e-08 V                  ; 3.23 V             ; -0.107 V           ; 0.46 V                              ; 0.279 V                             ; 3.06e-10 s                 ; 4.34e-10 s                 ; No                        ; Yes                       ;
; HEX0[4]      ; 3.3-V LVTTL  ; 0 s                 ; 0 s                 ; 3.08 V                       ; 5.27e-08 V                   ; 3.23 V              ; -0.107 V            ; 0.46 V                               ; 0.279 V                              ; 3.06e-10 s                  ; 4.34e-10 s                  ; No                         ; Yes                        ; 3.08 V                      ; 5.27e-08 V                  ; 3.23 V             ; -0.107 V           ; 0.46 V                              ; 0.279 V                             ; 3.06e-10 s                 ; 4.34e-10 s                 ; No                        ; Yes                       ;
; HEX0[5]      ; 3.3-V LVTTL  ; 0 s                 ; 0 s                 ; 3.08 V                       ; 5.27e-08 V                   ; 3.23 V              ; -0.107 V            ; 0.46 V                               ; 0.279 V                              ; 3.06e-10 s                  ; 4.34e-10 s                  ; No                         ; Yes                        ; 3.08 V                      ; 5.27e-08 V                  ; 3.23 V             ; -0.107 V           ; 0.46 V                              ; 0.279 V                             ; 3.06e-10 s                 ; 4.34e-10 s                 ; No                        ; Yes                       ;
; HEX0[6]      ; 3.3-V LVTTL  ; 0 s                 ; 0 s                 ; 3.08 V                       ; 5.27e-08 V                   ; 3.23 V              ; -0.106 V            ; 0.46 V                               ; 0.281 V                              ; 3.06e-10 s                  ; 4.34e-10 s                  ; No                         ; Yes                        ; 3.08 V                      ; 5.27e-08 V                  ; 3.23 V             ; -0.106 V           ; 0.46 V                              ; 0.281 V                             ; 3.06e-10 s                 ; 4.34e-10 s                 ; No                        ; Yes                       ;
; HEX1[0]      ; 3.3-V LVTTL  ; 0 s                 ; 0 s                 ; 3.08 V                       ; 5.27e-08 V                   ; 3.23 V              ; -0.107 V            ; 0.46 V                               ; 0.279 V                              ; 3.06e-10 s                  ; 4.34e-10 s                  ; No                         ; Yes                        ; 3.08 V                      ; 5.27e-08 V                  ; 3.23 V             ; -0.107 V           ; 0.46 V                              ; 0.279 V                             ; 3.06e-10 s                 ; 4.34e-10 s                 ; No                        ; Yes                       ;
; HEX1[1]      ; 3.3-V LVTTL  ; 0 s                 ; 0 s                 ; 3.08 V                       ; 5.27e-08 V                   ; 3.23 V              ; -0.107 V            ; 0.46 V                               ; 0.279 V                              ; 3.06e-10 s                  ; 4.34e-10 s                  ; No                         ; Yes                        ; 3.08 V                      ; 5.27e-08 V                  ; 3.23 V             ; -0.107 V           ; 0.46 V                              ; 0.279 V                             ; 3.06e-10 s                 ; 4.34e-10 s                 ; No                        ; Yes                       ;
; HEX1[2]      ; 3.3-V LVTTL  ; 0 s                 ; 0 s                 ; 3.08 V                       ; 5.27e-08 V                   ; 3.23 V              ; -0.106 V            ; 0.46 V                               ; 0.281 V                              ; 3.06e-10 s                  ; 4.34e-10 s                  ; No                         ; Yes                        ; 3.08 V                      ; 5.27e-08 V                  ; 3.23 V             ; -0.106 V           ; 0.46 V                              ; 0.281 V                             ; 3.06e-10 s                 ; 4.34e-10 s                 ; No                        ; Yes                       ;
; HEX1[3]      ; 3.3-V LVTTL  ; 0 s                 ; 0 s                 ; 3.08 V                       ; 5.27e-08 V                   ; 3.23 V              ; -0.107 V            ; 0.46 V                               ; 0.279 V                              ; 3.06e-10 s                  ; 4.34e-10 s                  ; No                         ; Yes                        ; 3.08 V                      ; 5.27e-08 V                  ; 3.23 V             ; -0.107 V           ; 0.46 V                              ; 0.279 V                             ; 3.06e-10 s                 ; 4.34e-10 s                 ; No                        ; Yes                       ;
; HEX1[4]      ; 3.3-V LVTTL  ; 0 s                 ; 0 s                 ; 3.08 V                       ; 5.27e-08 V                   ; 3.23 V              ; -0.106 V            ; 0.46 V                               ; 0.281 V                              ; 3.06e-10 s                  ; 4.34e-10 s                  ; No                         ; Yes                        ; 3.08 V                      ; 5.27e-08 V                  ; 3.23 V             ; -0.106 V           ; 0.46 V                              ; 0.281 V                             ; 3.06e-10 s                 ; 4.34e-10 s                 ; No                        ; Yes                       ;
; HEX1[5]      ; 3.3-V LVTTL  ; 0 s                 ; 0 s                 ; 3.08 V                       ; 5.27e-08 V                   ; 3.23 V              ; -0.107 V            ; 0.46 V                               ; 0.279 V                              ; 3.06e-10 s                  ; 4.34e-10 s                  ; No                         ; Yes                        ; 3.08 V                      ; 5.27e-08 V                  ; 3.23 V             ; -0.107 V           ; 0.46 V                              ; 0.279 V                             ; 3.06e-10 s                 ; 4.34e-10 s                 ; No                        ; Yes                       ;
; HEX1[6]      ; 3.3-V LVTTL  ; 0 s                 ; 0 s                 ; 3.08 V                       ; 5.27e-08 V                   ; 3.23 V              ; -0.106 V            ; 0.46 V                               ; 0.281 V                              ; 3.06e-10 s                  ; 4.34e-10 s                  ; No                         ; Yes                        ; 3.08 V                      ; 5.27e-08 V                  ; 3.23 V             ; -0.106 V           ; 0.46 V                              ; 0.281 V                             ; 3.06e-10 s                 ; 4.34e-10 s                 ; No                        ; Yes                       ;
; ~ALTERA_TDO~ ; 2.5 V        ; 0 s                 ; 0 s                 ; 2.32 V                       ; 1.97e-08 V                   ; 2.4 V               ; -0.023 V            ; 0.201 V                              ; 0.081 V                              ; 4.59e-10 s                  ; 5.51e-10 s                  ; No                         ; Yes                        ; 2.32 V                      ; 1.97e-08 V                  ; 2.4 V              ; -0.023 V           ; 0.201 V                             ; 0.081 V                             ; 4.59e-10 s                 ; 5.51e-10 s                 ; No                        ; Yes                       ;
+--------------+--------------+---------------------+---------------------+------------------------------+------------------------------+---------------------+---------------------+--------------------------------------+--------------------------------------+-----------------------------+-----------------------------+----------------------------+----------------------------+-----------------------------+-----------------------------+--------------------+--------------------+-------------------------------------+-------------------------------------+----------------------------+----------------------------+---------------------------+---------------------------+


+-------------------------------------------------------------------------------------------------------------------------------------------------------------------------------------------------------------------------------------------------------------------------------------------------------------------------------------------------------------------------------------------------------------------------------------------------------------------------------------------------------------------------------------------------------------------------------------------------------------------------------------------------------------------------------------------+
; Signal Integrity Metrics (Slow 1200mv 85c Model)                                                                                                                                                                                                                                                                                                                                                                                                                                                                                                                                                                                                                                          ;
+--------------+--------------+---------------------+---------------------+------------------------------+------------------------------+---------------------+---------------------+--------------------------------------+--------------------------------------+-----------------------------+-----------------------------+----------------------------+----------------------------+-----------------------------+-----------------------------+--------------------+--------------------+-------------------------------------+-------------------------------------+----------------------------+----------------------------+---------------------------+---------------------------+
; Pin          ; I/O Standard ; Board Delay on Rise ; Board Delay on Fall ; Steady State Voh at FPGA Pin ; Steady State Vol at FPGA Pin ; Voh Max at FPGA Pin ; Vol Min at FPGA Pin ; Ringback Voltage on Rise at FPGA Pin ; Ringback Voltage on Fall at FPGA Pin ; 10-90 Rise Time at FPGA Pin ; 90-10 Fall Time at FPGA Pin ; Monotonic Rise at FPGA Pin ; Monotonic Fall at FPGA Pin ; Steady State Voh at Far-end ; Steady State Vol at Far-end ; Voh Max at Far-end ; Vol Min at Far-end ; Ringback Voltage on Rise at Far-end ; Ringback Voltage on Fall at Far-end ; 10-90 Rise Time at Far-end ; 90-10 Fall Time at Far-end ; Monotonic Rise at Far-end ; Monotonic Fall at Far-end ;
+--------------+--------------+---------------------+---------------------+------------------------------+------------------------------+---------------------+---------------------+--------------------------------------+--------------------------------------+-----------------------------+-----------------------------+----------------------------+----------------------------+-----------------------------+-----------------------------+--------------------+--------------------+-------------------------------------+-------------------------------------+----------------------------+----------------------------+---------------------------+---------------------------+
; HEX0[0]      ; 3.3-V LVTTL  ; 0 s                 ; 0 s                 ; 3.08 V                       ; 5.35e-06 V                   ; 3.17 V              ; -0.0592 V           ; 0.248 V                              ; 0.172 V                              ; 4.61e-10 s                  ; 6e-10 s                     ; No                         ; No                         ; 3.08 V                      ; 5.35e-06 V                  ; 3.17 V             ; -0.0592 V          ; 0.248 V                             ; 0.172 V                             ; 4.61e-10 s                 ; 6e-10 s                    ; No                        ; No                        ;
; HEX0[1]      ; 3.3-V LVTTL  ; 0 s                 ; 0 s                 ; 3.08 V                       ; 5.35e-06 V                   ; 3.17 V              ; -0.0587 V           ; 0.248 V                              ; 0.173 V                              ; 4.61e-10 s                  ; 6e-10 s                     ; No                         ; No                         ; 3.08 V                      ; 5.35e-06 V                  ; 3.17 V             ; -0.0587 V          ; 0.248 V                             ; 0.173 V                             ; 4.61e-10 s                 ; 6e-10 s                    ; No                        ; No                        ;
; HEX0[2]      ; 3.3-V LVTTL  ; 0 s                 ; 0 s                 ; 3.08 V                       ; 5.35e-06 V                   ; 3.17 V              ; -0.0587 V           ; 0.248 V                              ; 0.173 V                              ; 4.61e-10 s                  ; 6e-10 s                     ; No                         ; No                         ; 3.08 V                      ; 5.35e-06 V                  ; 3.17 V             ; -0.0587 V          ; 0.248 V                             ; 0.173 V                             ; 4.61e-10 s                 ; 6e-10 s                    ; No                        ; No                        ;
; HEX0[3]      ; 3.3-V LVTTL  ; 0 s                 ; 0 s                 ; 3.08 V                       ; 5.35e-06 V                   ; 3.17 V              ; -0.0592 V           ; 0.248 V                              ; 0.172 V                              ; 4.61e-10 s                  ; 6e-10 s                     ; No                         ; No                         ; 3.08 V                      ; 5.35e-06 V                  ; 3.17 V             ; -0.0592 V          ; 0.248 V                             ; 0.172 V                             ; 4.61e-10 s                 ; 6e-10 s                    ; No                        ; No                        ;
; HEX0[4]      ; 3.3-V LVTTL  ; 0 s                 ; 0 s                 ; 3.08 V                       ; 5.35e-06 V                   ; 3.17 V              ; -0.0592 V           ; 0.248 V                              ; 0.172 V                              ; 4.61e-10 s                  ; 6e-10 s                     ; No                         ; No                         ; 3.08 V                      ; 5.35e-06 V                  ; 3.17 V             ; -0.0592 V          ; 0.248 V                             ; 0.172 V                             ; 4.61e-10 s                 ; 6e-10 s                    ; No                        ; No                        ;
; HEX0[5]      ; 3.3-V LVTTL  ; 0 s                 ; 0 s                 ; 3.08 V                       ; 5.35e-06 V                   ; 3.17 V              ; -0.0592 V           ; 0.248 V                              ; 0.172 V                              ; 4.61e-10 s                  ; 6e-10 s                     ; No                         ; No                         ; 3.08 V                      ; 5.35e-06 V                  ; 3.17 V             ; -0.0592 V          ; 0.248 V                             ; 0.172 V                             ; 4.61e-10 s                 ; 6e-10 s                    ; No                        ; No                        ;
; HEX0[6]      ; 3.3-V LVTTL  ; 0 s                 ; 0 s                 ; 3.08 V                       ; 5.35e-06 V                   ; 3.17 V              ; -0.0587 V           ; 0.248 V                              ; 0.173 V                              ; 4.61e-10 s                  ; 6e-10 s                     ; No                         ; No                         ; 3.08 V                      ; 5.35e-06 V                  ; 3.17 V             ; -0.0587 V          ; 0.248 V                             ; 0.173 V                             ; 4.61e-10 s                 ; 6e-10 s                    ; No                        ; No                        ;
; HEX1[0]      ; 3.3-V LVTTL  ; 0 s                 ; 0 s                 ; 3.08 V                       ; 5.35e-06 V                   ; 3.17 V              ; -0.0592 V           ; 0.248 V                              ; 0.172 V                              ; 4.61e-10 s                  ; 6e-10 s                     ; No                         ; No                         ; 3.08 V                      ; 5.35e-06 V                  ; 3.17 V             ; -0.0592 V          ; 0.248 V                             ; 0.172 V                             ; 4.61e-10 s                 ; 6e-10 s                    ; No                        ; No                        ;
; HEX1[1]      ; 3.3-V LVTTL  ; 0 s                 ; 0 s                 ; 3.08 V                       ; 5.35e-06 V                   ; 3.17 V              ; -0.0592 V           ; 0.248 V                              ; 0.172 V                              ; 4.61e-10 s                  ; 6e-10 s                     ; No                         ; No                         ; 3.08 V                      ; 5.35e-06 V                  ; 3.17 V             ; -0.0592 V          ; 0.248 V                             ; 0.172 V                             ; 4.61e-10 s                 ; 6e-10 s                    ; No                        ; No                        ;
; HEX1[2]      ; 3.3-V LVTTL  ; 0 s                 ; 0 s                 ; 3.08 V                       ; 5.35e-06 V                   ; 3.17 V              ; -0.0587 V           ; 0.248 V                              ; 0.173 V                              ; 4.61e-10 s                  ; 6e-10 s                     ; No                         ; No                         ; 3.08 V                      ; 5.35e-06 V                  ; 3.17 V             ; -0.0587 V          ; 0.248 V                             ; 0.173 V                             ; 4.61e-10 s                 ; 6e-10 s                    ; No                        ; No                        ;
; HEX1[3]      ; 3.3-V LVTTL  ; 0 s                 ; 0 s                 ; 3.08 V                       ; 5.35e-06 V                   ; 3.17 V              ; -0.0592 V           ; 0.248 V                              ; 0.172 V                              ; 4.61e-10 s                  ; 6e-10 s                     ; No                         ; No                         ; 3.08 V                      ; 5.35e-06 V                  ; 3.17 V             ; -0.0592 V          ; 0.248 V                             ; 0.172 V                             ; 4.61e-10 s                 ; 6e-10 s                    ; No                        ; No                        ;
; HEX1[4]      ; 3.3-V LVTTL  ; 0 s                 ; 0 s                 ; 3.08 V                       ; 5.35e-06 V                   ; 3.17 V              ; -0.0587 V           ; 0.248 V                              ; 0.173 V                              ; 4.61e-10 s                  ; 6e-10 s                     ; No                         ; No                         ; 3.08 V                      ; 5.35e-06 V                  ; 3.17 V             ; -0.0587 V          ; 0.248 V                             ; 0.173 V                             ; 4.61e-10 s                 ; 6e-10 s                    ; No                        ; No                        ;
; HEX1[5]      ; 3.3-V LVTTL  ; 0 s                 ; 0 s                 ; 3.08 V                       ; 5.35e-06 V                   ; 3.17 V              ; -0.0592 V           ; 0.248 V                              ; 0.172 V                              ; 4.61e-10 s                  ; 6e-10 s                     ; No                         ; No                         ; 3.08 V                      ; 5.35e-06 V                  ; 3.17 V             ; -0.0592 V          ; 0.248 V                             ; 0.172 V                             ; 4.61e-10 s                 ; 6e-10 s                    ; No                        ; No                        ;
; HEX1[6]      ; 3.3-V LVTTL  ; 0 s                 ; 0 s                 ; 3.08 V                       ; 5.35e-06 V                   ; 3.17 V              ; -0.0587 V           ; 0.248 V                              ; 0.173 V                              ; 4.61e-10 s                  ; 6e-10 s                     ; No                         ; No                         ; 3.08 V                      ; 5.35e-06 V                  ; 3.17 V             ; -0.0587 V          ; 0.248 V                             ; 0.173 V                             ; 4.61e-10 s                 ; 6e-10 s                    ; No                        ; No                        ;
; ~ALTERA_TDO~ ; 2.5 V        ; 0 s                 ; 0 s                 ; 2.32 V                       ; 3.04e-06 V                   ; 2.37 V              ; -0.0115 V           ; 0.13 V                               ; 0.065 V                              ; 6.31e-10 s                  ; 6.45e-10 s                  ; No                         ; Yes                        ; 2.32 V                      ; 3.04e-06 V                  ; 2.37 V             ; -0.0115 V          ; 0.13 V                              ; 0.065 V                             ; 6.31e-10 s                 ; 6.45e-10 s                 ; No                        ; Yes                       ;
+--------------+--------------+---------------------+---------------------+------------------------------+------------------------------+---------------------+---------------------+--------------------------------------+--------------------------------------+-----------------------------+-----------------------------+----------------------------+----------------------------+-----------------------------+-----------------------------+--------------------+--------------------+-------------------------------------+-------------------------------------+----------------------------+----------------------------+---------------------------+---------------------------+


+-------------------------------------------------------------------------------------------------------------------------------------------------------------------------------------------------------------------------------------------------------------------------------------------------------------------------------------------------------------------------------------------------------------------------------------------------------------------------------------------------------------------------------------------------------------------------------------------------------------------------------------------------------------------------------------------+
; Signal Integrity Metrics (Fast 1200mv 0c Model)                                                                                                                                                                                                                                                                                                                                                                                                                                                                                                                                                                                                                                           ;
+--------------+--------------+---------------------+---------------------+------------------------------+------------------------------+---------------------+---------------------+--------------------------------------+--------------------------------------+-----------------------------+-----------------------------+----------------------------+----------------------------+-----------------------------+-----------------------------+--------------------+--------------------+-------------------------------------+-------------------------------------+----------------------------+----------------------------+---------------------------+---------------------------+
; Pin          ; I/O Standard ; Board Delay on Rise ; Board Delay on Fall ; Steady State Voh at FPGA Pin ; Steady State Vol at FPGA Pin ; Voh Max at FPGA Pin ; Vol Min at FPGA Pin ; Ringback Voltage on Rise at FPGA Pin ; Ringback Voltage on Fall at FPGA Pin ; 10-90 Rise Time at FPGA Pin ; 90-10 Fall Time at FPGA Pin ; Monotonic Rise at FPGA Pin ; Monotonic Fall at FPGA Pin ; Steady State Voh at Far-end ; Steady State Vol at Far-end ; Voh Max at Far-end ; Vol Min at Far-end ; Ringback Voltage on Rise at Far-end ; Ringback Voltage on Fall at Far-end ; 10-90 Rise Time at Far-end ; 90-10 Fall Time at Far-end ; Monotonic Rise at Far-end ; Monotonic Fall at Far-end ;
+--------------+--------------+---------------------+---------------------+------------------------------+------------------------------+---------------------+---------------------+--------------------------------------+--------------------------------------+-----------------------------+-----------------------------+----------------------------+----------------------------+-----------------------------+-----------------------------+--------------------+--------------------+-------------------------------------+-------------------------------------+----------------------------+----------------------------+---------------------------+---------------------------+
; HEX0[0]      ; 3.3-V LVTTL  ; 0 s                 ; 0 s                 ; 3.46 V                       ; 5.04e-07 V                   ; 3.64 V              ; -0.0201 V           ; 0.391 V                              ; 0.088 V                              ; 2.79e-10 s                  ; 3.95e-10 s                  ; No                         ; Yes                        ; 3.46 V                      ; 5.04e-07 V                  ; 3.64 V             ; -0.0201 V          ; 0.391 V                             ; 0.088 V                             ; 2.79e-10 s                 ; 3.95e-10 s                 ; No                        ; Yes                       ;
; HEX0[1]      ; 3.3-V LVTTL  ; 0 s                 ; 0 s                 ; 3.46 V                       ; 5.04e-07 V                   ; 3.65 V              ; -0.0209 V           ; 0.391 V                              ; 0.09 V                               ; 2.79e-10 s                  ; 3.95e-10 s                  ; No                         ; Yes                        ; 3.46 V                      ; 5.04e-07 V                  ; 3.65 V             ; -0.0209 V          ; 0.391 V                             ; 0.09 V                              ; 2.79e-10 s                 ; 3.95e-10 s                 ; No                        ; Yes                       ;
; HEX0[2]      ; 3.3-V LVTTL  ; 0 s                 ; 0 s                 ; 3.46 V                       ; 5.04e-07 V                   ; 3.65 V              ; -0.0209 V           ; 0.391 V                              ; 0.09 V                               ; 2.79e-10 s                  ; 3.95e-10 s                  ; No                         ; Yes                        ; 3.46 V                      ; 5.04e-07 V                  ; 3.65 V             ; -0.0209 V          ; 0.391 V                             ; 0.09 V                              ; 2.79e-10 s                 ; 3.95e-10 s                 ; No                        ; Yes                       ;
; HEX0[3]      ; 3.3-V LVTTL  ; 0 s                 ; 0 s                 ; 3.46 V                       ; 5.04e-07 V                   ; 3.64 V              ; -0.0201 V           ; 0.391 V                              ; 0.088 V                              ; 2.79e-10 s                  ; 3.95e-10 s                  ; No                         ; Yes                        ; 3.46 V                      ; 5.04e-07 V                  ; 3.64 V             ; -0.0201 V          ; 0.391 V                             ; 0.088 V                             ; 2.79e-10 s                 ; 3.95e-10 s                 ; No                        ; Yes                       ;
; HEX0[4]      ; 3.3-V LVTTL  ; 0 s                 ; 0 s                 ; 3.46 V                       ; 5.04e-07 V                   ; 3.64 V              ; -0.0201 V           ; 0.391 V                              ; 0.088 V                              ; 2.79e-10 s                  ; 3.95e-10 s                  ; No                         ; Yes                        ; 3.46 V                      ; 5.04e-07 V                  ; 3.64 V             ; -0.0201 V          ; 0.391 V                             ; 0.088 V                             ; 2.79e-10 s                 ; 3.95e-10 s                 ; No                        ; Yes                       ;
; HEX0[5]      ; 3.3-V LVTTL  ; 0 s                 ; 0 s                 ; 3.46 V                       ; 5.04e-07 V                   ; 3.64 V              ; -0.0201 V           ; 0.391 V                              ; 0.088 V                              ; 2.79e-10 s                  ; 3.95e-10 s                  ; No                         ; Yes                        ; 3.46 V                      ; 5.04e-07 V                  ; 3.64 V             ; -0.0201 V          ; 0.391 V                             ; 0.088 V                             ; 2.79e-10 s                 ; 3.95e-10 s                 ; No                        ; Yes                       ;
; HEX0[6]      ; 3.3-V LVTTL  ; 0 s                 ; 0 s                 ; 3.46 V                       ; 5.04e-07 V                   ; 3.65 V              ; -0.0209 V           ; 0.391 V                              ; 0.09 V                               ; 2.79e-10 s                  ; 3.95e-10 s                  ; No                         ; Yes                        ; 3.46 V                      ; 5.04e-07 V                  ; 3.65 V             ; -0.0209 V          ; 0.391 V                             ; 0.09 V                              ; 2.79e-10 s                 ; 3.95e-10 s                 ; No                        ; Yes                       ;
; HEX1[0]      ; 3.3-V LVTTL  ; 0 s                 ; 0 s                 ; 3.46 V                       ; 5.04e-07 V                   ; 3.64 V              ; -0.0201 V           ; 0.391 V                              ; 0.088 V                              ; 2.79e-10 s                  ; 3.95e-10 s                  ; No                         ; Yes                        ; 3.46 V                      ; 5.04e-07 V                  ; 3.64 V             ; -0.0201 V          ; 0.391 V                             ; 0.088 V                             ; 2.79e-10 s                 ; 3.95e-10 s                 ; No                        ; Yes                       ;
; HEX1[1]      ; 3.3-V LVTTL  ; 0 s                 ; 0 s                 ; 3.46 V                       ; 5.04e-07 V                   ; 3.64 V              ; -0.0201 V           ; 0.391 V                              ; 0.088 V                              ; 2.79e-10 s                  ; 3.95e-10 s                  ; No                         ; Yes                        ; 3.46 V                      ; 5.04e-07 V                  ; 3.64 V             ; -0.0201 V          ; 0.391 V                             ; 0.088 V                             ; 2.79e-10 s                 ; 3.95e-10 s                 ; No                        ; Yes                       ;
; HEX1[2]      ; 3.3-V LVTTL  ; 0 s                 ; 0 s                 ; 3.46 V                       ; 5.04e-07 V                   ; 3.65 V              ; -0.0209 V           ; 0.391 V                              ; 0.09 V                               ; 2.79e-10 s                  ; 3.95e-10 s                  ; No                         ; Yes                        ; 3.46 V                      ; 5.04e-07 V                  ; 3.65 V             ; -0.0209 V          ; 0.391 V                             ; 0.09 V                              ; 2.79e-10 s                 ; 3.95e-10 s                 ; No                        ; Yes                       ;
; HEX1[3]      ; 3.3-V LVTTL  ; 0 s                 ; 0 s                 ; 3.46 V                       ; 5.04e-07 V                   ; 3.64 V              ; -0.0201 V           ; 0.391 V                              ; 0.088 V                              ; 2.79e-10 s                  ; 3.95e-10 s                  ; No                         ; Yes                        ; 3.46 V                      ; 5.04e-07 V                  ; 3.64 V             ; -0.0201 V          ; 0.391 V                             ; 0.088 V                             ; 2.79e-10 s                 ; 3.95e-10 s                 ; No                        ; Yes                       ;
; HEX1[4]      ; 3.3-V LVTTL  ; 0 s                 ; 0 s                 ; 3.46 V                       ; 5.04e-07 V                   ; 3.65 V              ; -0.0209 V           ; 0.391 V                              ; 0.09 V                               ; 2.79e-10 s                  ; 3.95e-10 s                  ; No                         ; Yes                        ; 3.46 V                      ; 5.04e-07 V                  ; 3.65 V             ; -0.0209 V          ; 0.391 V                             ; 0.09 V                              ; 2.79e-10 s                 ; 3.95e-10 s                 ; No                        ; Yes                       ;
; HEX1[5]      ; 3.3-V LVTTL  ; 0 s                 ; 0 s                 ; 3.46 V                       ; 5.04e-07 V                   ; 3.64 V              ; -0.0201 V           ; 0.391 V                              ; 0.088 V                              ; 2.79e-10 s                  ; 3.95e-10 s                  ; No                         ; Yes                        ; 3.46 V                      ; 5.04e-07 V                  ; 3.64 V             ; -0.0201 V          ; 0.391 V                             ; 0.088 V                             ; 2.79e-10 s                 ; 3.95e-10 s                 ; No                        ; Yes                       ;
; HEX1[6]      ; 3.3-V LVTTL  ; 0 s                 ; 0 s                 ; 3.46 V                       ; 5.04e-07 V                   ; 3.65 V              ; -0.0209 V           ; 0.391 V                              ; 0.09 V                               ; 2.79e-10 s                  ; 3.95e-10 s                  ; No                         ; Yes                        ; 3.46 V                      ; 5.04e-07 V                  ; 3.65 V             ; -0.0209 V          ; 0.391 V                             ; 0.09 V                              ; 2.79e-10 s                 ; 3.95e-10 s                 ; No                        ; Yes                       ;
; ~ALTERA_TDO~ ; 2.5 V        ; 0 s                 ; 0 s                 ; 2.62 V                       ; 1.68e-07 V                   ; 2.73 V              ; -0.0396 V           ; 0.362 V                              ; 0.108 V                              ; 3.11e-10 s                  ; 4.42e-10 s                  ; No                         ; Yes                        ; 2.62 V                      ; 1.68e-07 V                  ; 2.73 V             ; -0.0396 V          ; 0.362 V                             ; 0.108 V                             ; 3.11e-10 s                 ; 4.42e-10 s                 ; No                        ; Yes                       ;
+--------------+--------------+---------------------+---------------------+------------------------------+------------------------------+---------------------+---------------------+--------------------------------------+--------------------------------------+-----------------------------+-----------------------------+----------------------------+----------------------------+-----------------------------+-----------------------------+--------------------+--------------------+-------------------------------------+-------------------------------------+----------------------------+----------------------------+---------------------------+---------------------------+


+-----------------------------------------------------------------------------------------------+
; Setup Transfers                                                                               ;
+-------------------------+-------------------------+----------+----------+----------+----------+
; From Clock              ; To Clock                ; RR Paths ; FR Paths ; RF Paths ; FF Paths ;
+-------------------------+-------------------------+----------+----------+----------+----------+
; CLOCK_50                ; CLOCK_50                ; 1584     ; 0        ; 0        ; 0        ;
; ClockDivider:u_div|cout ; CLOCK_50                ; 1        ; 1        ; 0        ; 0        ;
; ClockDivider:u_div|cout ; ClockDivider:u_div|cout ; 57       ; 0        ; 0        ; 0        ;
; KEY[0]                  ; ClockDivider:u_div|cout ; 44       ; 21       ; 0        ; 0        ;
; KEY[1]                  ; ClockDivider:u_div|cout ; 0        ; 6        ; 0        ; 0        ;
; KEY[1]                  ; KEY[1]                  ; 0        ; 0        ; 0        ; 1        ;
+-------------------------+-------------------------+----------+----------+----------+----------+
Entries labeled "false path" only account for clock-to-clock false paths and not path-based false paths. As a result, actual path counts may be lower than reported.


+-----------------------------------------------------------------------------------------------+
; Hold Transfers                                                                                ;
+-------------------------+-------------------------+----------+----------+----------+----------+
; From Clock              ; To Clock                ; RR Paths ; FR Paths ; RF Paths ; FF Paths ;
+-------------------------+-------------------------+----------+----------+----------+----------+
; CLOCK_50                ; CLOCK_50                ; 1584     ; 0        ; 0        ; 0        ;
; ClockDivider:u_div|cout ; CLOCK_50                ; 1        ; 1        ; 0        ; 0        ;
; ClockDivider:u_div|cout ; ClockDivider:u_div|cout ; 57       ; 0        ; 0        ; 0        ;
; KEY[0]                  ; ClockDivider:u_div|cout ; 44       ; 21       ; 0        ; 0        ;
; KEY[1]                  ; ClockDivider:u_div|cout ; 0        ; 6        ; 0        ; 0        ;
; KEY[1]                  ; KEY[1]                  ; 0        ; 0        ; 0        ; 1        ;
+-------------------------+-------------------------+----------+----------+----------+----------+
Entries labeled "false path" only account for clock-to-clock false paths and not path-based false paths. As a result, actual path counts may be lower than reported.


+----------------------------------------------------------------------------------+
; Recovery Transfers                                                               ;
+------------+-------------------------+----------+----------+----------+----------+
; From Clock ; To Clock                ; RR Paths ; FR Paths ; RF Paths ; FF Paths ;
+------------+-------------------------+----------+----------+----------+----------+
; KEY[0]     ; ClockDivider:u_div|cout ; 6        ; 6        ; 0        ; 0        ;
+------------+-------------------------+----------+----------+----------+----------+
Entries labeled "false path" only account for clock-to-clock false paths and not path-based false paths. As a result, actual path counts may be lower than reported.


+----------------------------------------------------------------------------------+
; Removal Transfers                                                                ;
+------------+-------------------------+----------+----------+----------+----------+
; From Clock ; To Clock                ; RR Paths ; FR Paths ; RF Paths ; FF Paths ;
+------------+-------------------------+----------+----------+----------+----------+
; KEY[0]     ; ClockDivider:u_div|cout ; 6        ; 6        ; 0        ; 0        ;
+------------+-------------------------+----------+----------+----------+----------+
Entries labeled "false path" only account for clock-to-clock false paths and not path-based false paths. As a result, actual path counts may be lower than reported.


---------------
; Report TCCS ;
---------------
No dedicated SERDES Transmitter circuitry present in device or used in design


---------------
; Report RSKM ;
---------------
No non-DPA dedicated SERDES Receiver circuitry present in device or used in design


+------------------------------------------------+
; Unconstrained Paths Summary                    ;
+---------------------------------+-------+------+
; Property                        ; Setup ; Hold ;
+---------------------------------+-------+------+
; Illegal Clocks                  ; 0     ; 0    ;
; Unconstrained Clocks            ; 0     ; 0    ;
; Unconstrained Input Ports       ; 2     ; 2    ;
; Unconstrained Input Port Paths  ; 33    ; 33   ;
; Unconstrained Output Ports      ; 14    ; 14   ;
; Unconstrained Output Port Paths ; 113   ; 113  ;
+---------------------------------+-------+------+


+------------------------------------------------------------------------+
; Clock Status Summary                                                   ;
+-------------------------+-------------------------+------+-------------+
; Target                  ; Clock                   ; Type ; Status      ;
+-------------------------+-------------------------+------+-------------+
; CLOCK_50                ; CLOCK_50                ; Base ; Constrained ;
; ClockDivider:u_div|cout ; ClockDivider:u_div|cout ; Base ; Constrained ;
; KEY[0]                  ; KEY[0]                  ; Base ; Constrained ;
; KEY[1]                  ; KEY[1]                  ; Base ; Constrained ;
+-------------------------+-------------------------+------+-------------+


+---------------------------------------------------------------------------------------------------+
; Unconstrained Input Ports                                                                         ;
+------------+--------------------------------------------------------------------------------------+
; Input Port ; Comment                                                                              ;
+------------+--------------------------------------------------------------------------------------+
; KEY[0]     ; No input delay, min/max delays, false-path exceptions, or max skew assignments found ;
; SW0        ; No input delay, min/max delays, false-path exceptions, or max skew assignments found ;
+------------+--------------------------------------------------------------------------------------+


+-----------------------------------------------------------------------------------------------------+
; Unconstrained Output Ports                                                                          ;
+-------------+---------------------------------------------------------------------------------------+
; Output Port ; Comment                                                                               ;
+-------------+---------------------------------------------------------------------------------------+
; HEX0[0]     ; No output delay, min/max delays, false-path exceptions, or max skew assignments found ;
; HEX0[1]     ; No output delay, min/max delays, false-path exceptions, or max skew assignments found ;
; HEX0[2]     ; No output delay, min/max delays, false-path exceptions, or max skew assignments found ;
; HEX0[3]     ; No output delay, min/max delays, false-path exceptions, or max skew assignments found ;
; HEX0[4]     ; No output delay, min/max delays, false-path exceptions, or max skew assignments found ;
; HEX0[5]     ; No output delay, min/max delays, false-path exceptions, or max skew assignments found ;
; HEX0[6]     ; No output delay, min/max delays, false-path exceptions, or max skew assignments found ;
; HEX1[0]     ; No output delay, min/max delays, false-path exceptions, or max skew assignments found ;
; HEX1[1]     ; No output delay, min/max delays, false-path exceptions, or max skew assignments found ;
; HEX1[2]     ; No output delay, min/max delays, false-path exceptions, or max skew assignments found ;
; HEX1[3]     ; No output delay, min/max delays, false-path exceptions, or max skew assignments found ;
; HEX1[4]     ; No output delay, min/max delays, false-path exceptions, or max skew assignments found ;
; HEX1[5]     ; No output delay, min/max delays, false-path exceptions, or max skew assignments found ;
; HEX1[6]     ; No output delay, min/max delays, false-path exceptions, or max skew assignments found ;
+-------------+---------------------------------------------------------------------------------------+


+---------------------------------------------------------------------------------------------------+
; Unconstrained Input Ports                                                                         ;
+------------+--------------------------------------------------------------------------------------+
; Input Port ; Comment                                                                              ;
+------------+--------------------------------------------------------------------------------------+
; KEY[0]     ; No input delay, min/max delays, false-path exceptions, or max skew assignments found ;
; SW0        ; No input delay, min/max delays, false-path exceptions, or max skew assignments found ;
+------------+--------------------------------------------------------------------------------------+


+-----------------------------------------------------------------------------------------------------+
; Unconstrained Output Ports                                                                          ;
+-------------+---------------------------------------------------------------------------------------+
; Output Port ; Comment                                                                               ;
+-------------+---------------------------------------------------------------------------------------+
; HEX0[0]     ; No output delay, min/max delays, false-path exceptions, or max skew assignments found ;
; HEX0[1]     ; No output delay, min/max delays, false-path exceptions, or max skew assignments found ;
; HEX0[2]     ; No output delay, min/max delays, false-path exceptions, or max skew assignments found ;
; HEX0[3]     ; No output delay, min/max delays, false-path exceptions, or max skew assignments found ;
; HEX0[4]     ; No output delay, min/max delays, false-path exceptions, or max skew assignments found ;
; HEX0[5]     ; No output delay, min/max delays, false-path exceptions, or max skew assignments found ;
; HEX0[6]     ; No output delay, min/max delays, false-path exceptions, or max skew assignments found ;
; HEX1[0]     ; No output delay, min/max delays, false-path exceptions, or max skew assignments found ;
; HEX1[1]     ; No output delay, min/max delays, false-path exceptions, or max skew assignments found ;
; HEX1[2]     ; No output delay, min/max delays, false-path exceptions, or max skew assignments found ;
; HEX1[3]     ; No output delay, min/max delays, false-path exceptions, or max skew assignments found ;
; HEX1[4]     ; No output delay, min/max delays, false-path exceptions, or max skew assignments found ;
; HEX1[5]     ; No output delay, min/max delays, false-path exceptions, or max skew assignments found ;
; HEX1[6]     ; No output delay, min/max delays, false-path exceptions, or max skew assignments found ;
+-------------+---------------------------------------------------------------------------------------+


+--------------------------+
; Timing Analyzer Messages ;
+--------------------------+
Info: *******************************************************************
Info: Running Quartus Prime Timing Analyzer
    Info: Version 20.1.0 Build 711 06/05/2020 SJ Lite Edition
    Info: Processing started: Mon Nov 17 11:59:32 2025
Info: Command: quartus_sta Lab4 -c Lab4
Info: qsta_default_script.tcl version: #1
Warning (18236): Number of processors has not been specified which may cause overloading on shared machines.  Set the global assignment NUM_PARALLEL_PROCESSORS in your QSF to an appropriate value for best performance.
Info (20030): Parallel compilation is enabled and will use 16 of the 16 processors detected
Info (21077): Low junction temperature is 0 degrees C
Info (21077): High junction temperature is 85 degrees C
Warning (335093): The Timing Analyzer is analyzing 1 combinational loops as latches. For more details, run the Check Timing command in the Timing Analyzer or view the "User-Specified and Inferred Latches" table in the Analysis & Synthesis report.
Critical Warning (332012): Synopsys Design Constraints File file not found: 'Lab4.sdc'. A Synopsys Design Constraints File is required by the Timing Analyzer to get proper timing constraints. Without it, the Compiler will not properly optimize the design.
Info (332142): No user constrained base clocks found in the design. Calling "derive_clocks -period 1.0"
Info (332105): Deriving Clocks
    Info (332105): create_clock -period 1.000 -name ClockDivider:u_div|cout ClockDivider:u_div|cout
    Info (332105): create_clock -period 1.000 -name KEY[1] KEY[1]
    Info (332105): create_clock -period 1.000 -name CLOCK_50 CLOCK_50
    Info (332105): create_clock -period 1.000 -name KEY[0] KEY[0]
Info (332143): No user constrained clock uncertainty found in the design. Calling "derive_clock_uncertainty"
Info (332123): Deriving Clock Uncertainty. Please refer to report_sdc in the Timing Analyzer to see clock uncertainties.
Info: Found TIMING_ANALYZER_REPORT_SCRIPT_INCLUDE_DEFAULT_ANALYSIS = ON
Info: Analyzing Slow 1200mV 85C Model
Info: Can't run Report Timing Closure Recommendations. The current device family is not supported.
Critical Warning (332148): Timing requirements not met
Info (332146): Worst-case setup slack is -3.656
    Info (332119):     Slack       End Point TNS Clock 
    Info (332119): ========= =================== =====================
    Info (332119):    -3.656            -105.680 CLOCK_50 
    Info (332119):    -3.242             -17.465 ClockDivider:u_div|cout 
    Info (332119):     0.341               0.000 KEY[1] 
Info (332146): Worst-case hold slack is -0.040
    Info (332119):     Slack       End Point TNS Clock 
    Info (332119): ========= =================== =====================
    Info (332119):    -0.040              -0.040 CLOCK_50 
    Info (332119):     0.331               0.000 ClockDivider:u_div|cout 
    Info (332119):     0.371               0.000 KEY[1] 
Info (332146): Worst-case recovery slack is -1.955
    Info (332119):     Slack       End Point TNS Clock 
    Info (332119): ========= =================== =====================
    Info (332119):    -1.955             -11.255 ClockDivider:u_div|cout 
Info (332146): Worst-case removal slack is 1.284
    Info (332119):     Slack       End Point TNS Clock 
    Info (332119): ========= =================== =====================
    Info (332119):     1.284               0.000 ClockDivider:u_div|cout 
Info (332146): Worst-case minimum pulse width slack is -3.000
    Info (332119):     Slack       End Point TNS Clock 
    Info (332119): ========= =================== =====================
    Info (332119):    -3.000             -43.326 CLOCK_50 
    Info (332119):    -3.000              -4.222 KEY[1] 
    Info (332119):    -3.000              -3.000 KEY[0] 
    Info (332119):    -1.222              -7.332 ClockDivider:u_div|cout 
Info: Analyzing Slow 1200mV 0C Model
Info (334003): Started post-fitting delay annotation
Warning (334000): Timing characteristics of device 10M50DAF484C6GES are preliminary
Info (334004): Delay annotation completed successfully
Info (332123): Deriving Clock Uncertainty. Please refer to report_sdc in the Timing Analyzer to see clock uncertainties.
Critical Warning (332148): Timing requirements not met
Info (332146): Worst-case setup slack is -3.300
    Info (332119):     Slack       End Point TNS Clock 
    Info (332119): ========= =================== =====================
    Info (332119):    -3.300             -94.933 CLOCK_50 
    Info (332119):    -2.859             -15.427 ClockDivider:u_div|cout 
    Info (332119):     0.397               0.000 KEY[1] 
Info (332146): Worst-case hold slack is -0.027
    Info (332119):     Slack       End Point TNS Clock 
    Info (332119): ========= =================== =====================
    Info (332119):    -0.027              -0.027 CLOCK_50 
    Info (332119):     0.299               0.000 ClockDivider:u_div|cout 
    Info (332119):     0.337               0.000 KEY[1] 
Info (332146): Worst-case recovery slack is -1.745
    Info (332119):     Slack       End Point TNS Clock 
    Info (332119): ========= =================== =====================
    Info (332119):    -1.745             -10.020 ClockDivider:u_div|cout 
Info (332146): Worst-case removal slack is 1.280
    Info (332119):     Slack       End Point TNS Clock 
    Info (332119): ========= =================== =====================
    Info (332119):     1.280               0.000 ClockDivider:u_div|cout 
Info (332146): Worst-case minimum pulse width slack is -3.000
    Info (332119):     Slack       End Point TNS Clock 
    Info (332119): ========= =================== =====================
    Info (332119):    -3.000             -43.326 CLOCK_50 
    Info (332119):    -3.000              -4.222 KEY[1] 
    Info (332119):    -3.000              -3.000 KEY[0] 
    Info (332119):    -1.222              -7.332 ClockDivider:u_div|cout 
Info: Analyzing Fast 1200mV 0C Model
Info (332123): Deriving Clock Uncertainty. Please refer to report_sdc in the Timing Analyzer to see clock uncertainties.
Critical Warning (332148): Timing requirements not met
Info (332146): Worst-case setup slack is -1.359
    Info (332119):     Slack       End Point TNS Clock 
    Info (332119): ========= =================== =====================
    Info (332119):    -1.359              -7.457 ClockDivider:u_div|cout 
    Info (332119):    -1.211             -32.521 CLOCK_50 
    Info (332119):     0.693               0.000 KEY[1] 
Info (332146): Worst-case hold slack is -0.154
    Info (332119):     Slack       End Point TNS Clock 
    Info (332119): ========= =================== =====================
    Info (332119):    -0.154              -0.154 CLOCK_50 
    Info (332119):     0.152               0.000 ClockDivider:u_div|cout 
    Info (332119):     0.169               0.000 KEY[1] 
Info (332146): Worst-case recovery slack is -1.093
    Info (332119):     Slack       End Point TNS Clock 
    Info (332119): ========= =================== =====================
    Info (332119):    -1.093              -6.263 ClockDivider:u_div|cout 
Info (332146): Worst-case removal slack is 0.460
    Info (332119):     Slack       End Point TNS Clock 
    Info (332119): ========= =================== =====================
    Info (332119):     0.460               0.000 ClockDivider:u_div|cout 
Info (332146): Worst-case minimum pulse width slack is -3.000
    Info (332119):     Slack       End Point TNS Clock 
    Info (332119): ========= =================== =====================
    Info (332119):    -3.000             -37.608 CLOCK_50 
    Info (332119):    -3.000              -4.227 KEY[1] 
    Info (332119):    -3.000              -3.040 KEY[0] 
    Info (332119):    -1.000              -6.000 ClockDivider:u_div|cout 
Info (332102): Design is not fully constrained for setup requirements
Info (332102): Design is not fully constrained for hold requirements
Info: Quartus Prime Timing Analyzer was successful. 0 errors, 7 warnings
    Info: Peak virtual memory: 918 megabytes
    Info: Processing ended: Mon Nov 17 11:59:33 2025
    Info: Elapsed time: 00:00:01
    Info: Total CPU time (on all processors): 00:00:01


